Feb 17, 2016 9:40:00 AM org.apache.catalina.core.ApplicationDispatcher invoke
SEVERE: Servlet.service() for servlet jsp threw exception
org.apache.el.parser.ParseException: Encountered " <ILLEGAL_CHARACTER> "{ "" at line 1, column 4.
Was expecting one of:
    "}" ...
    "." ...
    "[" ...
    ">" ...
    "gt" ...
    "<" ...
    "lt" ...
    ">=" ...
    "ge" ...
    "<=" ...
    "le" ...
    "==" ...
    "eq" ...
    "!=" ...
    "ne" ...
    "&&" ...
    "and" ...
    "||" ...
    "or" ...
    "*" ...
    "+" ...
    "-" ...
    "/" ...
    "div" ...
    "%" ...
    "mod" ...
    
	at org.apache.el.parser.ELParser.generateParseException(ELParser.java:2217)
	at org.apache.el.parser.ELParser.jj_consume_token(ELParser.java:2099)
	at org.apache.el.parser.ELParser.DynamicExpression(ELParser.java:150)
	at org.apache.el.parser.ELParser.CompositeExpression(ELParser.java:46)
	at org.apache.el.lang.ExpressionBuilder.createNodeInternal(ExpressionBuilder.java:115)
	at org.apache.el.lang.ExpressionBuilder.build(ExpressionBuilder.java:172)
	at org.apache.el.lang.ExpressionBuilder.createValueExpression(ExpressionBuilder.java:217)
	at org.apache.el.ExpressionFactoryImpl.createValueExpression(ExpressionFactoryImpl.java:67)
	at org.apache.jasper.runtime.PageContextImpl.proprietaryEvaluate(PageContextImpl.java:985)
	at org.apache.jsp.prijateljiUpdate_jsp._jspx_meth_c_005fforEach_005f0(prijateljiUpdate_jsp.java:277)
	at org.apache.jsp.prijateljiUpdate_jsp._jspService(prijateljiUpdate_jsp.java:150)
	at org.apache.jasper.runtime.HttpJspBase.service(HttpJspBase.java:70)
	at javax.servlet.http.HttpServlet.service(HttpServlet.java:722)
	at org.apache.jasper.servlet.JspServletWrapper.service(JspServletWrapper.java:432)
	at org.apache.jasper.servlet.JspServlet.serviceJspFile(JspServlet.java:390)
	at org.apache.jasper.servlet.JspServlet.service(JspServlet.java:334)
	at javax.servlet.http.HttpServlet.service(HttpServlet.java:722)
	at org.apache.catalina.core.ApplicationFilterChain.internalDoFilter(ApplicationFilterChain.java:305)
	at org.apache.catalina.core.ApplicationFilterChain.doFilter(ApplicationFilterChain.java:210)
	at org.apache.catalina.core.ApplicationDispatcher.invoke(ApplicationDispatcher.java:749)
	at org.apache.catalina.core.ApplicationDispatcher.processRequest(ApplicationDispatcher.java:487)
	at org.apache.catalina.core.ApplicationDispatcher.doForward(ApplicationDispatcher.java:412)
	at org.apache.catalina.core.ApplicationDispatcher.forward(ApplicationDispatcher.java:339)
	at rs.ac.uns.ftn.informatika.mbs2.vezbe09.primer01.server.servlet.PrijateljiReadController.doGet(PrijateljiReadController.java:83)
	at javax.servlet.http.HttpServlet.service(HttpServlet.java:621)
	at javax.servlet.http.HttpServlet.service(HttpServlet.java:722)
	at org.apache.catalina.core.ApplicationFilterChain.internalDoFilter(ApplicationFilterChain.java:305)
	at org.apache.catalina.core.ApplicationFilterChain.doFilter(ApplicationFilterChain.java:210)
	at org.apache.catalina.core.StandardWrapperValve.invoke(StandardWrapperValve.java:222)
	at org.apache.catalina.core.StandardContextValve.invoke(StandardContextValve.java:123)
	at org.apache.tomee.catalina.OpenEJBValve.invoke(OpenEJBValve.java:45)
	at org.apache.catalina.authenticator.AuthenticatorBase.invoke(AuthenticatorBase.java:472)
	at org.apache.catalina.core.StandardHostValve.invoke(StandardHostValve.java:168)
	at org.apache.catalina.valves.ErrorReportValve.invoke(ErrorReportValve.java:99)
	at org.apache.catalina.valves.AccessLogValve.invoke(AccessLogValve.java:929)
	at org.apache.catalina.core.StandardEngineValve.invoke(StandardEngineValve.java:118)
	at org.apache.catalina.connector.CoyoteAdapter.service(CoyoteAdapter.java:407)
	at org.apache.coyote.http11.AbstractHttp11Processor.process(AbstractHttp11Processor.java:1002)
	at org.apache.coyote.AbstractProtocol$AbstractConnectionHandler.process(AbstractProtocol.java:585)
	at org.apache.tomcat.util.net.JIoEndpoint$SocketProcessor.run(JIoEndpoint.java:310)
	at java.util.concurrent.ThreadPoolExecutor.runWorker(ThreadPoolExecutor.java:1145)
	at java.util.concurrent.ThreadPoolExecutor$Worker.run(ThreadPoolExecutor.java:615)
	at java.lang.Thread.run(Thread.java:745)

Feb 17, 2016 9:40:00 AM org.apache.catalina.core.StandardWrapperValve invoke
SEVERE: Servlet.service() for servlet [PrijateljiReadController] in context with path [/Vezbe09] threw exception [javax.el.ELException: Failed to parse the expression [${${listaPoseta[loop.index]}]] with root cause
org.apache.el.parser.ParseException: Encountered " <ILLEGAL_CHARACTER> "{ "" at line 1, column 4.
Was expecting one of:
    "}" ...
    "." ...
    "[" ...
    ">" ...
    "gt" ...
    "<" ...
    "lt" ...
    ">=" ...
    "ge" ...
    "<=" ...
    "le" ...
    "==" ...
    "eq" ...
    "!=" ...
    "ne" ...
    "&&" ...
    "and" ...
    "||" ...
    "or" ...
    "*" ...
    "+" ...
    "-" ...
    "/" ...
    "div" ...
    "%" ...
    "mod" ...
    
	at org.apache.el.parser.ELParser.generateParseException(ELParser.java:2217)
	at org.apache.el.parser.ELParser.jj_consume_token(ELParser.java:2099)
	at org.apache.el.parser.ELParser.DynamicExpression(ELParser.java:150)
	at org.apache.el.parser.ELParser.CompositeExpression(ELParser.java:46)
	at org.apache.el.lang.ExpressionBuilder.createNodeInternal(ExpressionBuilder.java:115)
	at org.apache.el.lang.ExpressionBuilder.build(ExpressionBuilder.java:172)
	at org.apache.el.lang.ExpressionBuilder.createValueExpression(ExpressionBuilder.java:217)
	at org.apache.el.ExpressionFactoryImpl.createValueExpression(ExpressionFactoryImpl.java:67)
	at org.apache.jasper.runtime.PageContextImpl.proprietaryEvaluate(PageContextImpl.java:985)
	at org.apache.jsp.prijateljiUpdate_jsp._jspx_meth_c_005fforEach_005f0(prijateljiUpdate_jsp.java:277)
	at org.apache.jsp.prijateljiUpdate_jsp._jspService(prijateljiUpdate_jsp.java:150)
	at org.apache.jasper.runtime.HttpJspBase.service(HttpJspBase.java:70)
	at javax.servlet.http.HttpServlet.service(HttpServlet.java:722)
	at org.apache.jasper.servlet.JspServletWrapper.service(JspServletWrapper.java:432)
	at org.apache.jasper.servlet.JspServlet.serviceJspFile(JspServlet.java:390)
	at org.apache.jasper.servlet.JspServlet.service(JspServlet.java:334)
	at javax.servlet.http.HttpServlet.service(HttpServlet.java:722)
	at org.apache.catalina.core.ApplicationFilterChain.internalDoFilter(ApplicationFilterChain.java:305)
	at org.apache.catalina.core.ApplicationFilterChain.doFilter(ApplicationFilterChain.java:210)
	at org.apache.catalina.core.ApplicationDispatcher.invoke(ApplicationDispatcher.java:749)
	at org.apache.catalina.core.ApplicationDispatcher.processRequest(ApplicationDispatcher.java:487)
	at org.apache.catalina.core.ApplicationDispatcher.doForward(ApplicationDispatcher.java:412)
	at org.apache.catalina.core.ApplicationDispatcher.forward(ApplicationDispatcher.java:339)
	at rs.ac.uns.ftn.informatika.mbs2.vezbe09.primer01.server.servlet.PrijateljiReadController.doGet(PrijateljiReadController.java:83)
	at javax.servlet.http.HttpServlet.service(HttpServlet.java:621)
	at javax.servlet.http.HttpServlet.service(HttpServlet.java:722)
	at org.apache.catalina.core.ApplicationFilterChain.internalDoFilter(ApplicationFilterChain.java:305)
	at org.apache.catalina.core.ApplicationFilterChain.doFilter(ApplicationFilterChain.java:210)
	at org.apache.catalina.core.StandardWrapperValve.invoke(StandardWrapperValve.java:222)
	at org.apache.catalina.core.StandardContextValve.invoke(StandardContextValve.java:123)
	at org.apache.tomee.catalina.OpenEJBValve.invoke(OpenEJBValve.java:45)
	at org.apache.catalina.authenticator.AuthenticatorBase.invoke(AuthenticatorBase.java:472)
	at org.apache.catalina.core.StandardHostValve.invoke(StandardHostValve.java:168)
	at org.apache.catalina.valves.ErrorReportValve.invoke(ErrorReportValve.java:99)
	at org.apache.catalina.valves.AccessLogValve.invoke(AccessLogValve.java:929)
	at org.apache.catalina.core.StandardEngineValve.invoke(StandardEngineValve.java:118)
	at org.apache.catalina.connector.CoyoteAdapter.service(CoyoteAdapter.java:407)
	at org.apache.coyote.http11.AbstractHttp11Processor.process(AbstractHttp11Processor.java:1002)
	at org.apache.coyote.AbstractProtocol$AbstractConnectionHandler.process(AbstractProtocol.java:585)
	at org.apache.tomcat.util.net.JIoEndpoint$SocketProcessor.run(JIoEndpoint.java:310)
	at java.util.concurrent.ThreadPoolExecutor.runWorker(ThreadPoolExecutor.java:1145)
	at java.util.concurrent.ThreadPoolExecutor$Worker.run(ThreadPoolExecutor.java:615)
	at java.lang.Thread.run(Thread.java:745)

Feb 17, 2016 12:30:11 PM org.apache.catalina.core.StandardWrapperValve invoke
SEVERE: Servlet.service() for servlet [RestoraniPosetilacController] in context with path [/Vezbe09] threw exception
javax.ejb.EJBException: The bean encountered a non-application exception; nested exception is: 
	javax.persistence.NoResultException: Query "SELECT p FROM Prijatelji p WHERE (p.idKor1 = :korisnik1 AND p.idKor2 = :korisnik2) OR (p.idKor2 = :korisnik1 AND p.idKor1 = :korisnik2)" selected no result, but expected unique result.
	at org.apache.openejb.core.ivm.BaseEjbProxyHandler.convertException(BaseEjbProxyHandler.java:363)
	at org.apache.openejb.core.ivm.BaseEjbProxyHandler.invoke(BaseEjbProxyHandler.java:283)
	at com.sun.proxy.$Proxy77.checkIfPrijatelji(Unknown Source)
	at rs.ac.uns.ftn.informatika.mbs2.vezbe09.primer01.server.servlet.RestoraniPosetilacController.doGet(RestoraniPosetilacController.java:63)
	at javax.servlet.http.HttpServlet.service(HttpServlet.java:621)
	at javax.servlet.http.HttpServlet.service(HttpServlet.java:722)
	at org.apache.catalina.core.ApplicationFilterChain.internalDoFilter(ApplicationFilterChain.java:305)
	at org.apache.catalina.core.ApplicationFilterChain.doFilter(ApplicationFilterChain.java:210)
	at org.apache.catalina.core.StandardWrapperValve.invoke(StandardWrapperValve.java:222)
	at org.apache.catalina.core.StandardContextValve.invoke(StandardContextValve.java:123)
	at org.apache.tomee.catalina.OpenEJBValve.invoke(OpenEJBValve.java:45)
	at org.apache.catalina.authenticator.AuthenticatorBase.invoke(AuthenticatorBase.java:472)
	at org.apache.catalina.core.StandardHostValve.invoke(StandardHostValve.java:168)
	at org.apache.catalina.valves.ErrorReportValve.invoke(ErrorReportValve.java:99)
	at org.apache.catalina.valves.AccessLogValve.invoke(AccessLogValve.java:929)
	at org.apache.catalina.core.StandardEngineValve.invoke(StandardEngineValve.java:118)
	at org.apache.catalina.connector.CoyoteAdapter.service(CoyoteAdapter.java:407)
	at org.apache.coyote.http11.AbstractHttp11Processor.process(AbstractHttp11Processor.java:1002)
	at org.apache.coyote.AbstractProtocol$AbstractConnectionHandler.process(AbstractProtocol.java:585)
	at org.apache.tomcat.util.net.JIoEndpoint$SocketProcessor.run(JIoEndpoint.java:310)
	at java.util.concurrent.ThreadPoolExecutor.runWorker(ThreadPoolExecutor.java:1145)
	at java.util.concurrent.ThreadPoolExecutor$Worker.run(ThreadPoolExecutor.java:615)
	at java.lang.Thread.run(Thread.java:745)
Caused by: javax.persistence.NoResultException: Query "SELECT p FROM Prijatelji p WHERE (p.idKor1 = :korisnik1 AND p.idKor2 = :korisnik2) OR (p.idKor2 = :korisnik1 AND p.idKor1 = :korisnik2)" selected no result, but expected unique result.
	at org.apache.openjpa.persistence.QueryImpl.getSingleResult(QueryImpl.java:332)
	at rs.ac.uns.ftn.informatika.mbs2.vezbe09.primer01.server.session.PrijateljiDaoBean.checkIfPrijatelji(PrijateljiDaoBean.java:39)
	at sun.reflect.NativeMethodAccessorImpl.invoke0(Native Method)
	at sun.reflect.NativeMethodAccessorImpl.invoke(NativeMethodAccessorImpl.java:57)
	at sun.reflect.DelegatingMethodAccessorImpl.invoke(DelegatingMethodAccessorImpl.java:43)
	at java.lang.reflect.Method.invoke(Method.java:606)
	at org.apache.openejb.core.interceptor.ReflectionInvocationContext$Invocation.invoke(ReflectionInvocationContext.java:181)
	at org.apache.openejb.core.interceptor.ReflectionInvocationContext.proceed(ReflectionInvocationContext.java:163)
	at org.apache.openejb.cdi.CdiInterceptor.invoke(CdiInterceptor.java:128)
	at org.apache.openejb.cdi.CdiInterceptor.access$000(CdiInterceptor.java:43)
	at org.apache.openejb.cdi.CdiInterceptor$1.call(CdiInterceptor.java:64)
	at org.apache.openejb.cdi.CdiInterceptor.aroundInvoke(CdiInterceptor.java:70)
	at sun.reflect.GeneratedMethodAccessor61.invoke(Unknown Source)
	at sun.reflect.DelegatingMethodAccessorImpl.invoke(DelegatingMethodAccessorImpl.java:43)
	at java.lang.reflect.Method.invoke(Method.java:606)
	at org.apache.openejb.core.interceptor.ReflectionInvocationContext$Invocation.invoke(ReflectionInvocationContext.java:181)
	at org.apache.openejb.core.interceptor.ReflectionInvocationContext.proceed(ReflectionInvocationContext.java:163)
	at org.apache.openejb.monitoring.StatsInterceptor.record(StatsInterceptor.java:176)
	at org.apache.openejb.monitoring.StatsInterceptor.invoke(StatsInterceptor.java:95)
	at sun.reflect.GeneratedMethodAccessor60.invoke(Unknown Source)
	at sun.reflect.DelegatingMethodAccessorImpl.invoke(DelegatingMethodAccessorImpl.java:43)
	at java.lang.reflect.Method.invoke(Method.java:606)
	at org.apache.openejb.core.interceptor.ReflectionInvocationContext$Invocation.invoke(ReflectionInvocationContext.java:181)
	at org.apache.openejb.core.interceptor.ReflectionInvocationContext.proceed(ReflectionInvocationContext.java:163)
	at org.apache.openejb.core.interceptor.InterceptorStack.invoke(InterceptorStack.java:138)
	at org.apache.openejb.core.stateless.StatelessContainer._invoke(StatelessContainer.java:237)
	at org.apache.openejb.core.stateless.StatelessContainer.invoke(StatelessContainer.java:189)
	at org.apache.openejb.core.ivm.EjbObjectProxyHandler.synchronizedBusinessMethod(EjbObjectProxyHandler.java:253)
	at org.apache.openejb.core.ivm.EjbObjectProxyHandler.businessMethod(EjbObjectProxyHandler.java:248)
	at org.apache.openejb.core.ivm.EjbObjectProxyHandler._invoke(EjbObjectProxyHandler.java:92)
	at org.apache.openejb.core.ivm.BaseEjbProxyHandler.invoke(BaseEjbProxyHandler.java:279)
	... 21 more

Feb 17, 2016 2:18:46 PM org.apache.catalina.core.StandardWrapperValve invoke
SEVERE: Servlet.service() for servlet [PosetePosetilacController] in context with path [/Vezbe09] threw exception
javax.ejb.EJBException: The bean encountered a non-application exception; nested exception is: 
	<openjpa-2.2.0-r422266:1244990 fatal user error> org.apache.openjpa.persistence.ArgumentException: There is no query with the name "findPosetiociRezervacije" defined for any of the known persistent classes: [rs.ac.uns.ftn.informatika.mbs2.vezbe09.primer01.server.entity.Jelovnik, rs.ac.uns.ftn.informatika.mbs2.vezbe09.primer01.server.entity.Prijatelji, rs.ac.uns.ftn.informatika.mbs2.vezbe09.primer01.server.entity.Menjac, rs.ac.uns.ftn.informatika.mbs2.vezbe09.primer01.server.entity.PozivPrijatelja, rs.ac.uns.ftn.informatika.mbs2.vezbe09.primer01.server.entity.Sto, rs.ac.uns.ftn.informatika.mbs2.vezbe09.primer01.server.entity.OcenaPrijatelja, rs.ac.uns.ftn.informatika.mbs2.vezbe09.primer01.server.entity.Restoran, rs.ac.uns.ftn.informatika.mbs2.vezbe09.primer01.server.entity.Gorivo, rs.ac.uns.ftn.informatika.mbs2.vezbe09.primer01.server.entity.UlogaKorisnika, rs.ac.uns.ftn.informatika.mbs2.vezbe09.primer01.server.entity.Korisnik, rs.ac.uns.ftn.informatika.mbs2.vezbe09.primer01.server.entity.Rezervacija, rs.ac.uns.ftn.informatika.mbs2.vezbe09.primer01.server.entity.Vozilo, rs.ac.uns.ftn.informatika.mbs2.vezbe09.primer01.server.entity.Jelo, rs.ac.uns.ftn.informatika.mbs2.vezbe09.primer01.server.entity.StavkaJelovnika].
	at org.apache.openejb.core.ivm.BaseEjbProxyHandler.convertException(BaseEjbProxyHandler.java:363)
	at org.apache.openejb.core.ivm.BaseEjbProxyHandler.invoke(BaseEjbProxyHandler.java:283)
	at com.sun.proxy.$Proxy79.findDrugiPosetiociRezervacije(Unknown Source)
	at rs.ac.uns.ftn.informatika.mbs2.vezbe09.primer01.server.servlet.PosetePosetilacController.doGet(PosetePosetilacController.java:64)
	at javax.servlet.http.HttpServlet.service(HttpServlet.java:621)
	at javax.servlet.http.HttpServlet.service(HttpServlet.java:722)
	at org.apache.catalina.core.ApplicationFilterChain.internalDoFilter(ApplicationFilterChain.java:305)
	at org.apache.catalina.core.ApplicationFilterChain.doFilter(ApplicationFilterChain.java:210)
	at org.apache.catalina.core.StandardWrapperValve.invoke(StandardWrapperValve.java:222)
	at org.apache.catalina.core.StandardContextValve.invoke(StandardContextValve.java:123)
	at org.apache.tomee.catalina.OpenEJBValve.invoke(OpenEJBValve.java:45)
	at org.apache.catalina.authenticator.AuthenticatorBase.invoke(AuthenticatorBase.java:472)
	at org.apache.catalina.core.StandardHostValve.invoke(StandardHostValve.java:168)
	at org.apache.catalina.valves.ErrorReportValve.invoke(ErrorReportValve.java:99)
	at org.apache.catalina.valves.AccessLogValve.invoke(AccessLogValve.java:929)
	at org.apache.catalina.core.StandardEngineValve.invoke(StandardEngineValve.java:118)
	at org.apache.catalina.connector.CoyoteAdapter.service(CoyoteAdapter.java:407)
	at org.apache.coyote.http11.AbstractHttp11Processor.process(AbstractHttp11Processor.java:1002)
	at org.apache.coyote.AbstractProtocol$AbstractConnectionHandler.process(AbstractProtocol.java:585)
	at org.apache.tomcat.util.net.JIoEndpoint$SocketProcessor.run(JIoEndpoint.java:310)
	at java.util.concurrent.ThreadPoolExecutor.runWorker(ThreadPoolExecutor.java:1145)
	at java.util.concurrent.ThreadPoolExecutor$Worker.run(ThreadPoolExecutor.java:615)
	at java.lang.Thread.run(Thread.java:745)
Caused by: <openjpa-2.2.0-r422266:1244990 fatal user error> org.apache.openjpa.persistence.ArgumentException: There is no query with the name "findPosetiociRezervacije" defined for any of the known persistent classes: [rs.ac.uns.ftn.informatika.mbs2.vezbe09.primer01.server.entity.Jelovnik, rs.ac.uns.ftn.informatika.mbs2.vezbe09.primer01.server.entity.Prijatelji, rs.ac.uns.ftn.informatika.mbs2.vezbe09.primer01.server.entity.Menjac, rs.ac.uns.ftn.informatika.mbs2.vezbe09.primer01.server.entity.PozivPrijatelja, rs.ac.uns.ftn.informatika.mbs2.vezbe09.primer01.server.entity.Sto, rs.ac.uns.ftn.informatika.mbs2.vezbe09.primer01.server.entity.OcenaPrijatelja, rs.ac.uns.ftn.informatika.mbs2.vezbe09.primer01.server.entity.Restoran, rs.ac.uns.ftn.informatika.mbs2.vezbe09.primer01.server.entity.Gorivo, rs.ac.uns.ftn.informatika.mbs2.vezbe09.primer01.server.entity.UlogaKorisnika, rs.ac.uns.ftn.informatika.mbs2.vezbe09.primer01.server.entity.Korisnik, rs.ac.uns.ftn.informatika.mbs2.vezbe09.primer01.server.entity.Rezervacija, rs.ac.uns.ftn.informatika.mbs2.vezbe09.primer01.server.entity.Vozilo, rs.ac.uns.ftn.informatika.mbs2.vezbe09.primer01.server.entity.Jelo, rs.ac.uns.ftn.informatika.mbs2.vezbe09.primer01.server.entity.StavkaJelovnika].
	at org.apache.openjpa.meta.MetaDataRepository.getQueryMetaDataInternal(MetaDataRepository.java:1938)
	at org.apache.openjpa.meta.MetaDataRepository.getQueryMetaData(MetaDataRepository.java:1919)
	at org.apache.openjpa.persistence.EntityManagerImpl.createNamedQuery(EntityManagerImpl.java:1024)
	at org.apache.openjpa.persistence.EntityManagerImpl.createNamedQuery(EntityManagerImpl.java:102)
	at org.apache.openejb.persistence.JtaEntityManager.createNamedQuery(JtaEntityManager.java:274)
	at rs.ac.uns.ftn.informatika.mbs2.vezbe09.primer01.server.session.PozivPrijateljaDaoBean.findDrugiPosetiociRezervacije(PozivPrijateljaDaoBean.java:61)
	at sun.reflect.NativeMethodAccessorImpl.invoke0(Native Method)
	at sun.reflect.NativeMethodAccessorImpl.invoke(NativeMethodAccessorImpl.java:57)
	at sun.reflect.DelegatingMethodAccessorImpl.invoke(DelegatingMethodAccessorImpl.java:43)
	at java.lang.reflect.Method.invoke(Method.java:606)
	at org.apache.openejb.core.interceptor.ReflectionInvocationContext$Invocation.invoke(ReflectionInvocationContext.java:181)
	at org.apache.openejb.core.interceptor.ReflectionInvocationContext.proceed(ReflectionInvocationContext.java:163)
	at org.apache.openejb.cdi.CdiInterceptor.invoke(CdiInterceptor.java:128)
	at org.apache.openejb.cdi.CdiInterceptor.access$000(CdiInterceptor.java:43)
	at org.apache.openejb.cdi.CdiInterceptor$1.call(CdiInterceptor.java:64)
	at org.apache.openejb.cdi.CdiInterceptor.aroundInvoke(CdiInterceptor.java:70)
	at sun.reflect.GeneratedMethodAccessor65.invoke(Unknown Source)
	at sun.reflect.DelegatingMethodAccessorImpl.invoke(DelegatingMethodAccessorImpl.java:43)
	at java.lang.reflect.Method.invoke(Method.java:606)
	at org.apache.openejb.core.interceptor.ReflectionInvocationContext$Invocation.invoke(ReflectionInvocationContext.java:181)
	at org.apache.openejb.core.interceptor.ReflectionInvocationContext.proceed(ReflectionInvocationContext.java:163)
	at org.apache.openejb.monitoring.StatsInterceptor.record(StatsInterceptor.java:176)
	at org.apache.openejb.monitoring.StatsInterceptor.invoke(StatsInterceptor.java:95)
	at sun.reflect.GeneratedMethodAccessor64.invoke(Unknown Source)
	at sun.reflect.DelegatingMethodAccessorImpl.invoke(DelegatingMethodAccessorImpl.java:43)
	at java.lang.reflect.Method.invoke(Method.java:606)
	at org.apache.openejb.core.interceptor.ReflectionInvocationContext$Invocation.invoke(ReflectionInvocationContext.java:181)
	at org.apache.openejb.core.interceptor.ReflectionInvocationContext.proceed(ReflectionInvocationContext.java:163)
	at org.apache.openejb.core.interceptor.InterceptorStack.invoke(InterceptorStack.java:138)
	at org.apache.openejb.core.stateless.StatelessContainer._invoke(StatelessContainer.java:237)
	at org.apache.openejb.core.stateless.StatelessContainer.invoke(StatelessContainer.java:189)
	at org.apache.openejb.core.ivm.EjbObjectProxyHandler.synchronizedBusinessMethod(EjbObjectProxyHandler.java:253)
	at org.apache.openejb.core.ivm.EjbObjectProxyHandler.businessMethod(EjbObjectProxyHandler.java:248)
	at org.apache.openejb.core.ivm.EjbObjectProxyHandler._invoke(EjbObjectProxyHandler.java:92)
	at org.apache.openejb.core.ivm.BaseEjbProxyHandler.invoke(BaseEjbProxyHandler.java:279)
	... 21 more

Feb 17, 2016 8:30:58 PM org.apache.catalina.core.ApplicationDispatcher invoke
SEVERE: Servlet.service() for servlet jsp threw exception
javax.el.PropertyNotFoundException: Property '3' not found on type java.lang.String
	at javax.el.BeanELResolver$BeanProperties.get(BeanELResolver.java:195)
	at javax.el.BeanELResolver$BeanProperties.access$400(BeanELResolver.java:172)
	at javax.el.BeanELResolver.property(BeanELResolver.java:281)
	at javax.el.BeanELResolver.getValue(BeanELResolver.java:62)
	at javax.el.CompositeELResolver.getValue(CompositeELResolver.java:58)
	at org.apache.el.parser.AstValue.getValue(AstValue.java:183)
	at org.apache.el.ValueExpressionImpl.getValue(ValueExpressionImpl.java:185)
	at org.apache.jasper.runtime.PageContextImpl.proprietaryEvaluate(PageContextImpl.java:986)
	at org.apache.jsp.rezervacijaKorak2_jsp._jspx_meth_c_005fif_005f2(rezervacijaKorak2_jsp.java:490)
	at org.apache.jsp.rezervacijaKorak2_jsp._jspx_meth_c_005fif_005f1(rezervacijaKorak2_jsp.java:432)
	at org.apache.jsp.rezervacijaKorak2_jsp._jspx_meth_c_005fforEach_005f2(rezervacijaKorak2_jsp.java:389)
	at org.apache.jsp.rezervacijaKorak2_jsp._jspx_meth_c_005fforEach_005f1(rezervacijaKorak2_jsp.java:319)
	at org.apache.jsp.rezervacijaKorak2_jsp._jspx_meth_c_005fforEach_005f0(rezervacijaKorak2_jsp.java:269)
	at org.apache.jsp.rezervacijaKorak2_jsp._jspService(rezervacijaKorak2_jsp.java:166)
	at org.apache.jasper.runtime.HttpJspBase.service(HttpJspBase.java:70)
	at javax.servlet.http.HttpServlet.service(HttpServlet.java:722)
	at org.apache.jasper.servlet.JspServletWrapper.service(JspServletWrapper.java:432)
	at org.apache.jasper.servlet.JspServlet.serviceJspFile(JspServlet.java:390)
	at org.apache.jasper.servlet.JspServlet.service(JspServlet.java:334)
	at javax.servlet.http.HttpServlet.service(HttpServlet.java:722)
	at org.apache.catalina.core.ApplicationFilterChain.internalDoFilter(ApplicationFilterChain.java:305)
	at org.apache.catalina.core.ApplicationFilterChain.doFilter(ApplicationFilterChain.java:210)
	at org.apache.catalina.core.ApplicationDispatcher.invoke(ApplicationDispatcher.java:749)
	at org.apache.catalina.core.ApplicationDispatcher.processRequest(ApplicationDispatcher.java:487)
	at org.apache.catalina.core.ApplicationDispatcher.doForward(ApplicationDispatcher.java:412)
	at org.apache.catalina.core.ApplicationDispatcher.forward(ApplicationDispatcher.java:339)
	at rs.ac.uns.ftn.informatika.mbs2.vezbe09.primer01.server.servlet.RezervacijaKorak2Controller.doGet(RezervacijaKorak2Controller.java:140)
	at rs.ac.uns.ftn.informatika.mbs2.vezbe09.primer01.server.servlet.RezervacijaKorak2Controller.doPost(RezervacijaKorak2Controller.java:153)
	at javax.servlet.http.HttpServlet.service(HttpServlet.java:641)
	at javax.servlet.http.HttpServlet.service(HttpServlet.java:722)
	at org.apache.catalina.core.ApplicationFilterChain.internalDoFilter(ApplicationFilterChain.java:305)
	at org.apache.catalina.core.ApplicationFilterChain.doFilter(ApplicationFilterChain.java:210)
	at org.apache.catalina.core.StandardWrapperValve.invoke(StandardWrapperValve.java:222)
	at org.apache.catalina.core.StandardContextValve.invoke(StandardContextValve.java:123)
	at org.apache.tomee.catalina.OpenEJBValve.invoke(OpenEJBValve.java:45)
	at org.apache.catalina.authenticator.AuthenticatorBase.invoke(AuthenticatorBase.java:472)
	at org.apache.catalina.core.StandardHostValve.invoke(StandardHostValve.java:168)
	at org.apache.catalina.valves.ErrorReportValve.invoke(ErrorReportValve.java:99)
	at org.apache.catalina.valves.AccessLogValve.invoke(AccessLogValve.java:929)
	at org.apache.catalina.core.StandardEngineValve.invoke(StandardEngineValve.java:118)
	at org.apache.catalina.connector.CoyoteAdapter.service(CoyoteAdapter.java:407)
	at org.apache.coyote.http11.AbstractHttp11Processor.process(AbstractHttp11Processor.java:1002)
	at org.apache.coyote.AbstractProtocol$AbstractConnectionHandler.process(AbstractProtocol.java:585)
	at org.apache.tomcat.util.net.JIoEndpoint$SocketProcessor.run(JIoEndpoint.java:310)
	at java.util.concurrent.ThreadPoolExecutor.runWorker(ThreadPoolExecutor.java:1145)
	at java.util.concurrent.ThreadPoolExecutor$Worker.run(ThreadPoolExecutor.java:615)
	at java.lang.Thread.run(Thread.java:745)

Feb 17, 2016 8:30:58 PM org.apache.catalina.core.StandardWrapperValve invoke
SEVERE: Servlet.service() for servlet [RezervacijaKorak2Controller] in context with path [/Vezbe09] threw exception [javax.el.PropertyNotFoundException: Property '3' not found on type java.lang.String] with root cause
javax.el.PropertyNotFoundException: Property '3' not found on type java.lang.String
	at javax.el.BeanELResolver$BeanProperties.get(BeanELResolver.java:195)
	at javax.el.BeanELResolver$BeanProperties.access$400(BeanELResolver.java:172)
	at javax.el.BeanELResolver.property(BeanELResolver.java:281)
	at javax.el.BeanELResolver.getValue(BeanELResolver.java:62)
	at javax.el.CompositeELResolver.getValue(CompositeELResolver.java:58)
	at org.apache.el.parser.AstValue.getValue(AstValue.java:183)
	at org.apache.el.ValueExpressionImpl.getValue(ValueExpressionImpl.java:185)
	at org.apache.jasper.runtime.PageContextImpl.proprietaryEvaluate(PageContextImpl.java:986)
	at org.apache.jsp.rezervacijaKorak2_jsp._jspx_meth_c_005fif_005f2(rezervacijaKorak2_jsp.java:490)
	at org.apache.jsp.rezervacijaKorak2_jsp._jspx_meth_c_005fif_005f1(rezervacijaKorak2_jsp.java:432)
	at org.apache.jsp.rezervacijaKorak2_jsp._jspx_meth_c_005fforEach_005f2(rezervacijaKorak2_jsp.java:389)
	at org.apache.jsp.rezervacijaKorak2_jsp._jspx_meth_c_005fforEach_005f1(rezervacijaKorak2_jsp.java:319)
	at org.apache.jsp.rezervacijaKorak2_jsp._jspx_meth_c_005fforEach_005f0(rezervacijaKorak2_jsp.java:269)
	at org.apache.jsp.rezervacijaKorak2_jsp._jspService(rezervacijaKorak2_jsp.java:166)
	at org.apache.jasper.runtime.HttpJspBase.service(HttpJspBase.java:70)
	at javax.servlet.http.HttpServlet.service(HttpServlet.java:722)
	at org.apache.jasper.servlet.JspServletWrapper.service(JspServletWrapper.java:432)
	at org.apache.jasper.servlet.JspServlet.serviceJspFile(JspServlet.java:390)
	at org.apache.jasper.servlet.JspServlet.service(JspServlet.java:334)
	at javax.servlet.http.HttpServlet.service(HttpServlet.java:722)
	at org.apache.catalina.core.ApplicationFilterChain.internalDoFilter(ApplicationFilterChain.java:305)
	at org.apache.catalina.core.ApplicationFilterChain.doFilter(ApplicationFilterChain.java:210)
	at org.apache.catalina.core.ApplicationDispatcher.invoke(ApplicationDispatcher.java:749)
	at org.apache.catalina.core.ApplicationDispatcher.processRequest(ApplicationDispatcher.java:487)
	at org.apache.catalina.core.ApplicationDispatcher.doForward(ApplicationDispatcher.java:412)
	at org.apache.catalina.core.ApplicationDispatcher.forward(ApplicationDispatcher.java:339)
	at rs.ac.uns.ftn.informatika.mbs2.vezbe09.primer01.server.servlet.RezervacijaKorak2Controller.doGet(RezervacijaKorak2Controller.java:140)
	at rs.ac.uns.ftn.informatika.mbs2.vezbe09.primer01.server.servlet.RezervacijaKorak2Controller.doPost(RezervacijaKorak2Controller.java:153)
	at javax.servlet.http.HttpServlet.service(HttpServlet.java:641)
	at javax.servlet.http.HttpServlet.service(HttpServlet.java:722)
	at org.apache.catalina.core.ApplicationFilterChain.internalDoFilter(ApplicationFilterChain.java:305)
	at org.apache.catalina.core.ApplicationFilterChain.doFilter(ApplicationFilterChain.java:210)
	at org.apache.catalina.core.StandardWrapperValve.invoke(StandardWrapperValve.java:222)
	at org.apache.catalina.core.StandardContextValve.invoke(StandardContextValve.java:123)
	at org.apache.tomee.catalina.OpenEJBValve.invoke(OpenEJBValve.java:45)
	at org.apache.catalina.authenticator.AuthenticatorBase.invoke(AuthenticatorBase.java:472)
	at org.apache.catalina.core.StandardHostValve.invoke(StandardHostValve.java:168)
	at org.apache.catalina.valves.ErrorReportValve.invoke(ErrorReportValve.java:99)
	at org.apache.catalina.valves.AccessLogValve.invoke(AccessLogValve.java:929)
	at org.apache.catalina.core.StandardEngineValve.invoke(StandardEngineValve.java:118)
	at org.apache.catalina.connector.CoyoteAdapter.service(CoyoteAdapter.java:407)
	at org.apache.coyote.http11.AbstractHttp11Processor.process(AbstractHttp11Processor.java:1002)
	at org.apache.coyote.AbstractProtocol$AbstractConnectionHandler.process(AbstractProtocol.java:585)
	at org.apache.tomcat.util.net.JIoEndpoint$SocketProcessor.run(JIoEndpoint.java:310)
	at java.util.concurrent.ThreadPoolExecutor.runWorker(ThreadPoolExecutor.java:1145)
	at java.util.concurrent.ThreadPoolExecutor$Worker.run(ThreadPoolExecutor.java:615)
	at java.lang.Thread.run(Thread.java:745)

Feb 17, 2016 8:34:27 PM org.apache.catalina.core.ApplicationDispatcher invoke
SEVERE: Servlet.service() for servlet jsp threw exception
javax.el.PropertyNotFoundException: Property '3' not found on type java.lang.String
	at javax.el.BeanELResolver$BeanProperties.get(BeanELResolver.java:195)
	at javax.el.BeanELResolver$BeanProperties.access$400(BeanELResolver.java:172)
	at javax.el.BeanELResolver.property(BeanELResolver.java:281)
	at javax.el.BeanELResolver.getValue(BeanELResolver.java:62)
	at javax.el.CompositeELResolver.getValue(CompositeELResolver.java:58)
	at org.apache.el.parser.AstValue.getValue(AstValue.java:183)
	at org.apache.el.ValueExpressionImpl.getValue(ValueExpressionImpl.java:185)
	at org.apache.jasper.runtime.PageContextImpl.proprietaryEvaluate(PageContextImpl.java:986)
	at org.apache.jsp.rezervacijaKorak2_jsp._jspx_meth_c_005fif_005f2(rezervacijaKorak2_jsp.java:490)
	at org.apache.jsp.rezervacijaKorak2_jsp._jspx_meth_c_005fif_005f1(rezervacijaKorak2_jsp.java:432)
	at org.apache.jsp.rezervacijaKorak2_jsp._jspx_meth_c_005fforEach_005f2(rezervacijaKorak2_jsp.java:389)
	at org.apache.jsp.rezervacijaKorak2_jsp._jspx_meth_c_005fforEach_005f1(rezervacijaKorak2_jsp.java:319)
	at org.apache.jsp.rezervacijaKorak2_jsp._jspx_meth_c_005fforEach_005f0(rezervacijaKorak2_jsp.java:269)
	at org.apache.jsp.rezervacijaKorak2_jsp._jspService(rezervacijaKorak2_jsp.java:166)
	at org.apache.jasper.runtime.HttpJspBase.service(HttpJspBase.java:70)
	at javax.servlet.http.HttpServlet.service(HttpServlet.java:722)
	at org.apache.jasper.servlet.JspServletWrapper.service(JspServletWrapper.java:432)
	at org.apache.jasper.servlet.JspServlet.serviceJspFile(JspServlet.java:390)
	at org.apache.jasper.servlet.JspServlet.service(JspServlet.java:334)
	at javax.servlet.http.HttpServlet.service(HttpServlet.java:722)
	at org.apache.catalina.core.ApplicationFilterChain.internalDoFilter(ApplicationFilterChain.java:305)
	at org.apache.catalina.core.ApplicationFilterChain.doFilter(ApplicationFilterChain.java:210)
	at org.apache.catalina.core.ApplicationDispatcher.invoke(ApplicationDispatcher.java:749)
	at org.apache.catalina.core.ApplicationDispatcher.processRequest(ApplicationDispatcher.java:487)
	at org.apache.catalina.core.ApplicationDispatcher.doForward(ApplicationDispatcher.java:412)
	at org.apache.catalina.core.ApplicationDispatcher.forward(ApplicationDispatcher.java:339)
	at rs.ac.uns.ftn.informatika.mbs2.vezbe09.primer01.server.servlet.RezervacijaKorak2Controller.doGet(RezervacijaKorak2Controller.java:140)
	at rs.ac.uns.ftn.informatika.mbs2.vezbe09.primer01.server.servlet.RezervacijaKorak2Controller.doPost(RezervacijaKorak2Controller.java:153)
	at javax.servlet.http.HttpServlet.service(HttpServlet.java:641)
	at javax.servlet.http.HttpServlet.service(HttpServlet.java:722)
	at org.apache.catalina.core.ApplicationFilterChain.internalDoFilter(ApplicationFilterChain.java:305)
	at org.apache.catalina.core.ApplicationFilterChain.doFilter(ApplicationFilterChain.java:210)
	at org.apache.catalina.core.StandardWrapperValve.invoke(StandardWrapperValve.java:222)
	at org.apache.catalina.core.StandardContextValve.invoke(StandardContextValve.java:123)
	at org.apache.tomee.catalina.OpenEJBValve.invoke(OpenEJBValve.java:45)
	at org.apache.catalina.authenticator.AuthenticatorBase.invoke(AuthenticatorBase.java:472)
	at org.apache.catalina.core.StandardHostValve.invoke(StandardHostValve.java:168)
	at org.apache.catalina.valves.ErrorReportValve.invoke(ErrorReportValve.java:99)
	at org.apache.catalina.valves.AccessLogValve.invoke(AccessLogValve.java:929)
	at org.apache.catalina.core.StandardEngineValve.invoke(StandardEngineValve.java:118)
	at org.apache.catalina.connector.CoyoteAdapter.service(CoyoteAdapter.java:407)
	at org.apache.coyote.http11.AbstractHttp11Processor.process(AbstractHttp11Processor.java:1002)
	at org.apache.coyote.AbstractProtocol$AbstractConnectionHandler.process(AbstractProtocol.java:585)
	at org.apache.tomcat.util.net.JIoEndpoint$SocketProcessor.run(JIoEndpoint.java:310)
	at java.util.concurrent.ThreadPoolExecutor.runWorker(ThreadPoolExecutor.java:1145)
	at java.util.concurrent.ThreadPoolExecutor$Worker.run(ThreadPoolExecutor.java:615)
	at java.lang.Thread.run(Thread.java:745)

Feb 17, 2016 8:34:27 PM org.apache.catalina.core.StandardWrapperValve invoke
SEVERE: Servlet.service() for servlet [RezervacijaKorak2Controller] in context with path [/Vezbe09] threw exception [javax.el.PropertyNotFoundException: Property '3' not found on type java.lang.String] with root cause
javax.el.PropertyNotFoundException: Property '3' not found on type java.lang.String
	at javax.el.BeanELResolver$BeanProperties.get(BeanELResolver.java:195)
	at javax.el.BeanELResolver$BeanProperties.access$400(BeanELResolver.java:172)
	at javax.el.BeanELResolver.property(BeanELResolver.java:281)
	at javax.el.BeanELResolver.getValue(BeanELResolver.java:62)
	at javax.el.CompositeELResolver.getValue(CompositeELResolver.java:58)
	at org.apache.el.parser.AstValue.getValue(AstValue.java:183)
	at org.apache.el.ValueExpressionImpl.getValue(ValueExpressionImpl.java:185)
	at org.apache.jasper.runtime.PageContextImpl.proprietaryEvaluate(PageContextImpl.java:986)
	at org.apache.jsp.rezervacijaKorak2_jsp._jspx_meth_c_005fif_005f2(rezervacijaKorak2_jsp.java:490)
	at org.apache.jsp.rezervacijaKorak2_jsp._jspx_meth_c_005fif_005f1(rezervacijaKorak2_jsp.java:432)
	at org.apache.jsp.rezervacijaKorak2_jsp._jspx_meth_c_005fforEach_005f2(rezervacijaKorak2_jsp.java:389)
	at org.apache.jsp.rezervacijaKorak2_jsp._jspx_meth_c_005fforEach_005f1(rezervacijaKorak2_jsp.java:319)
	at org.apache.jsp.rezervacijaKorak2_jsp._jspx_meth_c_005fforEach_005f0(rezervacijaKorak2_jsp.java:269)
	at org.apache.jsp.rezervacijaKorak2_jsp._jspService(rezervacijaKorak2_jsp.java:166)
	at org.apache.jasper.runtime.HttpJspBase.service(HttpJspBase.java:70)
	at javax.servlet.http.HttpServlet.service(HttpServlet.java:722)
	at org.apache.jasper.servlet.JspServletWrapper.service(JspServletWrapper.java:432)
	at org.apache.jasper.servlet.JspServlet.serviceJspFile(JspServlet.java:390)
	at org.apache.jasper.servlet.JspServlet.service(JspServlet.java:334)
	at javax.servlet.http.HttpServlet.service(HttpServlet.java:722)
	at org.apache.catalina.core.ApplicationFilterChain.internalDoFilter(ApplicationFilterChain.java:305)
	at org.apache.catalina.core.ApplicationFilterChain.doFilter(ApplicationFilterChain.java:210)
	at org.apache.catalina.core.ApplicationDispatcher.invoke(ApplicationDispatcher.java:749)
	at org.apache.catalina.core.ApplicationDispatcher.processRequest(ApplicationDispatcher.java:487)
	at org.apache.catalina.core.ApplicationDispatcher.doForward(ApplicationDispatcher.java:412)
	at org.apache.catalina.core.ApplicationDispatcher.forward(ApplicationDispatcher.java:339)
	at rs.ac.uns.ftn.informatika.mbs2.vezbe09.primer01.server.servlet.RezervacijaKorak2Controller.doGet(RezervacijaKorak2Controller.java:140)
	at rs.ac.uns.ftn.informatika.mbs2.vezbe09.primer01.server.servlet.RezervacijaKorak2Controller.doPost(RezervacijaKorak2Controller.java:153)
	at javax.servlet.http.HttpServlet.service(HttpServlet.java:641)
	at javax.servlet.http.HttpServlet.service(HttpServlet.java:722)
	at org.apache.catalina.core.ApplicationFilterChain.internalDoFilter(ApplicationFilterChain.java:305)
	at org.apache.catalina.core.ApplicationFilterChain.doFilter(ApplicationFilterChain.java:210)
	at org.apache.catalina.core.StandardWrapperValve.invoke(StandardWrapperValve.java:222)
	at org.apache.catalina.core.StandardContextValve.invoke(StandardContextValve.java:123)
	at org.apache.tomee.catalina.OpenEJBValve.invoke(OpenEJBValve.java:45)
	at org.apache.catalina.authenticator.AuthenticatorBase.invoke(AuthenticatorBase.java:472)
	at org.apache.catalina.core.StandardHostValve.invoke(StandardHostValve.java:168)
	at org.apache.catalina.valves.ErrorReportValve.invoke(ErrorReportValve.java:99)
	at org.apache.catalina.valves.AccessLogValve.invoke(AccessLogValve.java:929)
	at org.apache.catalina.core.StandardEngineValve.invoke(StandardEngineValve.java:118)
	at org.apache.catalina.connector.CoyoteAdapter.service(CoyoteAdapter.java:407)
	at org.apache.coyote.http11.AbstractHttp11Processor.process(AbstractHttp11Processor.java:1002)
	at org.apache.coyote.AbstractProtocol$AbstractConnectionHandler.process(AbstractProtocol.java:585)
	at org.apache.tomcat.util.net.JIoEndpoint$SocketProcessor.run(JIoEndpoint.java:310)
	at java.util.concurrent.ThreadPoolExecutor.runWorker(ThreadPoolExecutor.java:1145)
	at java.util.concurrent.ThreadPoolExecutor$Worker.run(ThreadPoolExecutor.java:615)
	at java.lang.Thread.run(Thread.java:745)

Feb 17, 2016 8:35:02 PM org.apache.catalina.core.ApplicationDispatcher invoke
SEVERE: Servlet.service() for servlet jsp threw exception
javax.el.PropertyNotFoundException: Property '4' not found on type java.lang.String
	at javax.el.BeanELResolver$BeanProperties.get(BeanELResolver.java:195)
	at javax.el.BeanELResolver$BeanProperties.access$400(BeanELResolver.java:172)
	at javax.el.BeanELResolver.property(BeanELResolver.java:281)
	at javax.el.BeanELResolver.getValue(BeanELResolver.java:62)
	at javax.el.CompositeELResolver.getValue(CompositeELResolver.java:58)
	at org.apache.el.parser.AstValue.getValue(AstValue.java:183)
	at org.apache.el.ValueExpressionImpl.getValue(ValueExpressionImpl.java:185)
	at org.apache.jasper.runtime.PageContextImpl.proprietaryEvaluate(PageContextImpl.java:986)
	at org.apache.jsp.rezervacijaKorak2_jsp._jspx_meth_c_005fif_005f2(rezervacijaKorak2_jsp.java:490)
	at org.apache.jsp.rezervacijaKorak2_jsp._jspx_meth_c_005fif_005f1(rezervacijaKorak2_jsp.java:432)
	at org.apache.jsp.rezervacijaKorak2_jsp._jspx_meth_c_005fforEach_005f2(rezervacijaKorak2_jsp.java:389)
	at org.apache.jsp.rezervacijaKorak2_jsp._jspx_meth_c_005fforEach_005f1(rezervacijaKorak2_jsp.java:319)
	at org.apache.jsp.rezervacijaKorak2_jsp._jspx_meth_c_005fforEach_005f0(rezervacijaKorak2_jsp.java:269)
	at org.apache.jsp.rezervacijaKorak2_jsp._jspService(rezervacijaKorak2_jsp.java:166)
	at org.apache.jasper.runtime.HttpJspBase.service(HttpJspBase.java:70)
	at javax.servlet.http.HttpServlet.service(HttpServlet.java:722)
	at org.apache.jasper.servlet.JspServletWrapper.service(JspServletWrapper.java:432)
	at org.apache.jasper.servlet.JspServlet.serviceJspFile(JspServlet.java:390)
	at org.apache.jasper.servlet.JspServlet.service(JspServlet.java:334)
	at javax.servlet.http.HttpServlet.service(HttpServlet.java:722)
	at org.apache.catalina.core.ApplicationFilterChain.internalDoFilter(ApplicationFilterChain.java:305)
	at org.apache.catalina.core.ApplicationFilterChain.doFilter(ApplicationFilterChain.java:210)
	at org.apache.catalina.core.ApplicationDispatcher.invoke(ApplicationDispatcher.java:749)
	at org.apache.catalina.core.ApplicationDispatcher.processRequest(ApplicationDispatcher.java:487)
	at org.apache.catalina.core.ApplicationDispatcher.doForward(ApplicationDispatcher.java:412)
	at org.apache.catalina.core.ApplicationDispatcher.forward(ApplicationDispatcher.java:339)
	at rs.ac.uns.ftn.informatika.mbs2.vezbe09.primer01.server.servlet.RezervacijaKorak2Controller.doGet(RezervacijaKorak2Controller.java:140)
	at rs.ac.uns.ftn.informatika.mbs2.vezbe09.primer01.server.servlet.RezervacijaKorak2Controller.doPost(RezervacijaKorak2Controller.java:153)
	at javax.servlet.http.HttpServlet.service(HttpServlet.java:641)
	at javax.servlet.http.HttpServlet.service(HttpServlet.java:722)
	at org.apache.catalina.core.ApplicationFilterChain.internalDoFilter(ApplicationFilterChain.java:305)
	at org.apache.catalina.core.ApplicationFilterChain.doFilter(ApplicationFilterChain.java:210)
	at org.apache.catalina.core.StandardWrapperValve.invoke(StandardWrapperValve.java:222)
	at org.apache.catalina.core.StandardContextValve.invoke(StandardContextValve.java:123)
	at org.apache.tomee.catalina.OpenEJBValve.invoke(OpenEJBValve.java:45)
	at org.apache.catalina.authenticator.AuthenticatorBase.invoke(AuthenticatorBase.java:472)
	at org.apache.catalina.core.StandardHostValve.invoke(StandardHostValve.java:168)
	at org.apache.catalina.valves.ErrorReportValve.invoke(ErrorReportValve.java:99)
	at org.apache.catalina.valves.AccessLogValve.invoke(AccessLogValve.java:929)
	at org.apache.catalina.core.StandardEngineValve.invoke(StandardEngineValve.java:118)
	at org.apache.catalina.connector.CoyoteAdapter.service(CoyoteAdapter.java:407)
	at org.apache.coyote.http11.AbstractHttp11Processor.process(AbstractHttp11Processor.java:1002)
	at org.apache.coyote.AbstractProtocol$AbstractConnectionHandler.process(AbstractProtocol.java:585)
	at org.apache.tomcat.util.net.JIoEndpoint$SocketProcessor.run(JIoEndpoint.java:310)
	at java.util.concurrent.ThreadPoolExecutor.runWorker(ThreadPoolExecutor.java:1145)
	at java.util.concurrent.ThreadPoolExecutor$Worker.run(ThreadPoolExecutor.java:615)
	at java.lang.Thread.run(Thread.java:745)

Feb 17, 2016 8:35:02 PM org.apache.catalina.core.StandardWrapperValve invoke
SEVERE: Servlet.service() for servlet [RezervacijaKorak2Controller] in context with path [/Vezbe09] threw exception [javax.el.PropertyNotFoundException: Property '4' not found on type java.lang.String] with root cause
javax.el.PropertyNotFoundException: Property '4' not found on type java.lang.String
	at javax.el.BeanELResolver$BeanProperties.get(BeanELResolver.java:195)
	at javax.el.BeanELResolver$BeanProperties.access$400(BeanELResolver.java:172)
	at javax.el.BeanELResolver.property(BeanELResolver.java:281)
	at javax.el.BeanELResolver.getValue(BeanELResolver.java:62)
	at javax.el.CompositeELResolver.getValue(CompositeELResolver.java:58)
	at org.apache.el.parser.AstValue.getValue(AstValue.java:183)
	at org.apache.el.ValueExpressionImpl.getValue(ValueExpressionImpl.java:185)
	at org.apache.jasper.runtime.PageContextImpl.proprietaryEvaluate(PageContextImpl.java:986)
	at org.apache.jsp.rezervacijaKorak2_jsp._jspx_meth_c_005fif_005f2(rezervacijaKorak2_jsp.java:490)
	at org.apache.jsp.rezervacijaKorak2_jsp._jspx_meth_c_005fif_005f1(rezervacijaKorak2_jsp.java:432)
	at org.apache.jsp.rezervacijaKorak2_jsp._jspx_meth_c_005fforEach_005f2(rezervacijaKorak2_jsp.java:389)
	at org.apache.jsp.rezervacijaKorak2_jsp._jspx_meth_c_005fforEach_005f1(rezervacijaKorak2_jsp.java:319)
	at org.apache.jsp.rezervacijaKorak2_jsp._jspx_meth_c_005fforEach_005f0(rezervacijaKorak2_jsp.java:269)
	at org.apache.jsp.rezervacijaKorak2_jsp._jspService(rezervacijaKorak2_jsp.java:166)
	at org.apache.jasper.runtime.HttpJspBase.service(HttpJspBase.java:70)
	at javax.servlet.http.HttpServlet.service(HttpServlet.java:722)
	at org.apache.jasper.servlet.JspServletWrapper.service(JspServletWrapper.java:432)
	at org.apache.jasper.servlet.JspServlet.serviceJspFile(JspServlet.java:390)
	at org.apache.jasper.servlet.JspServlet.service(JspServlet.java:334)
	at javax.servlet.http.HttpServlet.service(HttpServlet.java:722)
	at org.apache.catalina.core.ApplicationFilterChain.internalDoFilter(ApplicationFilterChain.java:305)
	at org.apache.catalina.core.ApplicationFilterChain.doFilter(ApplicationFilterChain.java:210)
	at org.apache.catalina.core.ApplicationDispatcher.invoke(ApplicationDispatcher.java:749)
	at org.apache.catalina.core.ApplicationDispatcher.processRequest(ApplicationDispatcher.java:487)
	at org.apache.catalina.core.ApplicationDispatcher.doForward(ApplicationDispatcher.java:412)
	at org.apache.catalina.core.ApplicationDispatcher.forward(ApplicationDispatcher.java:339)
	at rs.ac.uns.ftn.informatika.mbs2.vezbe09.primer01.server.servlet.RezervacijaKorak2Controller.doGet(RezervacijaKorak2Controller.java:140)
	at rs.ac.uns.ftn.informatika.mbs2.vezbe09.primer01.server.servlet.RezervacijaKorak2Controller.doPost(RezervacijaKorak2Controller.java:153)
	at javax.servlet.http.HttpServlet.service(HttpServlet.java:641)
	at javax.servlet.http.HttpServlet.service(HttpServlet.java:722)
	at org.apache.catalina.core.ApplicationFilterChain.internalDoFilter(ApplicationFilterChain.java:305)
	at org.apache.catalina.core.ApplicationFilterChain.doFilter(ApplicationFilterChain.java:210)
	at org.apache.catalina.core.StandardWrapperValve.invoke(StandardWrapperValve.java:222)
	at org.apache.catalina.core.StandardContextValve.invoke(StandardContextValve.java:123)
	at org.apache.tomee.catalina.OpenEJBValve.invoke(OpenEJBValve.java:45)
	at org.apache.catalina.authenticator.AuthenticatorBase.invoke(AuthenticatorBase.java:472)
	at org.apache.catalina.core.StandardHostValve.invoke(StandardHostValve.java:168)
	at org.apache.catalina.valves.ErrorReportValve.invoke(ErrorReportValve.java:99)
	at org.apache.catalina.valves.AccessLogValve.invoke(AccessLogValve.java:929)
	at org.apache.catalina.core.StandardEngineValve.invoke(StandardEngineValve.java:118)
	at org.apache.catalina.connector.CoyoteAdapter.service(CoyoteAdapter.java:407)
	at org.apache.coyote.http11.AbstractHttp11Processor.process(AbstractHttp11Processor.java:1002)
	at org.apache.coyote.AbstractProtocol$AbstractConnectionHandler.process(AbstractProtocol.java:585)
	at org.apache.tomcat.util.net.JIoEndpoint$SocketProcessor.run(JIoEndpoint.java:310)
	at java.util.concurrent.ThreadPoolExecutor.runWorker(ThreadPoolExecutor.java:1145)
	at java.util.concurrent.ThreadPoolExecutor$Worker.run(ThreadPoolExecutor.java:615)
	at java.lang.Thread.run(Thread.java:745)

Feb 17, 2016 8:43:17 PM org.apache.catalina.core.ApplicationDispatcher invoke
SEVERE: Servlet.service() for servlet jsp threw exception
javax.el.PropertyNotFoundException: Property '3' not found on type java.lang.String
	at javax.el.BeanELResolver$BeanProperties.get(BeanELResolver.java:195)
	at javax.el.BeanELResolver$BeanProperties.access$400(BeanELResolver.java:172)
	at javax.el.BeanELResolver.property(BeanELResolver.java:281)
	at javax.el.BeanELResolver.getValue(BeanELResolver.java:62)
	at javax.el.CompositeELResolver.getValue(CompositeELResolver.java:58)
	at org.apache.el.parser.AstValue.getValue(AstValue.java:183)
	at org.apache.el.ValueExpressionImpl.getValue(ValueExpressionImpl.java:185)
	at org.apache.jasper.runtime.PageContextImpl.proprietaryEvaluate(PageContextImpl.java:986)
	at org.apache.jsp.rezervacijaKorak2_jsp._jspx_meth_c_005fif_005f2(rezervacijaKorak2_jsp.java:490)
	at org.apache.jsp.rezervacijaKorak2_jsp._jspx_meth_c_005fif_005f1(rezervacijaKorak2_jsp.java:432)
	at org.apache.jsp.rezervacijaKorak2_jsp._jspx_meth_c_005fforEach_005f2(rezervacijaKorak2_jsp.java:389)
	at org.apache.jsp.rezervacijaKorak2_jsp._jspx_meth_c_005fforEach_005f1(rezervacijaKorak2_jsp.java:319)
	at org.apache.jsp.rezervacijaKorak2_jsp._jspx_meth_c_005fforEach_005f0(rezervacijaKorak2_jsp.java:269)
	at org.apache.jsp.rezervacijaKorak2_jsp._jspService(rezervacijaKorak2_jsp.java:166)
	at org.apache.jasper.runtime.HttpJspBase.service(HttpJspBase.java:70)
	at javax.servlet.http.HttpServlet.service(HttpServlet.java:722)
	at org.apache.jasper.servlet.JspServletWrapper.service(JspServletWrapper.java:432)
	at org.apache.jasper.servlet.JspServlet.serviceJspFile(JspServlet.java:390)
	at org.apache.jasper.servlet.JspServlet.service(JspServlet.java:334)
	at javax.servlet.http.HttpServlet.service(HttpServlet.java:722)
	at org.apache.catalina.core.ApplicationFilterChain.internalDoFilter(ApplicationFilterChain.java:305)
	at org.apache.catalina.core.ApplicationFilterChain.doFilter(ApplicationFilterChain.java:210)
	at org.apache.catalina.core.ApplicationDispatcher.invoke(ApplicationDispatcher.java:749)
	at org.apache.catalina.core.ApplicationDispatcher.processRequest(ApplicationDispatcher.java:487)
	at org.apache.catalina.core.ApplicationDispatcher.doForward(ApplicationDispatcher.java:412)
	at org.apache.catalina.core.ApplicationDispatcher.forward(ApplicationDispatcher.java:339)
	at rs.ac.uns.ftn.informatika.mbs2.vezbe09.primer01.server.servlet.RezervacijaKorak2Controller.doGet(RezervacijaKorak2Controller.java:144)
	at rs.ac.uns.ftn.informatika.mbs2.vezbe09.primer01.server.servlet.RezervacijaKorak2Controller.doPost(RezervacijaKorak2Controller.java:157)
	at javax.servlet.http.HttpServlet.service(HttpServlet.java:641)
	at javax.servlet.http.HttpServlet.service(HttpServlet.java:722)
	at org.apache.catalina.core.ApplicationFilterChain.internalDoFilter(ApplicationFilterChain.java:305)
	at org.apache.catalina.core.ApplicationFilterChain.doFilter(ApplicationFilterChain.java:210)
	at org.apache.catalina.core.StandardWrapperValve.invoke(StandardWrapperValve.java:222)
	at org.apache.catalina.core.StandardContextValve.invoke(StandardContextValve.java:123)
	at org.apache.tomee.catalina.OpenEJBValve.invoke(OpenEJBValve.java:45)
	at org.apache.catalina.authenticator.AuthenticatorBase.invoke(AuthenticatorBase.java:472)
	at org.apache.catalina.core.StandardHostValve.invoke(StandardHostValve.java:168)
	at org.apache.catalina.valves.ErrorReportValve.invoke(ErrorReportValve.java:99)
	at org.apache.catalina.valves.AccessLogValve.invoke(AccessLogValve.java:929)
	at org.apache.catalina.core.StandardEngineValve.invoke(StandardEngineValve.java:118)
	at org.apache.catalina.connector.CoyoteAdapter.service(CoyoteAdapter.java:407)
	at org.apache.coyote.http11.AbstractHttp11Processor.process(AbstractHttp11Processor.java:1002)
	at org.apache.coyote.AbstractProtocol$AbstractConnectionHandler.process(AbstractProtocol.java:585)
	at org.apache.tomcat.util.net.JIoEndpoint$SocketProcessor.run(JIoEndpoint.java:310)
	at java.util.concurrent.ThreadPoolExecutor.runWorker(ThreadPoolExecutor.java:1145)
	at java.util.concurrent.ThreadPoolExecutor$Worker.run(ThreadPoolExecutor.java:615)
	at java.lang.Thread.run(Thread.java:745)

Feb 17, 2016 8:43:17 PM org.apache.catalina.core.StandardWrapperValve invoke
SEVERE: Servlet.service() for servlet [RezervacijaKorak2Controller] in context with path [/Vezbe09] threw exception [javax.el.PropertyNotFoundException: Property '3' not found on type java.lang.String] with root cause
javax.el.PropertyNotFoundException: Property '3' not found on type java.lang.String
	at javax.el.BeanELResolver$BeanProperties.get(BeanELResolver.java:195)
	at javax.el.BeanELResolver$BeanProperties.access$400(BeanELResolver.java:172)
	at javax.el.BeanELResolver.property(BeanELResolver.java:281)
	at javax.el.BeanELResolver.getValue(BeanELResolver.java:62)
	at javax.el.CompositeELResolver.getValue(CompositeELResolver.java:58)
	at org.apache.el.parser.AstValue.getValue(AstValue.java:183)
	at org.apache.el.ValueExpressionImpl.getValue(ValueExpressionImpl.java:185)
	at org.apache.jasper.runtime.PageContextImpl.proprietaryEvaluate(PageContextImpl.java:986)
	at org.apache.jsp.rezervacijaKorak2_jsp._jspx_meth_c_005fif_005f2(rezervacijaKorak2_jsp.java:490)
	at org.apache.jsp.rezervacijaKorak2_jsp._jspx_meth_c_005fif_005f1(rezervacijaKorak2_jsp.java:432)
	at org.apache.jsp.rezervacijaKorak2_jsp._jspx_meth_c_005fforEach_005f2(rezervacijaKorak2_jsp.java:389)
	at org.apache.jsp.rezervacijaKorak2_jsp._jspx_meth_c_005fforEach_005f1(rezervacijaKorak2_jsp.java:319)
	at org.apache.jsp.rezervacijaKorak2_jsp._jspx_meth_c_005fforEach_005f0(rezervacijaKorak2_jsp.java:269)
	at org.apache.jsp.rezervacijaKorak2_jsp._jspService(rezervacijaKorak2_jsp.java:166)
	at org.apache.jasper.runtime.HttpJspBase.service(HttpJspBase.java:70)
	at javax.servlet.http.HttpServlet.service(HttpServlet.java:722)
	at org.apache.jasper.servlet.JspServletWrapper.service(JspServletWrapper.java:432)
	at org.apache.jasper.servlet.JspServlet.serviceJspFile(JspServlet.java:390)
	at org.apache.jasper.servlet.JspServlet.service(JspServlet.java:334)
	at javax.servlet.http.HttpServlet.service(HttpServlet.java:722)
	at org.apache.catalina.core.ApplicationFilterChain.internalDoFilter(ApplicationFilterChain.java:305)
	at org.apache.catalina.core.ApplicationFilterChain.doFilter(ApplicationFilterChain.java:210)
	at org.apache.catalina.core.ApplicationDispatcher.invoke(ApplicationDispatcher.java:749)
	at org.apache.catalina.core.ApplicationDispatcher.processRequest(ApplicationDispatcher.java:487)
	at org.apache.catalina.core.ApplicationDispatcher.doForward(ApplicationDispatcher.java:412)
	at org.apache.catalina.core.ApplicationDispatcher.forward(ApplicationDispatcher.java:339)
	at rs.ac.uns.ftn.informatika.mbs2.vezbe09.primer01.server.servlet.RezervacijaKorak2Controller.doGet(RezervacijaKorak2Controller.java:144)
	at rs.ac.uns.ftn.informatika.mbs2.vezbe09.primer01.server.servlet.RezervacijaKorak2Controller.doPost(RezervacijaKorak2Controller.java:157)
	at javax.servlet.http.HttpServlet.service(HttpServlet.java:641)
	at javax.servlet.http.HttpServlet.service(HttpServlet.java:722)
	at org.apache.catalina.core.ApplicationFilterChain.internalDoFilter(ApplicationFilterChain.java:305)
	at org.apache.catalina.core.ApplicationFilterChain.doFilter(ApplicationFilterChain.java:210)
	at org.apache.catalina.core.StandardWrapperValve.invoke(StandardWrapperValve.java:222)
	at org.apache.catalina.core.StandardContextValve.invoke(StandardContextValve.java:123)
	at org.apache.tomee.catalina.OpenEJBValve.invoke(OpenEJBValve.java:45)
	at org.apache.catalina.authenticator.AuthenticatorBase.invoke(AuthenticatorBase.java:472)
	at org.apache.catalina.core.StandardHostValve.invoke(StandardHostValve.java:168)
	at org.apache.catalina.valves.ErrorReportValve.invoke(ErrorReportValve.java:99)
	at org.apache.catalina.valves.AccessLogValve.invoke(AccessLogValve.java:929)
	at org.apache.catalina.core.StandardEngineValve.invoke(StandardEngineValve.java:118)
	at org.apache.catalina.connector.CoyoteAdapter.service(CoyoteAdapter.java:407)
	at org.apache.coyote.http11.AbstractHttp11Processor.process(AbstractHttp11Processor.java:1002)
	at org.apache.coyote.AbstractProtocol$AbstractConnectionHandler.process(AbstractProtocol.java:585)
	at org.apache.tomcat.util.net.JIoEndpoint$SocketProcessor.run(JIoEndpoint.java:310)
	at java.util.concurrent.ThreadPoolExecutor.runWorker(ThreadPoolExecutor.java:1145)
	at java.util.concurrent.ThreadPoolExecutor$Worker.run(ThreadPoolExecutor.java:615)
	at java.lang.Thread.run(Thread.java:745)

