Feb 15, 2016 1:15:28 PM org.apache.catalina.core.StandardWrapperValve invoke
SEVERE: Servlet.service() for servlet [StoloviMenadzerContoller] in context with path [/Vezbe09] threw exception
javax.ejb.EJBException: The bean encountered a non-application exception; nested exception is: 
	<openjpa-2.2.0-r422266:1244990 nonfatal user error> org.apache.openjpa.persistence.ArgumentException: Failed to execute query "SELECT k FROM Sto s WHERE s.restoran = :restoran". Check the query syntax for correctness. See nested exception for details.
	at org.apache.openejb.core.ivm.BaseEjbProxyHandler.convertException(BaseEjbProxyHandler.java:363)
	at org.apache.openejb.core.ivm.BaseEjbProxyHandler.invoke(BaseEjbProxyHandler.java:283)
	at com.sun.proxy.$Proxy79.findStoloviRestorana(Unknown Source)
	at rs.ac.uns.ftn.informatika.mbs2.vezbe09.primer01.server.servlet.StoloviMenadzerContoller.doGet(StoloviMenadzerContoller.java:47)
	at javax.servlet.http.HttpServlet.service(HttpServlet.java:621)
	at javax.servlet.http.HttpServlet.service(HttpServlet.java:722)
	at org.apache.catalina.core.ApplicationFilterChain.internalDoFilter(ApplicationFilterChain.java:305)
	at org.apache.catalina.core.ApplicationFilterChain.doFilter(ApplicationFilterChain.java:210)
	at org.apache.catalina.core.StandardWrapperValve.invoke(StandardWrapperValve.java:222)
	at org.apache.catalina.core.StandardContextValve.invoke(StandardContextValve.java:123)
	at org.apache.tomee.catalina.OpenEJBValve.invoke(OpenEJBValve.java:45)
	at org.apache.catalina.authenticator.AuthenticatorBase.invoke(AuthenticatorBase.java:472)
	at org.apache.catalina.core.StandardHostValve.invoke(StandardHostValve.java:168)
	at org.apache.catalina.valves.ErrorReportValve.invoke(ErrorReportValve.java:99)
	at org.apache.catalina.valves.AccessLogValve.invoke(AccessLogValve.java:929)
	at org.apache.catalina.core.StandardEngineValve.invoke(StandardEngineValve.java:118)
	at org.apache.catalina.connector.CoyoteAdapter.service(CoyoteAdapter.java:407)
	at org.apache.coyote.http11.AbstractHttp11Processor.process(AbstractHttp11Processor.java:1002)
	at org.apache.coyote.AbstractProtocol$AbstractConnectionHandler.process(AbstractProtocol.java:585)
	at org.apache.tomcat.util.net.JIoEndpoint$SocketProcessor.run(JIoEndpoint.java:310)
	at java.util.concurrent.ThreadPoolExecutor.runWorker(ThreadPoolExecutor.java:1145)
	at java.util.concurrent.ThreadPoolExecutor$Worker.run(ThreadPoolExecutor.java:615)
	at java.lang.Thread.run(Thread.java:745)
Caused by: <openjpa-2.2.0-r422266:1244990 nonfatal user error> org.apache.openjpa.persistence.ArgumentException: Failed to execute query "SELECT k FROM Sto s WHERE s.restoran = :restoran". Check the query syntax for correctness. See nested exception for details.
	at org.apache.openjpa.kernel.QueryImpl.execute(QueryImpl.java:872)
	at org.apache.openjpa.kernel.QueryImpl.execute(QueryImpl.java:794)
	at org.apache.openjpa.kernel.DelegatingQuery.execute(DelegatingQuery.java:542)
	at org.apache.openjpa.persistence.QueryImpl.execute(QueryImpl.java:286)
	at org.apache.openjpa.persistence.QueryImpl.getResultList(QueryImpl.java:302)
	at rs.ac.uns.ftn.informatika.mbs2.vezbe09.primer01.server.session.StoDaoBean.findStoloviRestorana(StoDaoBean.java:23)
	at sun.reflect.NativeMethodAccessorImpl.invoke0(Native Method)
	at sun.reflect.NativeMethodAccessorImpl.invoke(NativeMethodAccessorImpl.java:57)
	at sun.reflect.DelegatingMethodAccessorImpl.invoke(DelegatingMethodAccessorImpl.java:43)
	at java.lang.reflect.Method.invoke(Method.java:606)
	at org.apache.openejb.core.interceptor.ReflectionInvocationContext$Invocation.invoke(ReflectionInvocationContext.java:181)
	at org.apache.openejb.core.interceptor.ReflectionInvocationContext.proceed(ReflectionInvocationContext.java:163)
	at org.apache.openejb.cdi.CdiInterceptor.invoke(CdiInterceptor.java:128)
	at org.apache.openejb.cdi.CdiInterceptor.access$000(CdiInterceptor.java:43)
	at org.apache.openejb.cdi.CdiInterceptor$1.call(CdiInterceptor.java:64)
	at org.apache.openejb.cdi.CdiInterceptor.aroundInvoke(CdiInterceptor.java:70)
	at sun.reflect.NativeMethodAccessorImpl.invoke0(Native Method)
	at sun.reflect.NativeMethodAccessorImpl.invoke(NativeMethodAccessorImpl.java:57)
	at sun.reflect.DelegatingMethodAccessorImpl.invoke(DelegatingMethodAccessorImpl.java:43)
	at java.lang.reflect.Method.invoke(Method.java:606)
	at org.apache.openejb.core.interceptor.ReflectionInvocationContext$Invocation.invoke(ReflectionInvocationContext.java:181)
	at org.apache.openejb.core.interceptor.ReflectionInvocationContext.proceed(ReflectionInvocationContext.java:163)
	at org.apache.openejb.monitoring.StatsInterceptor.record(StatsInterceptor.java:176)
	at org.apache.openejb.monitoring.StatsInterceptor.invoke(StatsInterceptor.java:95)
	at sun.reflect.NativeMethodAccessorImpl.invoke0(Native Method)
	at sun.reflect.NativeMethodAccessorImpl.invoke(NativeMethodAccessorImpl.java:57)
	at sun.reflect.DelegatingMethodAccessorImpl.invoke(DelegatingMethodAccessorImpl.java:43)
	at java.lang.reflect.Method.invoke(Method.java:606)
	at org.apache.openejb.core.interceptor.ReflectionInvocationContext$Invocation.invoke(ReflectionInvocationContext.java:181)
	at org.apache.openejb.core.interceptor.ReflectionInvocationContext.proceed(ReflectionInvocationContext.java:163)
	at org.apache.openejb.core.interceptor.InterceptorStack.invoke(InterceptorStack.java:138)
	at org.apache.openejb.core.stateless.StatelessContainer._invoke(StatelessContainer.java:237)
	at org.apache.openejb.core.stateless.StatelessContainer.invoke(StatelessContainer.java:189)
	at org.apache.openejb.core.ivm.EjbObjectProxyHandler.synchronizedBusinessMethod(EjbObjectProxyHandler.java:253)
	at org.apache.openejb.core.ivm.EjbObjectProxyHandler.businessMethod(EjbObjectProxyHandler.java:248)
	at org.apache.openejb.core.ivm.EjbObjectProxyHandler._invoke(EjbObjectProxyHandler.java:92)
	at org.apache.openejb.core.ivm.BaseEjbProxyHandler.invoke(BaseEjbProxyHandler.java:279)
	... 21 more
Caused by: java.lang.IllegalArgumentException: Invalid unbound variable "k" in query.
	at org.apache.openjpa.jdbc.kernel.exps.PCPath.initialize(PCPath.java:542)
	at org.apache.openjpa.jdbc.kernel.exps.SelectConstructor.initialize(SelectConstructor.java:254)
	at org.apache.openjpa.jdbc.kernel.exps.SelectConstructor.newSelect(SelectConstructor.java:173)
	at org.apache.openjpa.jdbc.kernel.exps.SelectConstructor.evaluate(SelectConstructor.java:87)
	at org.apache.openjpa.jdbc.kernel.JDBCStoreQuery.createWhereSelects(JDBCStoreQuery.java:360)
	at org.apache.openjpa.jdbc.kernel.JDBCStoreQuery.executeQuery(JDBCStoreQuery.java:193)
	at org.apache.openjpa.kernel.ExpressionStoreQuery$DataStoreExecutor.executeQuery(ExpressionStoreQuery.java:783)
	at org.apache.openjpa.kernel.QueryImpl.execute(QueryImpl.java:1005)
	at org.apache.openjpa.kernel.QueryImpl.execute(QueryImpl.java:863)
	... 57 more

Feb 15, 2016 1:17:09 PM org.apache.catalina.core.StandardWrapperValve invoke
SEVERE: Servlet.service() for servlet [StoloviMenadzerContoller] in context with path [/Vezbe09] threw exception
javax.ejb.EJBException: The bean encountered a non-application exception; nested exception is: 
	<openjpa-2.2.0-r422266:1244990 nonfatal user error> org.apache.openjpa.persistence.ArgumentException: Failed to execute query "SELECT k FROM Sto s WHERE s.restoran = :restoran". Check the query syntax for correctness. See nested exception for details.
	at org.apache.openejb.core.ivm.BaseEjbProxyHandler.convertException(BaseEjbProxyHandler.java:363)
	at org.apache.openejb.core.ivm.BaseEjbProxyHandler.invoke(BaseEjbProxyHandler.java:283)
	at com.sun.proxy.$Proxy79.findStoloviRestorana(Unknown Source)
	at rs.ac.uns.ftn.informatika.mbs2.vezbe09.primer01.server.servlet.StoloviMenadzerContoller.doGet(StoloviMenadzerContoller.java:47)
	at javax.servlet.http.HttpServlet.service(HttpServlet.java:621)
	at javax.servlet.http.HttpServlet.service(HttpServlet.java:722)
	at org.apache.catalina.core.ApplicationFilterChain.internalDoFilter(ApplicationFilterChain.java:305)
	at org.apache.catalina.core.ApplicationFilterChain.doFilter(ApplicationFilterChain.java:210)
	at org.apache.catalina.core.StandardWrapperValve.invoke(StandardWrapperValve.java:222)
	at org.apache.catalina.core.StandardContextValve.invoke(StandardContextValve.java:123)
	at org.apache.tomee.catalina.OpenEJBValve.invoke(OpenEJBValve.java:45)
	at org.apache.catalina.authenticator.AuthenticatorBase.invoke(AuthenticatorBase.java:472)
	at org.apache.catalina.core.StandardHostValve.invoke(StandardHostValve.java:168)
	at org.apache.catalina.valves.ErrorReportValve.invoke(ErrorReportValve.java:99)
	at org.apache.catalina.valves.AccessLogValve.invoke(AccessLogValve.java:929)
	at org.apache.catalina.core.StandardEngineValve.invoke(StandardEngineValve.java:118)
	at org.apache.catalina.connector.CoyoteAdapter.service(CoyoteAdapter.java:407)
	at org.apache.coyote.http11.AbstractHttp11Processor.process(AbstractHttp11Processor.java:1002)
	at org.apache.coyote.AbstractProtocol$AbstractConnectionHandler.process(AbstractProtocol.java:585)
	at org.apache.tomcat.util.net.JIoEndpoint$SocketProcessor.run(JIoEndpoint.java:310)
	at java.util.concurrent.ThreadPoolExecutor.runWorker(ThreadPoolExecutor.java:1145)
	at java.util.concurrent.ThreadPoolExecutor$Worker.run(ThreadPoolExecutor.java:615)
	at java.lang.Thread.run(Thread.java:745)
Caused by: <openjpa-2.2.0-r422266:1244990 nonfatal user error> org.apache.openjpa.persistence.ArgumentException: Failed to execute query "SELECT k FROM Sto s WHERE s.restoran = :restoran". Check the query syntax for correctness. See nested exception for details.
	at org.apache.openjpa.kernel.QueryImpl.execute(QueryImpl.java:872)
	at org.apache.openjpa.kernel.QueryImpl.execute(QueryImpl.java:794)
	at org.apache.openjpa.kernel.DelegatingQuery.execute(DelegatingQuery.java:542)
	at org.apache.openjpa.persistence.QueryImpl.execute(QueryImpl.java:286)
	at org.apache.openjpa.persistence.QueryImpl.getResultList(QueryImpl.java:302)
	at rs.ac.uns.ftn.informatika.mbs2.vezbe09.primer01.server.session.StoDaoBean.findStoloviRestorana(StoDaoBean.java:23)
	at sun.reflect.NativeMethodAccessorImpl.invoke0(Native Method)
	at sun.reflect.NativeMethodAccessorImpl.invoke(NativeMethodAccessorImpl.java:57)
	at sun.reflect.DelegatingMethodAccessorImpl.invoke(DelegatingMethodAccessorImpl.java:43)
	at java.lang.reflect.Method.invoke(Method.java:606)
	at org.apache.openejb.core.interceptor.ReflectionInvocationContext$Invocation.invoke(ReflectionInvocationContext.java:181)
	at org.apache.openejb.core.interceptor.ReflectionInvocationContext.proceed(ReflectionInvocationContext.java:163)
	at org.apache.openejb.cdi.CdiInterceptor.invoke(CdiInterceptor.java:128)
	at org.apache.openejb.cdi.CdiInterceptor.access$000(CdiInterceptor.java:43)
	at org.apache.openejb.cdi.CdiInterceptor$1.call(CdiInterceptor.java:64)
	at org.apache.openejb.cdi.CdiInterceptor.aroundInvoke(CdiInterceptor.java:70)
	at sun.reflect.NativeMethodAccessorImpl.invoke0(Native Method)
	at sun.reflect.NativeMethodAccessorImpl.invoke(NativeMethodAccessorImpl.java:57)
	at sun.reflect.DelegatingMethodAccessorImpl.invoke(DelegatingMethodAccessorImpl.java:43)
	at java.lang.reflect.Method.invoke(Method.java:606)
	at org.apache.openejb.core.interceptor.ReflectionInvocationContext$Invocation.invoke(ReflectionInvocationContext.java:181)
	at org.apache.openejb.core.interceptor.ReflectionInvocationContext.proceed(ReflectionInvocationContext.java:163)
	at org.apache.openejb.monitoring.StatsInterceptor.record(StatsInterceptor.java:176)
	at org.apache.openejb.monitoring.StatsInterceptor.invoke(StatsInterceptor.java:95)
	at sun.reflect.NativeMethodAccessorImpl.invoke0(Native Method)
	at sun.reflect.NativeMethodAccessorImpl.invoke(NativeMethodAccessorImpl.java:57)
	at sun.reflect.DelegatingMethodAccessorImpl.invoke(DelegatingMethodAccessorImpl.java:43)
	at java.lang.reflect.Method.invoke(Method.java:606)
	at org.apache.openejb.core.interceptor.ReflectionInvocationContext$Invocation.invoke(ReflectionInvocationContext.java:181)
	at org.apache.openejb.core.interceptor.ReflectionInvocationContext.proceed(ReflectionInvocationContext.java:163)
	at org.apache.openejb.core.interceptor.InterceptorStack.invoke(InterceptorStack.java:138)
	at org.apache.openejb.core.stateless.StatelessContainer._invoke(StatelessContainer.java:237)
	at org.apache.openejb.core.stateless.StatelessContainer.invoke(StatelessContainer.java:189)
	at org.apache.openejb.core.ivm.EjbObjectProxyHandler.synchronizedBusinessMethod(EjbObjectProxyHandler.java:253)
	at org.apache.openejb.core.ivm.EjbObjectProxyHandler.businessMethod(EjbObjectProxyHandler.java:248)
	at org.apache.openejb.core.ivm.EjbObjectProxyHandler._invoke(EjbObjectProxyHandler.java:92)
	at org.apache.openejb.core.ivm.BaseEjbProxyHandler.invoke(BaseEjbProxyHandler.java:279)
	... 21 more
Caused by: java.lang.IllegalArgumentException: Invalid unbound variable "k" in query.
	at org.apache.openjpa.jdbc.kernel.exps.PCPath.initialize(PCPath.java:542)
	at org.apache.openjpa.jdbc.kernel.exps.SelectConstructor.initialize(SelectConstructor.java:254)
	at org.apache.openjpa.jdbc.kernel.exps.SelectConstructor.newSelect(SelectConstructor.java:173)
	at org.apache.openjpa.jdbc.kernel.exps.SelectConstructor.evaluate(SelectConstructor.java:87)
	at org.apache.openjpa.jdbc.kernel.JDBCStoreQuery.createWhereSelects(JDBCStoreQuery.java:360)
	at org.apache.openjpa.jdbc.kernel.JDBCStoreQuery.executeQuery(JDBCStoreQuery.java:193)
	at org.apache.openjpa.kernel.ExpressionStoreQuery$DataStoreExecutor.executeQuery(ExpressionStoreQuery.java:783)
	at org.apache.openjpa.kernel.QueryImpl.execute(QueryImpl.java:1005)
	at org.apache.openjpa.kernel.QueryImpl.execute(QueryImpl.java:863)
	... 57 more

Feb 15, 2016 1:19:23 PM org.apache.catalina.core.ApplicationDispatcher invoke
SEVERE: Servlet.service() for servlet jsp threw exception
javax.el.ELException: Cannot convert 2-1 of type class java.lang.String to class java.lang.Integer
	at org.apache.el.lang.ELSupport.coerceToNumber(ELSupport.java:312)
	at org.apache.el.lang.ELSupport.coerceToNumber(ELSupport.java:283)
	at org.apache.el.lang.ELSupport.coerceToType(ELSupport.java:396)
	at org.apache.el.ValueExpressionImpl.getValue(ValueExpressionImpl.java:187)
	at org.apache.jasper.runtime.PageContextImpl.proprietaryEvaluate(PageContextImpl.java:986)
	at org.apache.jsp.stoloviMenadzer_jsp._jspx_meth_c_005fforEach_005f0(stoloviMenadzer_jsp.java:212)
	at org.apache.jsp.stoloviMenadzer_jsp._jspService(stoloviMenadzer_jsp.java:125)
	at org.apache.jasper.runtime.HttpJspBase.service(HttpJspBase.java:70)
	at javax.servlet.http.HttpServlet.service(HttpServlet.java:722)
	at org.apache.jasper.servlet.JspServletWrapper.service(JspServletWrapper.java:432)
	at org.apache.jasper.servlet.JspServlet.serviceJspFile(JspServlet.java:390)
	at org.apache.jasper.servlet.JspServlet.service(JspServlet.java:334)
	at javax.servlet.http.HttpServlet.service(HttpServlet.java:722)
	at org.apache.catalina.core.ApplicationFilterChain.internalDoFilter(ApplicationFilterChain.java:305)
	at org.apache.catalina.core.ApplicationFilterChain.doFilter(ApplicationFilterChain.java:210)
	at org.apache.catalina.core.ApplicationDispatcher.invoke(ApplicationDispatcher.java:749)
	at org.apache.catalina.core.ApplicationDispatcher.processRequest(ApplicationDispatcher.java:487)
	at org.apache.catalina.core.ApplicationDispatcher.doForward(ApplicationDispatcher.java:412)
	at org.apache.catalina.core.ApplicationDispatcher.forward(ApplicationDispatcher.java:339)
	at rs.ac.uns.ftn.informatika.mbs2.vezbe09.primer01.server.servlet.StoloviMenadzerContoller.doGet(StoloviMenadzerContoller.java:50)
	at javax.servlet.http.HttpServlet.service(HttpServlet.java:621)
	at javax.servlet.http.HttpServlet.service(HttpServlet.java:722)
	at org.apache.catalina.core.ApplicationFilterChain.internalDoFilter(ApplicationFilterChain.java:305)
	at org.apache.catalina.core.ApplicationFilterChain.doFilter(ApplicationFilterChain.java:210)
	at org.apache.catalina.core.StandardWrapperValve.invoke(StandardWrapperValve.java:222)
	at org.apache.catalina.core.StandardContextValve.invoke(StandardContextValve.java:123)
	at org.apache.tomee.catalina.OpenEJBValve.invoke(OpenEJBValve.java:45)
	at org.apache.catalina.authenticator.AuthenticatorBase.invoke(AuthenticatorBase.java:472)
	at org.apache.catalina.core.StandardHostValve.invoke(StandardHostValve.java:168)
	at org.apache.catalina.valves.ErrorReportValve.invoke(ErrorReportValve.java:99)
	at org.apache.catalina.valves.AccessLogValve.invoke(AccessLogValve.java:929)
	at org.apache.catalina.core.StandardEngineValve.invoke(StandardEngineValve.java:118)
	at org.apache.catalina.connector.CoyoteAdapter.service(CoyoteAdapter.java:407)
	at org.apache.coyote.http11.AbstractHttp11Processor.process(AbstractHttp11Processor.java:1002)
	at org.apache.coyote.AbstractProtocol$AbstractConnectionHandler.process(AbstractProtocol.java:585)
	at org.apache.tomcat.util.net.JIoEndpoint$SocketProcessor.run(JIoEndpoint.java:310)
	at java.util.concurrent.ThreadPoolExecutor.runWorker(ThreadPoolExecutor.java:1145)
	at java.util.concurrent.ThreadPoolExecutor$Worker.run(ThreadPoolExecutor.java:615)
	at java.lang.Thread.run(Thread.java:745)

Feb 15, 2016 1:19:23 PM org.apache.catalina.core.StandardWrapperValve invoke
SEVERE: Servlet.service() for servlet [StoloviMenadzerContoller] in context with path [/Vezbe09] threw exception [javax.el.ELException: Cannot convert 2-1 of type class java.lang.String to class java.lang.Integer] with root cause
javax.el.ELException: Cannot convert 2-1 of type class java.lang.String to class java.lang.Integer
	at org.apache.el.lang.ELSupport.coerceToNumber(ELSupport.java:312)
	at org.apache.el.lang.ELSupport.coerceToNumber(ELSupport.java:283)
	at org.apache.el.lang.ELSupport.coerceToType(ELSupport.java:396)
	at org.apache.el.ValueExpressionImpl.getValue(ValueExpressionImpl.java:187)
	at org.apache.jasper.runtime.PageContextImpl.proprietaryEvaluate(PageContextImpl.java:986)
	at org.apache.jsp.stoloviMenadzer_jsp._jspx_meth_c_005fforEach_005f0(stoloviMenadzer_jsp.java:212)
	at org.apache.jsp.stoloviMenadzer_jsp._jspService(stoloviMenadzer_jsp.java:125)
	at org.apache.jasper.runtime.HttpJspBase.service(HttpJspBase.java:70)
	at javax.servlet.http.HttpServlet.service(HttpServlet.java:722)
	at org.apache.jasper.servlet.JspServletWrapper.service(JspServletWrapper.java:432)
	at org.apache.jasper.servlet.JspServlet.serviceJspFile(JspServlet.java:390)
	at org.apache.jasper.servlet.JspServlet.service(JspServlet.java:334)
	at javax.servlet.http.HttpServlet.service(HttpServlet.java:722)
	at org.apache.catalina.core.ApplicationFilterChain.internalDoFilter(ApplicationFilterChain.java:305)
	at org.apache.catalina.core.ApplicationFilterChain.doFilter(ApplicationFilterChain.java:210)
	at org.apache.catalina.core.ApplicationDispatcher.invoke(ApplicationDispatcher.java:749)
	at org.apache.catalina.core.ApplicationDispatcher.processRequest(ApplicationDispatcher.java:487)
	at org.apache.catalina.core.ApplicationDispatcher.doForward(ApplicationDispatcher.java:412)
	at org.apache.catalina.core.ApplicationDispatcher.forward(ApplicationDispatcher.java:339)
	at rs.ac.uns.ftn.informatika.mbs2.vezbe09.primer01.server.servlet.StoloviMenadzerContoller.doGet(StoloviMenadzerContoller.java:50)
	at javax.servlet.http.HttpServlet.service(HttpServlet.java:621)
	at javax.servlet.http.HttpServlet.service(HttpServlet.java:722)
	at org.apache.catalina.core.ApplicationFilterChain.internalDoFilter(ApplicationFilterChain.java:305)
	at org.apache.catalina.core.ApplicationFilterChain.doFilter(ApplicationFilterChain.java:210)
	at org.apache.catalina.core.StandardWrapperValve.invoke(StandardWrapperValve.java:222)
	at org.apache.catalina.core.StandardContextValve.invoke(StandardContextValve.java:123)
	at org.apache.tomee.catalina.OpenEJBValve.invoke(OpenEJBValve.java:45)
	at org.apache.catalina.authenticator.AuthenticatorBase.invoke(AuthenticatorBase.java:472)
	at org.apache.catalina.core.StandardHostValve.invoke(StandardHostValve.java:168)
	at org.apache.catalina.valves.ErrorReportValve.invoke(ErrorReportValve.java:99)
	at org.apache.catalina.valves.AccessLogValve.invoke(AccessLogValve.java:929)
	at org.apache.catalina.core.StandardEngineValve.invoke(StandardEngineValve.java:118)
	at org.apache.catalina.connector.CoyoteAdapter.service(CoyoteAdapter.java:407)
	at org.apache.coyote.http11.AbstractHttp11Processor.process(AbstractHttp11Processor.java:1002)
	at org.apache.coyote.AbstractProtocol$AbstractConnectionHandler.process(AbstractProtocol.java:585)
	at org.apache.tomcat.util.net.JIoEndpoint$SocketProcessor.run(JIoEndpoint.java:310)
	at java.util.concurrent.ThreadPoolExecutor.runWorker(ThreadPoolExecutor.java:1145)
	at java.util.concurrent.ThreadPoolExecutor$Worker.run(ThreadPoolExecutor.java:615)
	at java.lang.Thread.run(Thread.java:745)

Feb 15, 2016 1:19:38 PM org.apache.catalina.core.ApplicationDispatcher invoke
SEVERE: Servlet.service() for servlet jsp threw exception
javax.el.ELException: Cannot convert 2-1 of type class java.lang.String to class java.lang.Integer
	at org.apache.el.lang.ELSupport.coerceToNumber(ELSupport.java:312)
	at org.apache.el.lang.ELSupport.coerceToNumber(ELSupport.java:283)
	at org.apache.el.lang.ELSupport.coerceToType(ELSupport.java:396)
	at org.apache.el.ValueExpressionImpl.getValue(ValueExpressionImpl.java:187)
	at org.apache.jasper.runtime.PageContextImpl.proprietaryEvaluate(PageContextImpl.java:986)
	at org.apache.jsp.stoloviMenadzer_jsp._jspx_meth_c_005fforEach_005f0(stoloviMenadzer_jsp.java:212)
	at org.apache.jsp.stoloviMenadzer_jsp._jspService(stoloviMenadzer_jsp.java:125)
	at org.apache.jasper.runtime.HttpJspBase.service(HttpJspBase.java:70)
	at javax.servlet.http.HttpServlet.service(HttpServlet.java:722)
	at org.apache.jasper.servlet.JspServletWrapper.service(JspServletWrapper.java:432)
	at org.apache.jasper.servlet.JspServlet.serviceJspFile(JspServlet.java:390)
	at org.apache.jasper.servlet.JspServlet.service(JspServlet.java:334)
	at javax.servlet.http.HttpServlet.service(HttpServlet.java:722)
	at org.apache.catalina.core.ApplicationFilterChain.internalDoFilter(ApplicationFilterChain.java:305)
	at org.apache.catalina.core.ApplicationFilterChain.doFilter(ApplicationFilterChain.java:210)
	at org.apache.catalina.core.ApplicationDispatcher.invoke(ApplicationDispatcher.java:749)
	at org.apache.catalina.core.ApplicationDispatcher.processRequest(ApplicationDispatcher.java:487)
	at org.apache.catalina.core.ApplicationDispatcher.doForward(ApplicationDispatcher.java:412)
	at org.apache.catalina.core.ApplicationDispatcher.forward(ApplicationDispatcher.java:339)
	at rs.ac.uns.ftn.informatika.mbs2.vezbe09.primer01.server.servlet.StoloviMenadzerContoller.doGet(StoloviMenadzerContoller.java:50)
	at javax.servlet.http.HttpServlet.service(HttpServlet.java:621)
	at javax.servlet.http.HttpServlet.service(HttpServlet.java:722)
	at org.apache.catalina.core.ApplicationFilterChain.internalDoFilter(ApplicationFilterChain.java:305)
	at org.apache.catalina.core.ApplicationFilterChain.doFilter(ApplicationFilterChain.java:210)
	at org.apache.catalina.core.StandardWrapperValve.invoke(StandardWrapperValve.java:222)
	at org.apache.catalina.core.StandardContextValve.invoke(StandardContextValve.java:123)
	at org.apache.tomee.catalina.OpenEJBValve.invoke(OpenEJBValve.java:45)
	at org.apache.catalina.authenticator.AuthenticatorBase.invoke(AuthenticatorBase.java:472)
	at org.apache.catalina.core.StandardHostValve.invoke(StandardHostValve.java:168)
	at org.apache.catalina.valves.ErrorReportValve.invoke(ErrorReportValve.java:99)
	at org.apache.catalina.valves.AccessLogValve.invoke(AccessLogValve.java:929)
	at org.apache.catalina.core.StandardEngineValve.invoke(StandardEngineValve.java:118)
	at org.apache.catalina.connector.CoyoteAdapter.service(CoyoteAdapter.java:407)
	at org.apache.coyote.http11.AbstractHttp11Processor.process(AbstractHttp11Processor.java:1002)
	at org.apache.coyote.AbstractProtocol$AbstractConnectionHandler.process(AbstractProtocol.java:585)
	at org.apache.tomcat.util.net.JIoEndpoint$SocketProcessor.run(JIoEndpoint.java:310)
	at java.util.concurrent.ThreadPoolExecutor.runWorker(ThreadPoolExecutor.java:1145)
	at java.util.concurrent.ThreadPoolExecutor$Worker.run(ThreadPoolExecutor.java:615)
	at java.lang.Thread.run(Thread.java:745)

Feb 15, 2016 1:19:38 PM org.apache.catalina.core.StandardWrapperValve invoke
SEVERE: Servlet.service() for servlet [StoloviMenadzerContoller] in context with path [/Vezbe09] threw exception [javax.el.ELException: Cannot convert 2-1 of type class java.lang.String to class java.lang.Integer] with root cause
javax.el.ELException: Cannot convert 2-1 of type class java.lang.String to class java.lang.Integer
	at org.apache.el.lang.ELSupport.coerceToNumber(ELSupport.java:312)
	at org.apache.el.lang.ELSupport.coerceToNumber(ELSupport.java:283)
	at org.apache.el.lang.ELSupport.coerceToType(ELSupport.java:396)
	at org.apache.el.ValueExpressionImpl.getValue(ValueExpressionImpl.java:187)
	at org.apache.jasper.runtime.PageContextImpl.proprietaryEvaluate(PageContextImpl.java:986)
	at org.apache.jsp.stoloviMenadzer_jsp._jspx_meth_c_005fforEach_005f0(stoloviMenadzer_jsp.java:212)
	at org.apache.jsp.stoloviMenadzer_jsp._jspService(stoloviMenadzer_jsp.java:125)
	at org.apache.jasper.runtime.HttpJspBase.service(HttpJspBase.java:70)
	at javax.servlet.http.HttpServlet.service(HttpServlet.java:722)
	at org.apache.jasper.servlet.JspServletWrapper.service(JspServletWrapper.java:432)
	at org.apache.jasper.servlet.JspServlet.serviceJspFile(JspServlet.java:390)
	at org.apache.jasper.servlet.JspServlet.service(JspServlet.java:334)
	at javax.servlet.http.HttpServlet.service(HttpServlet.java:722)
	at org.apache.catalina.core.ApplicationFilterChain.internalDoFilter(ApplicationFilterChain.java:305)
	at org.apache.catalina.core.ApplicationFilterChain.doFilter(ApplicationFilterChain.java:210)
	at org.apache.catalina.core.ApplicationDispatcher.invoke(ApplicationDispatcher.java:749)
	at org.apache.catalina.core.ApplicationDispatcher.processRequest(ApplicationDispatcher.java:487)
	at org.apache.catalina.core.ApplicationDispatcher.doForward(ApplicationDispatcher.java:412)
	at org.apache.catalina.core.ApplicationDispatcher.forward(ApplicationDispatcher.java:339)
	at rs.ac.uns.ftn.informatika.mbs2.vezbe09.primer01.server.servlet.StoloviMenadzerContoller.doGet(StoloviMenadzerContoller.java:50)
	at javax.servlet.http.HttpServlet.service(HttpServlet.java:621)
	at javax.servlet.http.HttpServlet.service(HttpServlet.java:722)
	at org.apache.catalina.core.ApplicationFilterChain.internalDoFilter(ApplicationFilterChain.java:305)
	at org.apache.catalina.core.ApplicationFilterChain.doFilter(ApplicationFilterChain.java:210)
	at org.apache.catalina.core.StandardWrapperValve.invoke(StandardWrapperValve.java:222)
	at org.apache.catalina.core.StandardContextValve.invoke(StandardContextValve.java:123)
	at org.apache.tomee.catalina.OpenEJBValve.invoke(OpenEJBValve.java:45)
	at org.apache.catalina.authenticator.AuthenticatorBase.invoke(AuthenticatorBase.java:472)
	at org.apache.catalina.core.StandardHostValve.invoke(StandardHostValve.java:168)
	at org.apache.catalina.valves.ErrorReportValve.invoke(ErrorReportValve.java:99)
	at org.apache.catalina.valves.AccessLogValve.invoke(AccessLogValve.java:929)
	at org.apache.catalina.core.StandardEngineValve.invoke(StandardEngineValve.java:118)
	at org.apache.catalina.connector.CoyoteAdapter.service(CoyoteAdapter.java:407)
	at org.apache.coyote.http11.AbstractHttp11Processor.process(AbstractHttp11Processor.java:1002)
	at org.apache.coyote.AbstractProtocol$AbstractConnectionHandler.process(AbstractProtocol.java:585)
	at org.apache.tomcat.util.net.JIoEndpoint$SocketProcessor.run(JIoEndpoint.java:310)
	at java.util.concurrent.ThreadPoolExecutor.runWorker(ThreadPoolExecutor.java:1145)
	at java.util.concurrent.ThreadPoolExecutor$Worker.run(ThreadPoolExecutor.java:615)
	at java.lang.Thread.run(Thread.java:745)

Feb 15, 2016 3:49:38 PM org.apache.catalina.core.StandardWrapperValve invoke
SEVERE: Servlet.service() for servlet [StoCreateController] in context with path [/Vezbe09] threw exception
java.lang.NullPointerException
	at rs.ac.uns.ftn.informatika.mbs2.vezbe09.primer01.server.servlet.StoCreateController.doGet(StoCreateController.java:49)
	at rs.ac.uns.ftn.informatika.mbs2.vezbe09.primer01.server.servlet.StoCreateController.doPost(StoCreateController.java:75)
	at javax.servlet.http.HttpServlet.service(HttpServlet.java:641)
	at javax.servlet.http.HttpServlet.service(HttpServlet.java:722)
	at org.apache.catalina.core.ApplicationFilterChain.internalDoFilter(ApplicationFilterChain.java:305)
	at org.apache.catalina.core.ApplicationFilterChain.doFilter(ApplicationFilterChain.java:210)
	at org.apache.catalina.core.StandardWrapperValve.invoke(StandardWrapperValve.java:222)
	at org.apache.catalina.core.StandardContextValve.invoke(StandardContextValve.java:123)
	at org.apache.tomee.catalina.OpenEJBValve.invoke(OpenEJBValve.java:45)
	at org.apache.catalina.authenticator.AuthenticatorBase.invoke(AuthenticatorBase.java:472)
	at org.apache.catalina.core.StandardHostValve.invoke(StandardHostValve.java:168)
	at org.apache.catalina.valves.ErrorReportValve.invoke(ErrorReportValve.java:99)
	at org.apache.catalina.valves.AccessLogValve.invoke(AccessLogValve.java:929)
	at org.apache.catalina.core.StandardEngineValve.invoke(StandardEngineValve.java:118)
	at org.apache.catalina.connector.CoyoteAdapter.service(CoyoteAdapter.java:407)
	at org.apache.coyote.http11.AbstractHttp11Processor.process(AbstractHttp11Processor.java:1002)
	at org.apache.coyote.AbstractProtocol$AbstractConnectionHandler.process(AbstractProtocol.java:585)
	at org.apache.tomcat.util.net.JIoEndpoint$SocketProcessor.run(JIoEndpoint.java:310)
	at java.util.concurrent.ThreadPoolExecutor.runWorker(ThreadPoolExecutor.java:1145)
	at java.util.concurrent.ThreadPoolExecutor$Worker.run(ThreadPoolExecutor.java:615)
	at java.lang.Thread.run(Thread.java:745)

Feb 15, 2016 4:48:26 PM org.apache.catalina.core.StandardWrapperValve invoke
SEVERE: Servlet.service() for servlet [StoUpdateController] in context with path [/Vezbe09] threw exception
java.lang.NullPointerException
	at rs.ac.uns.ftn.informatika.mbs2.vezbe09.primer01.server.servlet.StoUpdateController.doGet(StoUpdateController.java:52)
	at javax.servlet.http.HttpServlet.service(HttpServlet.java:621)
	at javax.servlet.http.HttpServlet.service(HttpServlet.java:722)
	at org.apache.catalina.core.ApplicationFilterChain.internalDoFilter(ApplicationFilterChain.java:305)
	at org.apache.catalina.core.ApplicationFilterChain.doFilter(ApplicationFilterChain.java:210)
	at org.apache.catalina.core.StandardWrapperValve.invoke(StandardWrapperValve.java:222)
	at org.apache.catalina.core.StandardContextValve.invoke(StandardContextValve.java:123)
	at org.apache.tomee.catalina.OpenEJBValve.invoke(OpenEJBValve.java:45)
	at org.apache.catalina.authenticator.AuthenticatorBase.invoke(AuthenticatorBase.java:472)
	at org.apache.catalina.core.StandardHostValve.invoke(StandardHostValve.java:168)
	at org.apache.catalina.valves.ErrorReportValve.invoke(ErrorReportValve.java:99)
	at org.apache.catalina.valves.AccessLogValve.invoke(AccessLogValve.java:929)
	at org.apache.catalina.core.StandardEngineValve.invoke(StandardEngineValve.java:118)
	at org.apache.catalina.connector.CoyoteAdapter.service(CoyoteAdapter.java:407)
	at org.apache.coyote.http11.AbstractHttp11Processor.process(AbstractHttp11Processor.java:1002)
	at org.apache.coyote.AbstractProtocol$AbstractConnectionHandler.process(AbstractProtocol.java:585)
	at org.apache.tomcat.util.net.JIoEndpoint$SocketProcessor.run(JIoEndpoint.java:310)
	at java.util.concurrent.ThreadPoolExecutor.runWorker(ThreadPoolExecutor.java:1145)
	at java.util.concurrent.ThreadPoolExecutor$Worker.run(ThreadPoolExecutor.java:615)
	at java.lang.Thread.run(Thread.java:745)

Feb 15, 2016 4:48:30 PM org.apache.catalina.core.StandardWrapperValve invoke
SEVERE: Servlet.service() for servlet [StoUpdateController] in context with path [/Vezbe09] threw exception
java.lang.NullPointerException
	at rs.ac.uns.ftn.informatika.mbs2.vezbe09.primer01.server.servlet.StoUpdateController.doGet(StoUpdateController.java:52)
	at javax.servlet.http.HttpServlet.service(HttpServlet.java:621)
	at javax.servlet.http.HttpServlet.service(HttpServlet.java:722)
	at org.apache.catalina.core.ApplicationFilterChain.internalDoFilter(ApplicationFilterChain.java:305)
	at org.apache.catalina.core.ApplicationFilterChain.doFilter(ApplicationFilterChain.java:210)
	at org.apache.catalina.core.StandardWrapperValve.invoke(StandardWrapperValve.java:222)
	at org.apache.catalina.core.StandardContextValve.invoke(StandardContextValve.java:123)
	at org.apache.tomee.catalina.OpenEJBValve.invoke(OpenEJBValve.java:45)
	at org.apache.catalina.authenticator.AuthenticatorBase.invoke(AuthenticatorBase.java:472)
	at org.apache.catalina.core.StandardHostValve.invoke(StandardHostValve.java:168)
	at org.apache.catalina.valves.ErrorReportValve.invoke(ErrorReportValve.java:99)
	at org.apache.catalina.valves.AccessLogValve.invoke(AccessLogValve.java:929)
	at org.apache.catalina.core.StandardEngineValve.invoke(StandardEngineValve.java:118)
	at org.apache.catalina.connector.CoyoteAdapter.service(CoyoteAdapter.java:407)
	at org.apache.coyote.http11.AbstractHttp11Processor.process(AbstractHttp11Processor.java:1002)
	at org.apache.coyote.AbstractProtocol$AbstractConnectionHandler.process(AbstractProtocol.java:585)
	at org.apache.tomcat.util.net.JIoEndpoint$SocketProcessor.run(JIoEndpoint.java:310)
	at java.util.concurrent.ThreadPoolExecutor.runWorker(ThreadPoolExecutor.java:1145)
	at java.util.concurrent.ThreadPoolExecutor$Worker.run(ThreadPoolExecutor.java:615)
	at java.lang.Thread.run(Thread.java:745)

Feb 15, 2016 4:55:11 PM org.apache.catalina.core.StandardWrapperValve invoke
SEVERE: Servlet.service() for servlet [StoUpdateController] in context with path [/Vezbe09] threw exception
java.lang.NullPointerException
	at rs.ac.uns.ftn.informatika.mbs2.vezbe09.primer01.server.servlet.StoUpdateController.doGet(StoUpdateController.java:52)
	at javax.servlet.http.HttpServlet.service(HttpServlet.java:621)
	at javax.servlet.http.HttpServlet.service(HttpServlet.java:722)
	at org.apache.catalina.core.ApplicationFilterChain.internalDoFilter(ApplicationFilterChain.java:305)
	at org.apache.catalina.core.ApplicationFilterChain.doFilter(ApplicationFilterChain.java:210)
	at org.apache.catalina.core.StandardWrapperValve.invoke(StandardWrapperValve.java:222)
	at org.apache.catalina.core.StandardContextValve.invoke(StandardContextValve.java:123)
	at org.apache.tomee.catalina.OpenEJBValve.invoke(OpenEJBValve.java:45)
	at org.apache.catalina.authenticator.AuthenticatorBase.invoke(AuthenticatorBase.java:472)
	at org.apache.catalina.core.StandardHostValve.invoke(StandardHostValve.java:168)
	at org.apache.catalina.valves.ErrorReportValve.invoke(ErrorReportValve.java:99)
	at org.apache.catalina.valves.AccessLogValve.invoke(AccessLogValve.java:929)
	at org.apache.catalina.core.StandardEngineValve.invoke(StandardEngineValve.java:118)
	at org.apache.catalina.connector.CoyoteAdapter.service(CoyoteAdapter.java:407)
	at org.apache.coyote.http11.AbstractHttp11Processor.process(AbstractHttp11Processor.java:1002)
	at org.apache.coyote.AbstractProtocol$AbstractConnectionHandler.process(AbstractProtocol.java:585)
	at org.apache.tomcat.util.net.JIoEndpoint$SocketProcessor.run(JIoEndpoint.java:310)
	at java.util.concurrent.ThreadPoolExecutor.runWorker(ThreadPoolExecutor.java:1145)
	at java.util.concurrent.ThreadPoolExecutor$Worker.run(ThreadPoolExecutor.java:615)
	at java.lang.Thread.run(Thread.java:745)

Feb 15, 2016 5:02:23 PM org.apache.catalina.core.StandardWrapperValve invoke
SEVERE: Servlet.service() for servlet [StoUpdateController] in context with path [/Vezbe09] threw exception
javax.ejb.EJBException: The bean encountered a non-application exception; nested exception is: 
	<openjpa-2.2.0-r422266:1244990 nonfatal store error> org.apache.openjpa.persistence.EntityExistsException: Attempt to persist detached object "rs.ac.uns.ftn.informatika.mbs2.vezbe09.primer01.server.entity.Sto@561b47".  If this is a new instance, make sure any version and/or auto-generated primary key fields are null/default when persisting.
FailedObject: rs.ac.uns.ftn.informatika.mbs2.vezbe09.primer01.server.entity.Sto@561b47
	at org.apache.openejb.core.ivm.BaseEjbProxyHandler.convertException(BaseEjbProxyHandler.java:363)
	at org.apache.openejb.core.ivm.BaseEjbProxyHandler.invoke(BaseEjbProxyHandler.java:283)
	at com.sun.proxy.$Proxy79.persist(Unknown Source)
	at rs.ac.uns.ftn.informatika.mbs2.vezbe09.primer01.server.servlet.StoUpdateController.doGet(StoUpdateController.java:56)
	at rs.ac.uns.ftn.informatika.mbs2.vezbe09.primer01.server.servlet.StoUpdateController.doPost(StoUpdateController.java:73)
	at javax.servlet.http.HttpServlet.service(HttpServlet.java:641)
	at javax.servlet.http.HttpServlet.service(HttpServlet.java:722)
	at org.apache.catalina.core.ApplicationFilterChain.internalDoFilter(ApplicationFilterChain.java:305)
	at org.apache.catalina.core.ApplicationFilterChain.doFilter(ApplicationFilterChain.java:210)
	at org.apache.catalina.core.StandardWrapperValve.invoke(StandardWrapperValve.java:222)
	at org.apache.catalina.core.StandardContextValve.invoke(StandardContextValve.java:123)
	at org.apache.tomee.catalina.OpenEJBValve.invoke(OpenEJBValve.java:45)
	at org.apache.catalina.authenticator.AuthenticatorBase.invoke(AuthenticatorBase.java:472)
	at org.apache.catalina.core.StandardHostValve.invoke(StandardHostValve.java:168)
	at org.apache.catalina.valves.ErrorReportValve.invoke(ErrorReportValve.java:99)
	at org.apache.catalina.valves.AccessLogValve.invoke(AccessLogValve.java:929)
	at org.apache.catalina.core.StandardEngineValve.invoke(StandardEngineValve.java:118)
	at org.apache.catalina.connector.CoyoteAdapter.service(CoyoteAdapter.java:407)
	at org.apache.coyote.http11.AbstractHttp11Processor.process(AbstractHttp11Processor.java:1002)
	at org.apache.coyote.AbstractProtocol$AbstractConnectionHandler.process(AbstractProtocol.java:585)
	at org.apache.tomcat.util.net.JIoEndpoint$SocketProcessor.run(JIoEndpoint.java:310)
	at java.util.concurrent.ThreadPoolExecutor.runWorker(ThreadPoolExecutor.java:1145)
	at java.util.concurrent.ThreadPoolExecutor$Worker.run(ThreadPoolExecutor.java:615)
	at java.lang.Thread.run(Thread.java:745)
Caused by: <openjpa-2.2.0-r422266:1244990 nonfatal store error> org.apache.openjpa.persistence.EntityExistsException: Attempt to persist detached object "rs.ac.uns.ftn.informatika.mbs2.vezbe09.primer01.server.entity.Sto@561b47".  If this is a new instance, make sure any version and/or auto-generated primary key fields are null/default when persisting.
FailedObject: rs.ac.uns.ftn.informatika.mbs2.vezbe09.primer01.server.entity.Sto@561b47
	at org.apache.openjpa.kernel.BrokerImpl.persistInternal(BrokerImpl.java:2628)
	at org.apache.openjpa.kernel.BrokerImpl.persist(BrokerImpl.java:2571)
	at org.apache.openjpa.kernel.BrokerImpl.persist(BrokerImpl.java:2554)
	at org.apache.openjpa.kernel.BrokerImpl.persist(BrokerImpl.java:2458)
	at org.apache.openjpa.kernel.DelegatingBroker.persist(DelegatingBroker.java:1077)
	at org.apache.openjpa.persistence.EntityManagerImpl.persist(EntityManagerImpl.java:716)
	at org.apache.openejb.persistence.JtaEntityManager.persist(JtaEntityManager.java:126)
	at rs.ac.uns.ftn.informatika.mbs2.vezbe09.primer01.server.session.GenericDaoBean.persist(GenericDaoBean.java:50)
	at sun.reflect.NativeMethodAccessorImpl.invoke0(Native Method)
	at sun.reflect.NativeMethodAccessorImpl.invoke(NativeMethodAccessorImpl.java:57)
	at sun.reflect.DelegatingMethodAccessorImpl.invoke(DelegatingMethodAccessorImpl.java:43)
	at java.lang.reflect.Method.invoke(Method.java:606)
	at org.apache.openejb.core.interceptor.ReflectionInvocationContext$Invocation.invoke(ReflectionInvocationContext.java:181)
	at org.apache.openejb.core.interceptor.ReflectionInvocationContext.proceed(ReflectionInvocationContext.java:163)
	at org.apache.openejb.cdi.CdiInterceptor.invoke(CdiInterceptor.java:128)
	at org.apache.openejb.cdi.CdiInterceptor.access$000(CdiInterceptor.java:43)
	at org.apache.openejb.cdi.CdiInterceptor$1.call(CdiInterceptor.java:64)
	at org.apache.openejb.cdi.CdiInterceptor.aroundInvoke(CdiInterceptor.java:70)
	at sun.reflect.NativeMethodAccessorImpl.invoke0(Native Method)
	at sun.reflect.NativeMethodAccessorImpl.invoke(NativeMethodAccessorImpl.java:57)
	at sun.reflect.DelegatingMethodAccessorImpl.invoke(DelegatingMethodAccessorImpl.java:43)
	at java.lang.reflect.Method.invoke(Method.java:606)
	at org.apache.openejb.core.interceptor.ReflectionInvocationContext$Invocation.invoke(ReflectionInvocationContext.java:181)
	at org.apache.openejb.core.interceptor.ReflectionInvocationContext.proceed(ReflectionInvocationContext.java:163)
	at org.apache.openejb.monitoring.StatsInterceptor.record(StatsInterceptor.java:176)
	at org.apache.openejb.monitoring.StatsInterceptor.invoke(StatsInterceptor.java:95)
	at sun.reflect.NativeMethodAccessorImpl.invoke0(Native Method)
	at sun.reflect.NativeMethodAccessorImpl.invoke(NativeMethodAccessorImpl.java:57)
	at sun.reflect.DelegatingMethodAccessorImpl.invoke(DelegatingMethodAccessorImpl.java:43)
	at java.lang.reflect.Method.invoke(Method.java:606)
	at org.apache.openejb.core.interceptor.ReflectionInvocationContext$Invocation.invoke(ReflectionInvocationContext.java:181)
	at org.apache.openejb.core.interceptor.ReflectionInvocationContext.proceed(ReflectionInvocationContext.java:163)
	at org.apache.openejb.core.interceptor.InterceptorStack.invoke(InterceptorStack.java:138)
	at org.apache.openejb.core.stateless.StatelessContainer._invoke(StatelessContainer.java:237)
	at org.apache.openejb.core.stateless.StatelessContainer.invoke(StatelessContainer.java:189)
	at org.apache.openejb.core.ivm.EjbObjectProxyHandler.synchronizedBusinessMethod(EjbObjectProxyHandler.java:253)
	at org.apache.openejb.core.ivm.EjbObjectProxyHandler.businessMethod(EjbObjectProxyHandler.java:248)
	at org.apache.openejb.core.ivm.EjbObjectProxyHandler._invoke(EjbObjectProxyHandler.java:92)
	at org.apache.openejb.core.ivm.BaseEjbProxyHandler.invoke(BaseEjbProxyHandler.java:279)
	... 22 more

Feb 15, 2016 6:44:32 PM org.apache.catalina.core.StandardWrapperValve invoke
SEVERE: Servlet.service() for servlet [RestoranDeleteController] in context with path [/Vezbe09] threw exception
java.lang.NumberFormatException: null
	at java.lang.Integer.parseInt(Integer.java:454)
	at java.lang.Integer.parseInt(Integer.java:527)
	at rs.ac.uns.ftn.informatika.mbs2.vezbe09.primer01.server.servlet.RestoranDeleteController.doGet(RestoranDeleteController.java:45)
	at javax.servlet.http.HttpServlet.service(HttpServlet.java:621)
	at javax.servlet.http.HttpServlet.service(HttpServlet.java:722)
	at org.apache.catalina.core.ApplicationFilterChain.internalDoFilter(ApplicationFilterChain.java:305)
	at org.apache.catalina.core.ApplicationFilterChain.doFilter(ApplicationFilterChain.java:210)
	at org.apache.catalina.core.StandardWrapperValve.invoke(StandardWrapperValve.java:222)
	at org.apache.catalina.core.StandardContextValve.invoke(StandardContextValve.java:123)
	at org.apache.tomee.catalina.OpenEJBValve.invoke(OpenEJBValve.java:45)
	at org.apache.catalina.authenticator.AuthenticatorBase.invoke(AuthenticatorBase.java:472)
	at org.apache.catalina.core.StandardHostValve.invoke(StandardHostValve.java:168)
	at org.apache.catalina.valves.ErrorReportValve.invoke(ErrorReportValve.java:99)
	at org.apache.catalina.valves.AccessLogValve.invoke(AccessLogValve.java:929)
	at org.apache.catalina.core.StandardEngineValve.invoke(StandardEngineValve.java:118)
	at org.apache.catalina.connector.CoyoteAdapter.service(CoyoteAdapter.java:407)
	at org.apache.coyote.http11.AbstractHttp11Processor.process(AbstractHttp11Processor.java:1002)
	at org.apache.coyote.AbstractProtocol$AbstractConnectionHandler.process(AbstractProtocol.java:585)
	at org.apache.tomcat.util.net.JIoEndpoint$SocketProcessor.run(JIoEndpoint.java:310)
	at java.util.concurrent.ThreadPoolExecutor.runWorker(ThreadPoolExecutor.java:1145)
	at java.util.concurrent.ThreadPoolExecutor$Worker.run(ThreadPoolExecutor.java:615)
	at java.lang.Thread.run(Thread.java:745)

Feb 15, 2016 7:11:32 PM org.apache.catalina.core.StandardWrapperValve invoke
SEVERE: Servlet.service() for servlet [RestoranDeleteController] in context with path [/Vezbe09] threw exception
javax.ejb.EJBException: The bean encountered a non-application exception; nested exception is: 
	<openjpa-2.2.0-r422266:1244990 nonfatal user error> org.apache.openjpa.persistence.ArgumentException: An error occurred while parsing the query filter "SELECT u FROM Uloga_korisnika u WHERE u.nazivUloge like :nazivUloge". Error message: The name "Uloga_korisnika" is not a recognized entity or identifier. Perhaps you meant UlogaKorisnika, which is a close match. Known entity names: [OcenaPrijatelja, Menjac, PozivPrijatelja, Jelo, Gorivo, Jelovnik, Prijatelji, Rezervacija, Restoran, Vozilo, Korisnik, Sto, UlogaKorisnika, StavkaJelovnika]
	at org.apache.openejb.core.ivm.BaseEjbProxyHandler.convertException(BaseEjbProxyHandler.java:363)
	at org.apache.openejb.core.ivm.BaseEjbProxyHandler.invoke(BaseEjbProxyHandler.java:283)
	at com.sun.proxy.$Proxy81.findUlogaPoImenu(Unknown Source)
	at rs.ac.uns.ftn.informatika.mbs2.vezbe09.primer01.server.servlet.RestoranDeleteController.doGet(RestoranDeleteController.java:58)
	at javax.servlet.http.HttpServlet.service(HttpServlet.java:621)
	at javax.servlet.http.HttpServlet.service(HttpServlet.java:722)
	at org.apache.catalina.core.ApplicationFilterChain.internalDoFilter(ApplicationFilterChain.java:305)
	at org.apache.catalina.core.ApplicationFilterChain.doFilter(ApplicationFilterChain.java:210)
	at org.apache.catalina.core.StandardWrapperValve.invoke(StandardWrapperValve.java:222)
	at org.apache.catalina.core.StandardContextValve.invoke(StandardContextValve.java:123)
	at org.apache.tomee.catalina.OpenEJBValve.invoke(OpenEJBValve.java:45)
	at org.apache.catalina.authenticator.AuthenticatorBase.invoke(AuthenticatorBase.java:472)
	at org.apache.catalina.core.StandardHostValve.invoke(StandardHostValve.java:168)
	at org.apache.catalina.valves.ErrorReportValve.invoke(ErrorReportValve.java:99)
	at org.apache.catalina.valves.AccessLogValve.invoke(AccessLogValve.java:929)
	at org.apache.catalina.core.StandardEngineValve.invoke(StandardEngineValve.java:118)
	at org.apache.catalina.connector.CoyoteAdapter.service(CoyoteAdapter.java:407)
	at org.apache.coyote.http11.AbstractHttp11Processor.process(AbstractHttp11Processor.java:1002)
	at org.apache.coyote.AbstractProtocol$AbstractConnectionHandler.process(AbstractProtocol.java:585)
	at org.apache.tomcat.util.net.JIoEndpoint$SocketProcessor.run(JIoEndpoint.java:310)
	at java.util.concurrent.ThreadPoolExecutor.runWorker(ThreadPoolExecutor.java:1145)
	at java.util.concurrent.ThreadPoolExecutor$Worker.run(ThreadPoolExecutor.java:615)
	at java.lang.Thread.run(Thread.java:745)
Caused by: <openjpa-2.2.0-r422266:1244990 nonfatal user error> org.apache.openjpa.persistence.ArgumentException: An error occurred while parsing the query filter "SELECT u FROM Uloga_korisnika u WHERE u.nazivUloge like :nazivUloge". Error message: The name "Uloga_korisnika" is not a recognized entity or identifier. Perhaps you meant UlogaKorisnika, which is a close match. Known entity names: [OcenaPrijatelja, Menjac, PozivPrijatelja, Jelo, Gorivo, Jelovnik, Prijatelji, Rezervacija, Restoran, Vozilo, Korisnik, Sto, UlogaKorisnika, StavkaJelovnika]
	at org.apache.openjpa.kernel.exps.AbstractExpressionBuilder.parseException(AbstractExpressionBuilder.java:119)
	at org.apache.openjpa.kernel.jpql.JPQLExpressionBuilder.getClassMetaData(JPQLExpressionBuilder.java:194)
	at org.apache.openjpa.kernel.jpql.JPQLExpressionBuilder.resolveClassMetaData(JPQLExpressionBuilder.java:167)
	at org.apache.openjpa.kernel.jpql.JPQLExpressionBuilder.getCandidateMetaData(JPQLExpressionBuilder.java:242)
	at org.apache.openjpa.kernel.jpql.JPQLExpressionBuilder.getCandidateMetaData(JPQLExpressionBuilder.java:212)
	at org.apache.openjpa.kernel.jpql.JPQLExpressionBuilder.getCandidateType(JPQLExpressionBuilder.java:205)
	at org.apache.openjpa.kernel.jpql.JPQLExpressionBuilder.access$200(JPQLExpressionBuilder.java:80)
	at org.apache.openjpa.kernel.jpql.JPQLExpressionBuilder$ParsedJPQL.populate(JPQLExpressionBuilder.java:2417)
	at org.apache.openjpa.kernel.jpql.JPQLParser.populate(JPQLParser.java:61)
	at org.apache.openjpa.kernel.ExpressionStoreQuery.populateFromCompilation(ExpressionStoreQuery.java:162)
	at org.apache.openjpa.kernel.QueryImpl.newCompilation(QueryImpl.java:673)
	at org.apache.openjpa.kernel.QueryImpl.compilationFromCache(QueryImpl.java:654)
	at org.apache.openjpa.kernel.QueryImpl.compileForCompilation(QueryImpl.java:620)
	at org.apache.openjpa.kernel.QueryImpl.compileForExecutor(QueryImpl.java:682)
	at org.apache.openjpa.kernel.QueryImpl.compile(QueryImpl.java:589)
	at org.apache.openjpa.persistence.EntityManagerImpl.createNamedQuery(EntityManagerImpl.java:1038)
	at org.apache.openjpa.persistence.EntityManagerImpl.createNamedQuery(EntityManagerImpl.java:102)
	at org.apache.openejb.persistence.JtaEntityManager.createNamedQuery(JtaEntityManager.java:274)
	at rs.ac.uns.ftn.informatika.mbs2.vezbe09.primer01.server.session.UlogaKorisnikaDaoBean.findUlogaPoImenu(UlogaKorisnikaDaoBean.java:24)
	at sun.reflect.NativeMethodAccessorImpl.invoke0(Native Method)
	at sun.reflect.NativeMethodAccessorImpl.invoke(NativeMethodAccessorImpl.java:57)
	at sun.reflect.DelegatingMethodAccessorImpl.invoke(DelegatingMethodAccessorImpl.java:43)
	at java.lang.reflect.Method.invoke(Method.java:606)
	at org.apache.openejb.core.interceptor.ReflectionInvocationContext$Invocation.invoke(ReflectionInvocationContext.java:181)
	at org.apache.openejb.core.interceptor.ReflectionInvocationContext.proceed(ReflectionInvocationContext.java:163)
	at org.apache.openejb.cdi.CdiInterceptor.invoke(CdiInterceptor.java:128)
	at org.apache.openejb.cdi.CdiInterceptor.access$000(CdiInterceptor.java:43)
	at org.apache.openejb.cdi.CdiInterceptor$1.call(CdiInterceptor.java:64)
	at org.apache.openejb.cdi.CdiInterceptor.aroundInvoke(CdiInterceptor.java:70)
	at sun.reflect.NativeMethodAccessorImpl.invoke0(Native Method)
	at sun.reflect.NativeMethodAccessorImpl.invoke(NativeMethodAccessorImpl.java:57)
	at sun.reflect.DelegatingMethodAccessorImpl.invoke(DelegatingMethodAccessorImpl.java:43)
	at java.lang.reflect.Method.invoke(Method.java:606)
	at org.apache.openejb.core.interceptor.ReflectionInvocationContext$Invocation.invoke(ReflectionInvocationContext.java:181)
	at org.apache.openejb.core.interceptor.ReflectionInvocationContext.proceed(ReflectionInvocationContext.java:163)
	at org.apache.openejb.monitoring.StatsInterceptor.record(StatsInterceptor.java:176)
	at org.apache.openejb.monitoring.StatsInterceptor.invoke(StatsInterceptor.java:95)
	at sun.reflect.NativeMethodAccessorImpl.invoke0(Native Method)
	at sun.reflect.NativeMethodAccessorImpl.invoke(NativeMethodAccessorImpl.java:57)
	at sun.reflect.DelegatingMethodAccessorImpl.invoke(DelegatingMethodAccessorImpl.java:43)
	at java.lang.reflect.Method.invoke(Method.java:606)
	at org.apache.openejb.core.interceptor.ReflectionInvocationContext$Invocation.invoke(ReflectionInvocationContext.java:181)
	at org.apache.openejb.core.interceptor.ReflectionInvocationContext.proceed(ReflectionInvocationContext.java:163)
	at org.apache.openejb.core.interceptor.InterceptorStack.invoke(InterceptorStack.java:138)
	at org.apache.openejb.core.stateless.StatelessContainer._invoke(StatelessContainer.java:237)
	at org.apache.openejb.core.stateless.StatelessContainer.invoke(StatelessContainer.java:189)
	at org.apache.openejb.core.ivm.EjbObjectProxyHandler.synchronizedBusinessMethod(EjbObjectProxyHandler.java:253)
	at org.apache.openejb.core.ivm.EjbObjectProxyHandler.businessMethod(EjbObjectProxyHandler.java:248)
	at org.apache.openejb.core.ivm.EjbObjectProxyHandler._invoke(EjbObjectProxyHandler.java:92)
	at org.apache.openejb.core.ivm.BaseEjbProxyHandler.invoke(BaseEjbProxyHandler.java:279)
	... 21 more

Feb 15, 2016 7:37:14 PM org.apache.catalina.core.StandardWrapperValve invoke
SEVERE: Servlet.service() for servlet [RestoranDeleteController] in context with path [/Vezbe09] threw exception
java.lang.NullPointerException
	at rs.ac.uns.ftn.informatika.mbs2.vezbe09.primer01.server.servlet.RestoranDeleteController.doGet(RestoranDeleteController.java:66)
	at javax.servlet.http.HttpServlet.service(HttpServlet.java:621)
	at javax.servlet.http.HttpServlet.service(HttpServlet.java:722)
	at org.apache.catalina.core.ApplicationFilterChain.internalDoFilter(ApplicationFilterChain.java:305)
	at org.apache.catalina.core.ApplicationFilterChain.doFilter(ApplicationFilterChain.java:210)
	at org.apache.catalina.core.StandardWrapperValve.invoke(StandardWrapperValve.java:222)
	at org.apache.catalina.core.StandardContextValve.invoke(StandardContextValve.java:123)
	at org.apache.tomee.catalina.OpenEJBValve.invoke(OpenEJBValve.java:45)
	at org.apache.catalina.authenticator.AuthenticatorBase.invoke(AuthenticatorBase.java:472)
	at org.apache.catalina.core.StandardHostValve.invoke(StandardHostValve.java:168)
	at org.apache.catalina.valves.ErrorReportValve.invoke(ErrorReportValve.java:99)
	at org.apache.catalina.valves.AccessLogValve.invoke(AccessLogValve.java:929)
	at org.apache.catalina.core.StandardEngineValve.invoke(StandardEngineValve.java:118)
	at org.apache.catalina.connector.CoyoteAdapter.service(CoyoteAdapter.java:407)
	at org.apache.coyote.http11.AbstractHttp11Processor.process(AbstractHttp11Processor.java:1002)
	at org.apache.coyote.AbstractProtocol$AbstractConnectionHandler.process(AbstractProtocol.java:585)
	at org.apache.tomcat.util.net.JIoEndpoint$SocketProcessor.run(JIoEndpoint.java:310)
	at java.util.concurrent.ThreadPoolExecutor.runWorker(ThreadPoolExecutor.java:1145)
	at java.util.concurrent.ThreadPoolExecutor$Worker.run(ThreadPoolExecutor.java:615)
	at java.lang.Thread.run(Thread.java:745)

Feb 15, 2016 7:39:10 PM org.apache.catalina.core.StandardWrapperValve invoke
SEVERE: Servlet.service() for servlet [RestoranDeleteController] in context with path [/Vezbe09] threw exception
<openjpa-2.2.0-r422266:1244990 fatal user error> org.apache.openjpa.persistence.ArgumentException: There is no query with the name "DELETE FROM UlogaKorisnika WHERE id=1" defined for any of the known persistent classes: [rs.ac.uns.ftn.informatika.mbs2.vezbe09.primer01.server.entity.Jelovnik, rs.ac.uns.ftn.informatika.mbs2.vezbe09.primer01.server.entity.Prijatelji, rs.ac.uns.ftn.informatika.mbs2.vezbe09.primer01.server.entity.Menjac, rs.ac.uns.ftn.informatika.mbs2.vezbe09.primer01.server.entity.PozivPrijatelja, rs.ac.uns.ftn.informatika.mbs2.vezbe09.primer01.server.entity.Sto, rs.ac.uns.ftn.informatika.mbs2.vezbe09.primer01.server.entity.OcenaPrijatelja, rs.ac.uns.ftn.informatika.mbs2.vezbe09.primer01.server.entity.Restoran, rs.ac.uns.ftn.informatika.mbs2.vezbe09.primer01.server.entity.Gorivo, rs.ac.uns.ftn.informatika.mbs2.vezbe09.primer01.server.entity.UlogaKorisnika, rs.ac.uns.ftn.informatika.mbs2.vezbe09.primer01.server.entity.Korisnik, rs.ac.uns.ftn.informatika.mbs2.vezbe09.primer01.server.entity.Rezervacija, rs.ac.uns.ftn.informatika.mbs2.vezbe09.primer01.server.entity.Vozilo, rs.ac.uns.ftn.informatika.mbs2.vezbe09.primer01.server.entity.Jelo, rs.ac.uns.ftn.informatika.mbs2.vezbe09.primer01.server.entity.StavkaJelovnika].
	at org.apache.openjpa.meta.MetaDataRepository.getQueryMetaDataInternal(MetaDataRepository.java:1938)
	at org.apache.openjpa.meta.MetaDataRepository.getQueryMetaData(MetaDataRepository.java:1919)
	at org.apache.openjpa.persistence.EntityManagerImpl.createNamedQuery(EntityManagerImpl.java:1024)
	at org.apache.openjpa.persistence.EntityManagerImpl.createNamedQuery(EntityManagerImpl.java:102)
	at org.apache.openejb.persistence.JtaEntityManager.createNamedQuery(JtaEntityManager.java:274)
	at rs.ac.uns.ftn.informatika.mbs2.vezbe09.primer01.server.servlet.RestoranDeleteController.doGet(RestoranDeleteController.java:68)
	at javax.servlet.http.HttpServlet.service(HttpServlet.java:621)
	at javax.servlet.http.HttpServlet.service(HttpServlet.java:722)
	at org.apache.catalina.core.ApplicationFilterChain.internalDoFilter(ApplicationFilterChain.java:305)
	at org.apache.catalina.core.ApplicationFilterChain.doFilter(ApplicationFilterChain.java:210)
	at org.apache.catalina.core.StandardWrapperValve.invoke(StandardWrapperValve.java:222)
	at org.apache.catalina.core.StandardContextValve.invoke(StandardContextValve.java:123)
	at org.apache.tomee.catalina.OpenEJBValve.invoke(OpenEJBValve.java:45)
	at org.apache.catalina.authenticator.AuthenticatorBase.invoke(AuthenticatorBase.java:472)
	at org.apache.catalina.core.StandardHostValve.invoke(StandardHostValve.java:168)
	at org.apache.catalina.valves.ErrorReportValve.invoke(ErrorReportValve.java:99)
	at org.apache.catalina.valves.AccessLogValve.invoke(AccessLogValve.java:929)
	at org.apache.catalina.core.StandardEngineValve.invoke(StandardEngineValve.java:118)
	at org.apache.catalina.connector.CoyoteAdapter.service(CoyoteAdapter.java:407)
	at org.apache.coyote.http11.AbstractHttp11Processor.process(AbstractHttp11Processor.java:1002)
	at org.apache.coyote.AbstractProtocol$AbstractConnectionHandler.process(AbstractProtocol.java:585)
	at org.apache.tomcat.util.net.JIoEndpoint$SocketProcessor.run(JIoEndpoint.java:310)
	at java.util.concurrent.ThreadPoolExecutor.runWorker(ThreadPoolExecutor.java:1145)
	at java.util.concurrent.ThreadPoolExecutor$Worker.run(ThreadPoolExecutor.java:615)
	at java.lang.Thread.run(Thread.java:745)

Feb 15, 2016 7:45:41 PM org.apache.catalina.core.StandardWrapperValve invoke
SEVERE: Servlet.service() for servlet [RestoranDeleteController] in context with path [/Vezbe09] threw exception
<openjpa-2.2.0-r422266:1244990 nonfatal user error> org.apache.openjpa.persistence.ArgumentException: An error occurred while parsing the query filter "DELETE FROM restoran WHERE ID_restorana=2". Error message: The name "restoran" is not a recognized entity or identifier. Perhaps you meant Restoran, which is a close match. Known entity names: [OcenaPrijatelja, Menjac, PozivPrijatelja, Jelo, Gorivo, Jelovnik, Prijatelji, Rezervacija, Restoran, Vozilo, Korisnik, Sto, UlogaKorisnika, StavkaJelovnika]
	at org.apache.openjpa.kernel.exps.AbstractExpressionBuilder.parseException(AbstractExpressionBuilder.java:119)
	at org.apache.openjpa.kernel.jpql.JPQLExpressionBuilder.getClassMetaData(JPQLExpressionBuilder.java:194)
	at org.apache.openjpa.kernel.jpql.JPQLExpressionBuilder.resolveClassMetaData(JPQLExpressionBuilder.java:167)
	at org.apache.openjpa.kernel.jpql.JPQLExpressionBuilder.getCandidateMetaData(JPQLExpressionBuilder.java:242)
	at org.apache.openjpa.kernel.jpql.JPQLExpressionBuilder.getCandidateMetaData(JPQLExpressionBuilder.java:212)
	at org.apache.openjpa.kernel.jpql.JPQLExpressionBuilder.getCandidateType(JPQLExpressionBuilder.java:205)
	at org.apache.openjpa.kernel.jpql.JPQLExpressionBuilder.access$200(JPQLExpressionBuilder.java:80)
	at org.apache.openjpa.kernel.jpql.JPQLExpressionBuilder$ParsedJPQL.populate(JPQLExpressionBuilder.java:2417)
	at org.apache.openjpa.kernel.jpql.JPQLParser.populate(JPQLParser.java:61)
	at org.apache.openjpa.kernel.ExpressionStoreQuery.populateFromCompilation(ExpressionStoreQuery.java:162)
	at org.apache.openjpa.kernel.QueryImpl.newCompilation(QueryImpl.java:673)
	at org.apache.openjpa.kernel.QueryImpl.compilationFromCache(QueryImpl.java:654)
	at org.apache.openjpa.kernel.QueryImpl.compileForCompilation(QueryImpl.java:620)
	at org.apache.openjpa.kernel.QueryImpl.compileForExecutor(QueryImpl.java:682)
	at org.apache.openjpa.kernel.QueryImpl.compile(QueryImpl.java:589)
	at org.apache.openjpa.persistence.EntityManagerImpl.createQuery(EntityManagerImpl.java:997)
	at org.apache.openjpa.persistence.EntityManagerImpl.createQuery(EntityManagerImpl.java:979)
	at org.apache.openjpa.persistence.EntityManagerImpl.createQuery(EntityManagerImpl.java:102)
	at org.apache.openejb.persistence.JtaEntityManager.createQuery(JtaEntityManager.java:263)
	at rs.ac.uns.ftn.informatika.mbs2.vezbe09.primer01.server.servlet.RestoranDeleteController.doGet(RestoranDeleteController.java:69)
	at javax.servlet.http.HttpServlet.service(HttpServlet.java:621)
	at javax.servlet.http.HttpServlet.service(HttpServlet.java:722)
	at org.apache.catalina.core.ApplicationFilterChain.internalDoFilter(ApplicationFilterChain.java:305)
	at org.apache.catalina.core.ApplicationFilterChain.doFilter(ApplicationFilterChain.java:210)
	at org.apache.catalina.core.StandardWrapperValve.invoke(StandardWrapperValve.java:222)
	at org.apache.catalina.core.StandardContextValve.invoke(StandardContextValve.java:123)
	at org.apache.tomee.catalina.OpenEJBValve.invoke(OpenEJBValve.java:45)
	at org.apache.catalina.authenticator.AuthenticatorBase.invoke(AuthenticatorBase.java:472)
	at org.apache.catalina.core.StandardHostValve.invoke(StandardHostValve.java:168)
	at org.apache.catalina.valves.ErrorReportValve.invoke(ErrorReportValve.java:99)
	at org.apache.catalina.valves.AccessLogValve.invoke(AccessLogValve.java:929)
	at org.apache.catalina.core.StandardEngineValve.invoke(StandardEngineValve.java:118)
	at org.apache.catalina.connector.CoyoteAdapter.service(CoyoteAdapter.java:407)
	at org.apache.coyote.http11.AbstractHttp11Processor.process(AbstractHttp11Processor.java:1002)
	at org.apache.coyote.AbstractProtocol$AbstractConnectionHandler.process(AbstractProtocol.java:585)
	at org.apache.tomcat.util.net.JIoEndpoint$SocketProcessor.run(JIoEndpoint.java:310)
	at java.util.concurrent.ThreadPoolExecutor.runWorker(ThreadPoolExecutor.java:1145)
	at java.util.concurrent.ThreadPoolExecutor$Worker.run(ThreadPoolExecutor.java:615)
	at java.lang.Thread.run(Thread.java:745)

Feb 15, 2016 7:52:57 PM org.apache.catalina.core.StandardWrapperValve invoke
SEVERE: Servlet.service() for servlet [RestoranDeleteController] in context with path [/Vezbe09] threw exception
<openjpa-2.2.0-r422266:1244990 nonfatal user error> org.apache.openjpa.persistence.ArgumentException: "Encountered "FROM" at character 8, but expected: ["(", "+", "-", ":", "?", "ABS", "AVG", "CASE", "COALESCE", "CONCAT", "COUNT", "CURRENT_DATE", "CURRENT_TIME", "CURRENT_TIMESTAMP", "DISTINCT", "ENTRY", "INDEX", "KEY", "LENGTH", "LOCATE", "LOWER", "MAX", "MIN", "MOD", "NEW", "NULLIF", "OBJECT", "SIZE", "SQRT", "SUBSTRING", "SUM", "TRIM", "TYPE", "UPPER", "VALUE", <BOOLEAN_LITERAL>, <DATE_LITERAL>, <DECIMAL_LITERAL>, <IDENTIFIER>, <INTEGER_LITERAL>, <STRING_LITERAL2>, <STRING_LITERAL>, <TIMESTAMP_LITERAL>, <TIME_LITERAL>]." while parsing JPQL "SELECT FROM Restoran WHERE id=1". See nested stack trace for original parse error.
	at org.apache.openjpa.kernel.jpql.JPQLParser.parse(JPQLParser.java:51)
	at org.apache.openjpa.kernel.ExpressionStoreQuery.newCompilation(ExpressionStoreQuery.java:154)
	at org.apache.openjpa.kernel.QueryImpl.newCompilation(QueryImpl.java:672)
	at org.apache.openjpa.kernel.QueryImpl.compilationFromCache(QueryImpl.java:654)
	at org.apache.openjpa.kernel.QueryImpl.compileForCompilation(QueryImpl.java:620)
	at org.apache.openjpa.kernel.QueryImpl.compileForExecutor(QueryImpl.java:682)
	at org.apache.openjpa.kernel.QueryImpl.compile(QueryImpl.java:589)
	at org.apache.openjpa.persistence.EntityManagerImpl.createQuery(EntityManagerImpl.java:997)
	at org.apache.openjpa.persistence.EntityManagerImpl.createQuery(EntityManagerImpl.java:979)
	at org.apache.openjpa.persistence.EntityManagerImpl.createQuery(EntityManagerImpl.java:102)
	at org.apache.openejb.persistence.JtaEntityManager.createQuery(JtaEntityManager.java:263)
	at rs.ac.uns.ftn.informatika.mbs2.vezbe09.primer01.server.servlet.RestoranDeleteController.doGet(RestoranDeleteController.java:71)
	at javax.servlet.http.HttpServlet.service(HttpServlet.java:621)
	at javax.servlet.http.HttpServlet.service(HttpServlet.java:722)
	at org.apache.catalina.core.ApplicationFilterChain.internalDoFilter(ApplicationFilterChain.java:305)
	at org.apache.catalina.core.ApplicationFilterChain.doFilter(ApplicationFilterChain.java:210)
	at org.apache.catalina.core.StandardWrapperValve.invoke(StandardWrapperValve.java:222)
	at org.apache.catalina.core.StandardContextValve.invoke(StandardContextValve.java:123)
	at org.apache.tomee.catalina.OpenEJBValve.invoke(OpenEJBValve.java:45)
	at org.apache.catalina.authenticator.AuthenticatorBase.invoke(AuthenticatorBase.java:472)
	at org.apache.catalina.core.StandardHostValve.invoke(StandardHostValve.java:168)
	at org.apache.catalina.valves.ErrorReportValve.invoke(ErrorReportValve.java:99)
	at org.apache.catalina.valves.AccessLogValve.invoke(AccessLogValve.java:929)
	at org.apache.catalina.core.StandardEngineValve.invoke(StandardEngineValve.java:118)
	at org.apache.catalina.connector.CoyoteAdapter.service(CoyoteAdapter.java:407)
	at org.apache.coyote.http11.AbstractHttp11Processor.process(AbstractHttp11Processor.java:1002)
	at org.apache.coyote.AbstractProtocol$AbstractConnectionHandler.process(AbstractProtocol.java:585)
	at org.apache.tomcat.util.net.JIoEndpoint$SocketProcessor.run(JIoEndpoint.java:310)
	at java.util.concurrent.ThreadPoolExecutor.runWorker(ThreadPoolExecutor.java:1145)
	at java.util.concurrent.ThreadPoolExecutor$Worker.run(ThreadPoolExecutor.java:615)
	at java.lang.Thread.run(Thread.java:745)
Caused by: <openjpa-2.2.0-r422266:1244990 nonfatal user error> org.apache.openjpa.persistence.ArgumentException: Encountered "FROM" at character 8, but expected: ["(", "+", "-", ":", "?", "ABS", "AVG", "CASE", "COALESCE", "CONCAT", "COUNT", "CURRENT_DATE", "CURRENT_TIME", "CURRENT_TIMESTAMP", "DISTINCT", "ENTRY", "INDEX", "KEY", "LENGTH", "LOCATE", "LOWER", "MAX", "MIN", "MOD", "NEW", "NULLIF", "OBJECT", "SIZE", "SQRT", "SUBSTRING", "SUM", "TRIM", "TYPE", "UPPER", "VALUE", <BOOLEAN_LITERAL>, <DATE_LITERAL>, <DECIMAL_LITERAL>, <IDENTIFIER>, <INTEGER_LITERAL>, <STRING_LITERAL2>, <STRING_LITERAL>, <TIMESTAMP_LITERAL>, <TIME_LITERAL>].
	at org.apache.openjpa.kernel.jpql.JPQL.generateParseException(JPQL.java:13162)
	at org.apache.openjpa.kernel.jpql.JPQL.jj_consume_token(JPQL.java:13036)
	at org.apache.openjpa.kernel.jpql.JPQL.select_expression(JPQL.java:1001)
	at org.apache.openjpa.kernel.jpql.JPQL.select_expressions(JPQL.java:930)
	at org.apache.openjpa.kernel.jpql.JPQL.select_clause(JPQL.java:865)
	at org.apache.openjpa.kernel.jpql.JPQL.select_statement(JPQL.java:87)
	at org.apache.openjpa.kernel.jpql.JPQL.parseQuery(JPQL.java:63)
	at org.apache.openjpa.kernel.jpql.JPQLExpressionBuilder$ParsedJPQL.parse(JPQLExpressionBuilder.java:2401)
	at org.apache.openjpa.kernel.jpql.JPQLExpressionBuilder$ParsedJPQL.<init>(JPQLExpressionBuilder.java:2388)
	at org.apache.openjpa.kernel.jpql.JPQLParser.parse(JPQLParser.java:49)
	... 30 more

Feb 15, 2016 7:57:54 PM org.apache.catalina.core.StandardWrapperValve invoke
SEVERE: Servlet.service() for servlet [RestoranDeleteController] in context with path [/Vezbe09] threw exception
<openjpa-2.2.0-r422266:1244990 nonfatal user error> org.apache.openjpa.persistence.ArgumentException: "Encountered "r" at character 8, but expected: ["FROM"]." while parsing JPQL "DELETE r FROM Restoran r WHERE r.id=2". See nested stack trace for original parse error.
	at org.apache.openjpa.kernel.jpql.JPQLParser.parse(JPQLParser.java:51)
	at org.apache.openjpa.kernel.ExpressionStoreQuery.newCompilation(ExpressionStoreQuery.java:154)
	at org.apache.openjpa.kernel.QueryImpl.newCompilation(QueryImpl.java:672)
	at org.apache.openjpa.kernel.QueryImpl.compilationFromCache(QueryImpl.java:654)
	at org.apache.openjpa.kernel.QueryImpl.compileForCompilation(QueryImpl.java:620)
	at org.apache.openjpa.kernel.QueryImpl.compileForExecutor(QueryImpl.java:682)
	at org.apache.openjpa.kernel.QueryImpl.compile(QueryImpl.java:589)
	at org.apache.openjpa.persistence.EntityManagerImpl.createQuery(EntityManagerImpl.java:997)
	at org.apache.openjpa.persistence.EntityManagerImpl.createQuery(EntityManagerImpl.java:979)
	at org.apache.openjpa.persistence.EntityManagerImpl.createQuery(EntityManagerImpl.java:102)
	at org.apache.openejb.persistence.JtaEntityManager.createQuery(JtaEntityManager.java:263)
	at rs.ac.uns.ftn.informatika.mbs2.vezbe09.primer01.server.servlet.RestoranDeleteController.doGet(RestoranDeleteController.java:70)
	at javax.servlet.http.HttpServlet.service(HttpServlet.java:621)
	at javax.servlet.http.HttpServlet.service(HttpServlet.java:722)
	at org.apache.catalina.core.ApplicationFilterChain.internalDoFilter(ApplicationFilterChain.java:305)
	at org.apache.catalina.core.ApplicationFilterChain.doFilter(ApplicationFilterChain.java:210)
	at org.apache.catalina.core.StandardWrapperValve.invoke(StandardWrapperValve.java:222)
	at org.apache.catalina.core.StandardContextValve.invoke(StandardContextValve.java:123)
	at org.apache.tomee.catalina.OpenEJBValve.invoke(OpenEJBValve.java:45)
	at org.apache.catalina.authenticator.AuthenticatorBase.invoke(AuthenticatorBase.java:472)
	at org.apache.catalina.core.StandardHostValve.invoke(StandardHostValve.java:168)
	at org.apache.catalina.valves.ErrorReportValve.invoke(ErrorReportValve.java:99)
	at org.apache.catalina.valves.AccessLogValve.invoke(AccessLogValve.java:929)
	at org.apache.catalina.core.StandardEngineValve.invoke(StandardEngineValve.java:118)
	at org.apache.catalina.connector.CoyoteAdapter.service(CoyoteAdapter.java:407)
	at org.apache.coyote.http11.AbstractHttp11Processor.process(AbstractHttp11Processor.java:1002)
	at org.apache.coyote.AbstractProtocol$AbstractConnectionHandler.process(AbstractProtocol.java:585)
	at org.apache.tomcat.util.net.JIoEndpoint$SocketProcessor.run(JIoEndpoint.java:310)
	at java.util.concurrent.ThreadPoolExecutor.runWorker(ThreadPoolExecutor.java:1145)
	at java.util.concurrent.ThreadPoolExecutor$Worker.run(ThreadPoolExecutor.java:615)
	at java.lang.Thread.run(Thread.java:745)
Caused by: <openjpa-2.2.0-r422266:1244990 nonfatal user error> org.apache.openjpa.persistence.ArgumentException: Encountered "r" at character 8, but expected: ["FROM"].
	at org.apache.openjpa.kernel.jpql.JPQL.generateParseException(JPQL.java:13162)
	at org.apache.openjpa.kernel.jpql.JPQL.jj_consume_token(JPQL.java:13036)
	at org.apache.openjpa.kernel.jpql.JPQL.delete_statement(JPQL.java:185)
	at org.apache.openjpa.kernel.jpql.JPQL.parseQuery(JPQL.java:69)
	at org.apache.openjpa.kernel.jpql.JPQLExpressionBuilder$ParsedJPQL.parse(JPQLExpressionBuilder.java:2401)
	at org.apache.openjpa.kernel.jpql.JPQLExpressionBuilder$ParsedJPQL.<init>(JPQLExpressionBuilder.java:2388)
	at org.apache.openjpa.kernel.jpql.JPQLParser.parse(JPQLParser.java:49)
	... 30 more

Feb 15, 2016 10:47:40 PM org.apache.catalina.core.StandardWrapperValve invoke
SEVERE: Servlet.service() for servlet [RestoranUpdateController] in context with path [/Vezbe09] threw exception
javax.ejb.EJBException: The bean encountered a non-application exception; nested exception is: 
	<openjpa-2.2.0-r422266:1244990 nonfatal store error> org.apache.openjpa.persistence.EntityExistsException: Attempt to persist detached object "rs.ac.uns.ftn.informatika.mbs2.vezbe09.primer01.server.entity.Restoran-1".  If this is a new instance, make sure any version and/or auto-generated primary key fields are null/default when persisting.
FailedObject: rs.ac.uns.ftn.informatika.mbs2.vezbe09.primer01.server.entity.Restoran-1
	at org.apache.openejb.core.ivm.BaseEjbProxyHandler.convertException(BaseEjbProxyHandler.java:363)
	at org.apache.openejb.core.ivm.BaseEjbProxyHandler.invoke(BaseEjbProxyHandler.java:283)
	at com.sun.proxy.$Proxy79.persist(Unknown Source)
	at rs.ac.uns.ftn.informatika.mbs2.vezbe09.primer01.server.servlet.RestoranUpdateController.doGet(RestoranUpdateController.java:53)
	at rs.ac.uns.ftn.informatika.mbs2.vezbe09.primer01.server.servlet.RestoranUpdateController.doPost(RestoranUpdateController.java:70)
	at javax.servlet.http.HttpServlet.service(HttpServlet.java:641)
	at javax.servlet.http.HttpServlet.service(HttpServlet.java:722)
	at org.apache.catalina.core.ApplicationFilterChain.internalDoFilter(ApplicationFilterChain.java:305)
	at org.apache.catalina.core.ApplicationFilterChain.doFilter(ApplicationFilterChain.java:210)
	at org.apache.catalina.core.StandardWrapperValve.invoke(StandardWrapperValve.java:222)
	at org.apache.catalina.core.StandardContextValve.invoke(StandardContextValve.java:123)
	at org.apache.tomee.catalina.OpenEJBValve.invoke(OpenEJBValve.java:45)
	at org.apache.catalina.authenticator.AuthenticatorBase.invoke(AuthenticatorBase.java:472)
	at org.apache.catalina.core.StandardHostValve.invoke(StandardHostValve.java:168)
	at org.apache.catalina.valves.ErrorReportValve.invoke(ErrorReportValve.java:99)
	at org.apache.catalina.valves.AccessLogValve.invoke(AccessLogValve.java:929)
	at org.apache.catalina.core.StandardEngineValve.invoke(StandardEngineValve.java:118)
	at org.apache.catalina.connector.CoyoteAdapter.service(CoyoteAdapter.java:407)
	at org.apache.coyote.http11.AbstractHttp11Processor.process(AbstractHttp11Processor.java:1002)
	at org.apache.coyote.AbstractProtocol$AbstractConnectionHandler.process(AbstractProtocol.java:585)
	at org.apache.tomcat.util.net.JIoEndpoint$SocketProcessor.run(JIoEndpoint.java:310)
	at java.util.concurrent.ThreadPoolExecutor.runWorker(ThreadPoolExecutor.java:1145)
	at java.util.concurrent.ThreadPoolExecutor$Worker.run(ThreadPoolExecutor.java:615)
	at java.lang.Thread.run(Thread.java:745)
Caused by: <openjpa-2.2.0-r422266:1244990 nonfatal store error> org.apache.openjpa.persistence.EntityExistsException: Attempt to persist detached object "rs.ac.uns.ftn.informatika.mbs2.vezbe09.primer01.server.entity.Restoran-1".  If this is a new instance, make sure any version and/or auto-generated primary key fields are null/default when persisting.
FailedObject: rs.ac.uns.ftn.informatika.mbs2.vezbe09.primer01.server.entity.Restoran-1
	at org.apache.openjpa.kernel.BrokerImpl.persistInternal(BrokerImpl.java:2628)
	at org.apache.openjpa.kernel.BrokerImpl.persist(BrokerImpl.java:2571)
	at org.apache.openjpa.kernel.BrokerImpl.persist(BrokerImpl.java:2554)
	at org.apache.openjpa.kernel.BrokerImpl.persist(BrokerImpl.java:2458)
	at org.apache.openjpa.kernel.DelegatingBroker.persist(DelegatingBroker.java:1077)
	at org.apache.openjpa.persistence.EntityManagerImpl.persist(EntityManagerImpl.java:716)
	at org.apache.openejb.persistence.JtaEntityManager.persist(JtaEntityManager.java:126)
	at rs.ac.uns.ftn.informatika.mbs2.vezbe09.primer01.server.session.GenericDaoBean.persist(GenericDaoBean.java:50)
	at sun.reflect.NativeMethodAccessorImpl.invoke0(Native Method)
	at sun.reflect.NativeMethodAccessorImpl.invoke(NativeMethodAccessorImpl.java:57)
	at sun.reflect.DelegatingMethodAccessorImpl.invoke(DelegatingMethodAccessorImpl.java:43)
	at java.lang.reflect.Method.invoke(Method.java:606)
	at org.apache.openejb.core.interceptor.ReflectionInvocationContext$Invocation.invoke(ReflectionInvocationContext.java:181)
	at org.apache.openejb.core.interceptor.ReflectionInvocationContext.proceed(ReflectionInvocationContext.java:163)
	at org.apache.openejb.cdi.CdiInterceptor.invoke(CdiInterceptor.java:128)
	at org.apache.openejb.cdi.CdiInterceptor.access$000(CdiInterceptor.java:43)
	at org.apache.openejb.cdi.CdiInterceptor$1.call(CdiInterceptor.java:64)
	at org.apache.openejb.cdi.CdiInterceptor.aroundInvoke(CdiInterceptor.java:70)
	at sun.reflect.NativeMethodAccessorImpl.invoke0(Native Method)
	at sun.reflect.NativeMethodAccessorImpl.invoke(NativeMethodAccessorImpl.java:57)
	at sun.reflect.DelegatingMethodAccessorImpl.invoke(DelegatingMethodAccessorImpl.java:43)
	at java.lang.reflect.Method.invoke(Method.java:606)
	at org.apache.openejb.core.interceptor.ReflectionInvocationContext$Invocation.invoke(ReflectionInvocationContext.java:181)
	at org.apache.openejb.core.interceptor.ReflectionInvocationContext.proceed(ReflectionInvocationContext.java:163)
	at org.apache.openejb.monitoring.StatsInterceptor.record(StatsInterceptor.java:176)
	at org.apache.openejb.monitoring.StatsInterceptor.invoke(StatsInterceptor.java:95)
	at sun.reflect.NativeMethodAccessorImpl.invoke0(Native Method)
	at sun.reflect.NativeMethodAccessorImpl.invoke(NativeMethodAccessorImpl.java:57)
	at sun.reflect.DelegatingMethodAccessorImpl.invoke(DelegatingMethodAccessorImpl.java:43)
	at java.lang.reflect.Method.invoke(Method.java:606)
	at org.apache.openejb.core.interceptor.ReflectionInvocationContext$Invocation.invoke(ReflectionInvocationContext.java:181)
	at org.apache.openejb.core.interceptor.ReflectionInvocationContext.proceed(ReflectionInvocationContext.java:163)
	at org.apache.openejb.core.interceptor.InterceptorStack.invoke(InterceptorStack.java:138)
	at org.apache.openejb.core.stateless.StatelessContainer._invoke(StatelessContainer.java:237)
	at org.apache.openejb.core.stateless.StatelessContainer.invoke(StatelessContainer.java:189)
	at org.apache.openejb.core.ivm.EjbObjectProxyHandler.synchronizedBusinessMethod(EjbObjectProxyHandler.java:253)
	at org.apache.openejb.core.ivm.EjbObjectProxyHandler.businessMethod(EjbObjectProxyHandler.java:248)
	at org.apache.openejb.core.ivm.EjbObjectProxyHandler._invoke(EjbObjectProxyHandler.java:92)
	at org.apache.openejb.core.ivm.BaseEjbProxyHandler.invoke(BaseEjbProxyHandler.java:279)
	... 22 more

