Feb 20, 2016 1:34:19 PM org.apache.catalina.core.StandardWrapperValve invoke
SEVERE: Servlet.service() for servlet [PozivnicaController] in context with path [/Vezbe09] threw exception
java.lang.NumberFormatException: For input string: "null"
	at java.lang.NumberFormatException.forInputString(NumberFormatException.java:65)
	at java.lang.Integer.parseInt(Integer.java:492)
	at java.lang.Integer.parseInt(Integer.java:527)
	at rs.ac.uns.ftn.informatika.mbs2.vezbe09.primer01.server.servlet.PozivnicaController.doGet(PozivnicaController.java:51)
	at javax.servlet.http.HttpServlet.service(HttpServlet.java:621)
	at javax.servlet.http.HttpServlet.service(HttpServlet.java:722)
	at org.apache.catalina.core.ApplicationFilterChain.internalDoFilter(ApplicationFilterChain.java:305)
	at org.apache.catalina.core.ApplicationFilterChain.doFilter(ApplicationFilterChain.java:210)
	at org.apache.catalina.core.StandardWrapperValve.invoke(StandardWrapperValve.java:222)
	at org.apache.catalina.core.StandardContextValve.invoke(StandardContextValve.java:123)
	at org.apache.tomee.catalina.OpenEJBValve.invoke(OpenEJBValve.java:45)
	at org.apache.catalina.authenticator.AuthenticatorBase.invoke(AuthenticatorBase.java:472)
	at org.apache.catalina.core.StandardHostValve.invoke(StandardHostValve.java:168)
	at org.apache.catalina.valves.ErrorReportValve.invoke(ErrorReportValve.java:99)
	at org.apache.catalina.valves.AccessLogValve.invoke(AccessLogValve.java:929)
	at org.apache.catalina.core.StandardEngineValve.invoke(StandardEngineValve.java:118)
	at org.apache.catalina.connector.CoyoteAdapter.service(CoyoteAdapter.java:407)
	at org.apache.coyote.http11.AbstractHttp11Processor.process(AbstractHttp11Processor.java:1002)
	at org.apache.coyote.AbstractProtocol$AbstractConnectionHandler.process(AbstractProtocol.java:585)
	at org.apache.tomcat.util.net.JIoEndpoint$SocketProcessor.run(JIoEndpoint.java:310)
	at java.util.concurrent.ThreadPoolExecutor.runWorker(ThreadPoolExecutor.java:1145)
	at java.util.concurrent.ThreadPoolExecutor$Worker.run(ThreadPoolExecutor.java:615)
	at java.lang.Thread.run(Thread.java:745)

Feb 20, 2016 5:12:12 PM org.apache.catalina.core.StandardWrapperValve invoke
SEVERE: Servlet.service() for servlet [PozivnicaDeleteController] in context with path [/Vezbe09] threw exception
javax.ejb.EJBTransactionRolledbackException: Transaction was rolled back, presumably because setRollbackOnly was called during a synchronization
	at org.apache.openejb.core.ivm.BaseEjbProxyHandler.convertException(BaseEjbProxyHandler.java:345)
	at org.apache.openejb.core.ivm.BaseEjbProxyHandler.invoke(BaseEjbProxyHandler.java:283)
	at com.sun.proxy.$Proxy86.remove(Unknown Source)
	at rs.ac.uns.ftn.informatika.mbs2.vezbe09.primer01.server.servlet.PozivnicaDeleteController.doGet(PozivnicaDeleteController.java:63)
	at javax.servlet.http.HttpServlet.service(HttpServlet.java:621)
	at javax.servlet.http.HttpServlet.service(HttpServlet.java:722)
	at org.apache.catalina.core.ApplicationFilterChain.internalDoFilter(ApplicationFilterChain.java:305)
	at org.apache.catalina.core.ApplicationFilterChain.doFilter(ApplicationFilterChain.java:210)
	at org.apache.catalina.core.StandardWrapperValve.invoke(StandardWrapperValve.java:222)
	at org.apache.catalina.core.StandardContextValve.invoke(StandardContextValve.java:123)
	at org.apache.tomee.catalina.OpenEJBValve.invoke(OpenEJBValve.java:45)
	at org.apache.catalina.authenticator.AuthenticatorBase.invoke(AuthenticatorBase.java:472)
	at org.apache.catalina.core.StandardHostValve.invoke(StandardHostValve.java:168)
	at org.apache.catalina.valves.ErrorReportValve.invoke(ErrorReportValve.java:99)
	at org.apache.catalina.valves.AccessLogValve.invoke(AccessLogValve.java:929)
	at org.apache.catalina.core.StandardEngineValve.invoke(StandardEngineValve.java:118)
	at org.apache.catalina.connector.CoyoteAdapter.service(CoyoteAdapter.java:407)
	at org.apache.coyote.http11.AbstractHttp11Processor.process(AbstractHttp11Processor.java:1002)
	at org.apache.coyote.AbstractProtocol$AbstractConnectionHandler.process(AbstractProtocol.java:585)
	at org.apache.tomcat.util.net.JIoEndpoint$SocketProcessor.run(JIoEndpoint.java:310)
	at java.util.concurrent.ThreadPoolExecutor.runWorker(ThreadPoolExecutor.java:1145)
	at java.util.concurrent.ThreadPoolExecutor$Worker.run(ThreadPoolExecutor.java:615)
	at java.lang.Thread.run(Thread.java:745)
Caused by: javax.transaction.RollbackException: Unable to commit: transaction marked for rollback
	at org.apache.geronimo.transaction.manager.TransactionImpl.commit(TransactionImpl.java:272)
	at org.apache.geronimo.transaction.manager.TransactionManagerImpl.commit(TransactionManagerImpl.java:252)
	at org.apache.openejb.core.transaction.JtaTransactionPolicy.completeTransaction(JtaTransactionPolicy.java:328)
	at org.apache.openejb.core.transaction.TxRequired.commit(TxRequired.java:75)
	at org.apache.openejb.core.transaction.EjbTransactionUtil.afterInvoke(EjbTransactionUtil.java:73)
	at org.apache.openejb.core.stateless.StatelessContainer._invoke(StatelessContainer.java:257)
	at org.apache.openejb.core.stateless.StatelessContainer.invoke(StatelessContainer.java:189)
	at org.apache.openejb.core.ivm.EjbObjectProxyHandler.synchronizedBusinessMethod(EjbObjectProxyHandler.java:253)
	at org.apache.openejb.core.ivm.EjbObjectProxyHandler.businessMethod(EjbObjectProxyHandler.java:248)
	at org.apache.openejb.core.ivm.EjbObjectProxyHandler._invoke(EjbObjectProxyHandler.java:92)
	at org.apache.openejb.core.ivm.BaseEjbProxyHandler.invoke(BaseEjbProxyHandler.java:279)
	... 21 more
Caused by: org.apache.geronimo.transaction.manager.SetRollbackOnlyException: setRollbackOnly() called.  See stacktrace for origin
	at org.apache.geronimo.transaction.manager.TransactionImpl.setRollbackOnly(TransactionImpl.java:126)
	at org.apache.geronimo.transaction.manager.TransactionManagerImpl.setRollbackOnly(TransactionManagerImpl.java:243)
	at org.apache.openejb.core.TransactionSynchronizationRegistryWrapper.setRollbackOnly(TransactionSynchronizationRegistryWrapper.java:71)
	at org.apache.openjpa.ee.RegistryManagedRuntime$TransactionManagerRegistryFacade.setRollbackOnly(RegistryManagedRuntime.java:128)
	at org.apache.openjpa.ee.RegistryManagedRuntime.setRollbackOnly(RegistryManagedRuntime.java:74)
	at org.apache.openjpa.ee.AutomaticManagedRuntime.setRollbackOnly(AutomaticManagedRuntime.java:274)
	at org.apache.openjpa.kernel.BrokerImpl.setRollbackOnlyInternal(BrokerImpl.java:1660)
	at org.apache.openjpa.kernel.BrokerImpl.setRollbackOnly(BrokerImpl.java:1640)
	at org.apache.openjpa.kernel.DelegatingBroker.setRollbackOnly(DelegatingBroker.java:981)
	at org.apache.openjpa.persistence.EntityManagerImpl.setRollbackOnly(EntityManagerImpl.java:631)
	at org.apache.openjpa.persistence.PersistenceExceptions$2.translate(PersistenceExceptions.java:77)
	at org.apache.openjpa.kernel.BrokerImpl.translateManagedCompletionException(BrokerImpl.java:2060)
	at org.apache.openjpa.kernel.BrokerImpl.beforeCompletion(BrokerImpl.java:1994)
	at org.apache.geronimo.transaction.manager.TransactionImpl.beforeCompletion(TransactionImpl.java:527)
	at org.apache.geronimo.transaction.manager.TransactionImpl.beforeCompletion(TransactionImpl.java:512)
	at org.apache.geronimo.transaction.manager.TransactionImpl.beforePrepare(TransactionImpl.java:413)
	at org.apache.geronimo.transaction.manager.TransactionImpl.commit(TransactionImpl.java:262)
	... 31 more

Feb 20, 2016 6:44:25 PM org.apache.catalina.core.StandardWrapperValve invoke
SEVERE: Servlet.service() for servlet [RezervacijaKorak3Controller] in context with path [/Vezbe09] threw exception
java.lang.NumberFormatException: For input string: ""
	at java.lang.NumberFormatException.forInputString(NumberFormatException.java:65)
	at java.lang.Integer.parseInt(Integer.java:504)
	at java.lang.Integer.parseInt(Integer.java:527)
	at rs.ac.uns.ftn.informatika.mbs2.vezbe09.primer01.server.servlet.RezervacijaKorak3Controller.doGet(RezervacijaKorak3Controller.java:59)
	at javax.servlet.http.HttpServlet.service(HttpServlet.java:621)
	at javax.servlet.http.HttpServlet.service(HttpServlet.java:722)
	at org.apache.catalina.core.ApplicationFilterChain.internalDoFilter(ApplicationFilterChain.java:305)
	at org.apache.catalina.core.ApplicationFilterChain.doFilter(ApplicationFilterChain.java:210)
	at org.apache.catalina.core.StandardWrapperValve.invoke(StandardWrapperValve.java:222)
	at org.apache.catalina.core.StandardContextValve.invoke(StandardContextValve.java:123)
	at org.apache.tomee.catalina.OpenEJBValve.invoke(OpenEJBValve.java:45)
	at org.apache.catalina.authenticator.AuthenticatorBase.invoke(AuthenticatorBase.java:472)
	at org.apache.catalina.core.StandardHostValve.invoke(StandardHostValve.java:168)
	at org.apache.catalina.valves.ErrorReportValve.invoke(ErrorReportValve.java:99)
	at org.apache.catalina.valves.AccessLogValve.invoke(AccessLogValve.java:929)
	at org.apache.catalina.core.StandardEngineValve.invoke(StandardEngineValve.java:118)
	at org.apache.catalina.connector.CoyoteAdapter.service(CoyoteAdapter.java:407)
	at org.apache.coyote.http11.AbstractHttp11Processor.process(AbstractHttp11Processor.java:1002)
	at org.apache.coyote.AbstractProtocol$AbstractConnectionHandler.process(AbstractProtocol.java:585)
	at org.apache.tomcat.util.net.JIoEndpoint$SocketProcessor.run(JIoEndpoint.java:310)
	at java.util.concurrent.ThreadPoolExecutor.runWorker(ThreadPoolExecutor.java:1145)
	at java.util.concurrent.ThreadPoolExecutor$Worker.run(ThreadPoolExecutor.java:615)
	at java.lang.Thread.run(Thread.java:745)

Feb 20, 2016 6:47:49 PM org.apache.catalina.core.StandardWrapperValve invoke
SEVERE: Servlet.service() for servlet [RezervacijaCreateController] in context with path [/Vezbe09] threw exception
java.lang.StringIndexOutOfBoundsException: String index out of range: -2
	at java.lang.String.substring(String.java:1875)
	at rs.ac.uns.ftn.informatika.mbs2.vezbe09.primer01.server.servlet.RezervacijaCreateController.doGet(RezervacijaCreateController.java:98)
	at javax.servlet.http.HttpServlet.service(HttpServlet.java:621)
	at javax.servlet.http.HttpServlet.service(HttpServlet.java:722)
	at org.apache.catalina.core.ApplicationFilterChain.internalDoFilter(ApplicationFilterChain.java:305)
	at org.apache.catalina.core.ApplicationFilterChain.doFilter(ApplicationFilterChain.java:210)
	at org.apache.catalina.core.StandardWrapperValve.invoke(StandardWrapperValve.java:222)
	at org.apache.catalina.core.StandardContextValve.invoke(StandardContextValve.java:123)
	at org.apache.tomee.catalina.OpenEJBValve.invoke(OpenEJBValve.java:45)
	at org.apache.catalina.authenticator.AuthenticatorBase.invoke(AuthenticatorBase.java:472)
	at org.apache.catalina.core.StandardHostValve.invoke(StandardHostValve.java:168)
	at org.apache.catalina.valves.ErrorReportValve.invoke(ErrorReportValve.java:99)
	at org.apache.catalina.valves.AccessLogValve.invoke(AccessLogValve.java:929)
	at org.apache.catalina.core.StandardEngineValve.invoke(StandardEngineValve.java:118)
	at org.apache.catalina.connector.CoyoteAdapter.service(CoyoteAdapter.java:407)
	at org.apache.coyote.http11.AbstractHttp11Processor.process(AbstractHttp11Processor.java:1002)
	at org.apache.coyote.AbstractProtocol$AbstractConnectionHandler.process(AbstractProtocol.java:585)
	at org.apache.tomcat.util.net.JIoEndpoint$SocketProcessor.run(JIoEndpoint.java:310)
	at java.util.concurrent.ThreadPoolExecutor.runWorker(ThreadPoolExecutor.java:1145)
	at java.util.concurrent.ThreadPoolExecutor$Worker.run(ThreadPoolExecutor.java:615)
	at java.lang.Thread.run(Thread.java:745)

Feb 20, 2016 6:49:40 PM org.apache.catalina.core.StandardWrapperValve invoke
SEVERE: Servlet.service() for servlet [RezervacijaCreateController] in context with path [/Vezbe09] threw exception
java.lang.StringIndexOutOfBoundsException: String index out of range: -2
	at java.lang.String.substring(String.java:1875)
	at rs.ac.uns.ftn.informatika.mbs2.vezbe09.primer01.server.servlet.RezervacijaCreateController.doGet(RezervacijaCreateController.java:98)
	at javax.servlet.http.HttpServlet.service(HttpServlet.java:621)
	at javax.servlet.http.HttpServlet.service(HttpServlet.java:722)
	at org.apache.catalina.core.ApplicationFilterChain.internalDoFilter(ApplicationFilterChain.java:305)
	at org.apache.catalina.core.ApplicationFilterChain.doFilter(ApplicationFilterChain.java:210)
	at org.apache.catalina.core.StandardWrapperValve.invoke(StandardWrapperValve.java:222)
	at org.apache.catalina.core.StandardContextValve.invoke(StandardContextValve.java:123)
	at org.apache.tomee.catalina.OpenEJBValve.invoke(OpenEJBValve.java:45)
	at org.apache.catalina.authenticator.AuthenticatorBase.invoke(AuthenticatorBase.java:472)
	at org.apache.catalina.core.StandardHostValve.invoke(StandardHostValve.java:168)
	at org.apache.catalina.valves.ErrorReportValve.invoke(ErrorReportValve.java:99)
	at org.apache.catalina.valves.AccessLogValve.invoke(AccessLogValve.java:929)
	at org.apache.catalina.core.StandardEngineValve.invoke(StandardEngineValve.java:118)
	at org.apache.catalina.connector.CoyoteAdapter.service(CoyoteAdapter.java:407)
	at org.apache.coyote.http11.AbstractHttp11Processor.process(AbstractHttp11Processor.java:1002)
	at org.apache.coyote.AbstractProtocol$AbstractConnectionHandler.process(AbstractProtocol.java:585)
	at org.apache.tomcat.util.net.JIoEndpoint$SocketProcessor.run(JIoEndpoint.java:310)
	at java.util.concurrent.ThreadPoolExecutor.runWorker(ThreadPoolExecutor.java:1145)
	at java.util.concurrent.ThreadPoolExecutor$Worker.run(ThreadPoolExecutor.java:615)
	at java.lang.Thread.run(Thread.java:745)

Feb 20, 2016 11:20:55 PM org.apache.catalina.core.StandardWrapperValve invoke
SEVERE: Servlet.service() for servlet [PozivnicaController] in context with path [/Vezbe09] threw exception
java.lang.NumberFormatException: For input string: ""
	at java.lang.NumberFormatException.forInputString(NumberFormatException.java:65)
	at java.lang.Integer.parseInt(Integer.java:504)
	at java.lang.Integer.parseInt(Integer.java:527)
	at rs.ac.uns.ftn.informatika.mbs2.vezbe09.primer01.server.servlet.PozivnicaController.doGet(PozivnicaController.java:51)
	at javax.servlet.http.HttpServlet.service(HttpServlet.java:621)
	at javax.servlet.http.HttpServlet.service(HttpServlet.java:722)
	at org.apache.catalina.core.ApplicationFilterChain.internalDoFilter(ApplicationFilterChain.java:305)
	at org.apache.catalina.core.ApplicationFilterChain.doFilter(ApplicationFilterChain.java:210)
	at org.apache.catalina.core.StandardWrapperValve.invoke(StandardWrapperValve.java:222)
	at org.apache.catalina.core.StandardContextValve.invoke(StandardContextValve.java:123)
	at org.apache.tomee.catalina.OpenEJBValve.invoke(OpenEJBValve.java:45)
	at org.apache.catalina.authenticator.AuthenticatorBase.invoke(AuthenticatorBase.java:472)
	at org.apache.catalina.core.StandardHostValve.invoke(StandardHostValve.java:168)
	at org.apache.catalina.valves.ErrorReportValve.invoke(ErrorReportValve.java:99)
	at org.apache.catalina.valves.AccessLogValve.invoke(AccessLogValve.java:929)
	at org.apache.catalina.core.StandardEngineValve.invoke(StandardEngineValve.java:118)
	at org.apache.catalina.connector.CoyoteAdapter.service(CoyoteAdapter.java:407)
	at org.apache.coyote.http11.AbstractHttp11Processor.process(AbstractHttp11Processor.java:1002)
	at org.apache.coyote.AbstractProtocol$AbstractConnectionHandler.process(AbstractProtocol.java:585)
	at org.apache.tomcat.util.net.JIoEndpoint$SocketProcessor.run(JIoEndpoint.java:310)
	at java.util.concurrent.ThreadPoolExecutor.runWorker(ThreadPoolExecutor.java:1145)
	at java.util.concurrent.ThreadPoolExecutor$Worker.run(ThreadPoolExecutor.java:615)
	at java.lang.Thread.run(Thread.java:745)

Feb 20, 2016 11:23:22 PM org.apache.catalina.core.StandardWrapperValve invoke
SEVERE: Servlet.service() for servlet [PozivnicaController] in context with path [/Vezbe09] threw exception
java.lang.NumberFormatException: For input string: ""
	at java.lang.NumberFormatException.forInputString(NumberFormatException.java:65)
	at java.lang.Integer.parseInt(Integer.java:504)
	at java.lang.Integer.parseInt(Integer.java:527)
	at rs.ac.uns.ftn.informatika.mbs2.vezbe09.primer01.server.servlet.PozivnicaController.doGet(PozivnicaController.java:51)
	at javax.servlet.http.HttpServlet.service(HttpServlet.java:621)
	at javax.servlet.http.HttpServlet.service(HttpServlet.java:722)
	at org.apache.catalina.core.ApplicationFilterChain.internalDoFilter(ApplicationFilterChain.java:305)
	at org.apache.catalina.core.ApplicationFilterChain.doFilter(ApplicationFilterChain.java:210)
	at org.apache.catalina.core.StandardWrapperValve.invoke(StandardWrapperValve.java:222)
	at org.apache.catalina.core.StandardContextValve.invoke(StandardContextValve.java:123)
	at org.apache.tomee.catalina.OpenEJBValve.invoke(OpenEJBValve.java:45)
	at org.apache.catalina.authenticator.AuthenticatorBase.invoke(AuthenticatorBase.java:472)
	at org.apache.catalina.core.StandardHostValve.invoke(StandardHostValve.java:168)
	at org.apache.catalina.valves.ErrorReportValve.invoke(ErrorReportValve.java:99)
	at org.apache.catalina.valves.AccessLogValve.invoke(AccessLogValve.java:929)
	at org.apache.catalina.core.StandardEngineValve.invoke(StandardEngineValve.java:118)
	at org.apache.catalina.connector.CoyoteAdapter.service(CoyoteAdapter.java:407)
	at org.apache.coyote.http11.AbstractHttp11Processor.process(AbstractHttp11Processor.java:1002)
	at org.apache.coyote.AbstractProtocol$AbstractConnectionHandler.process(AbstractProtocol.java:585)
	at org.apache.tomcat.util.net.JIoEndpoint$SocketProcessor.run(JIoEndpoint.java:310)
	at java.util.concurrent.ThreadPoolExecutor.runWorker(ThreadPoolExecutor.java:1145)
	at java.util.concurrent.ThreadPoolExecutor$Worker.run(ThreadPoolExecutor.java:615)
	at java.lang.Thread.run(Thread.java:745)

