Feb 19, 2016 2:57:15 PM org.apache.catalina.core.StandardWrapperValve invoke
SEVERE: Servlet.service() for servlet [RezervacijaKorak2Controller] in context with path [/Vezbe09] threw exception
java.lang.ClassCastException: sun.util.calendar.JulianCalendar$Date cannot be cast to sun.util.calendar.Gregorian$Date
	at sun.util.calendar.Gregorian.getCalendarDate(Gregorian.java:73)
	at sun.util.calendar.Gregorian.getCalendarDate(Gregorian.java:37)
	at sun.util.calendar.AbstractCalendar.getTime(AbstractCalendar.java:211)
	at java.util.Date.getMillisOf(Date.java:960)
	at java.util.Date.compareTo(Date.java:975)
	at rs.ac.uns.ftn.informatika.mbs2.vezbe09.primer01.server.servlet.RezervacijaKorak2Controller.doGet(RezervacijaKorak2Controller.java:132)
	at rs.ac.uns.ftn.informatika.mbs2.vezbe09.primer01.server.servlet.RezervacijaKorak2Controller.doPost(RezervacijaKorak2Controller.java:160)
	at javax.servlet.http.HttpServlet.service(HttpServlet.java:641)
	at javax.servlet.http.HttpServlet.service(HttpServlet.java:722)
	at org.apache.catalina.core.ApplicationFilterChain.internalDoFilter(ApplicationFilterChain.java:305)
	at org.apache.catalina.core.ApplicationFilterChain.doFilter(ApplicationFilterChain.java:210)
	at org.apache.catalina.core.StandardWrapperValve.invoke(StandardWrapperValve.java:222)
	at org.apache.catalina.core.StandardContextValve.invoke(StandardContextValve.java:123)
	at org.apache.tomee.catalina.OpenEJBValve.invoke(OpenEJBValve.java:45)
	at org.apache.catalina.authenticator.AuthenticatorBase.invoke(AuthenticatorBase.java:472)
	at org.apache.catalina.core.StandardHostValve.invoke(StandardHostValve.java:168)
	at org.apache.catalina.valves.ErrorReportValve.invoke(ErrorReportValve.java:99)
	at org.apache.catalina.valves.AccessLogValve.invoke(AccessLogValve.java:929)
	at org.apache.catalina.core.StandardEngineValve.invoke(StandardEngineValve.java:118)
	at org.apache.catalina.connector.CoyoteAdapter.service(CoyoteAdapter.java:407)
	at org.apache.coyote.http11.AbstractHttp11Processor.process(AbstractHttp11Processor.java:1002)
	at org.apache.coyote.AbstractProtocol$AbstractConnectionHandler.process(AbstractProtocol.java:585)
	at org.apache.tomcat.util.net.JIoEndpoint$SocketProcessor.run(JIoEndpoint.java:310)
	at java.util.concurrent.ThreadPoolExecutor.runWorker(ThreadPoolExecutor.java:1145)
	at java.util.concurrent.ThreadPoolExecutor$Worker.run(ThreadPoolExecutor.java:615)
	at java.lang.Thread.run(Thread.java:745)

