1 [http-bio-8080-exec-10] INFO  - Korisnik admin se prijavio.
 0 [http-bio-8080-exec-10] INFO  - Korisnik Milan Mutic se prijavio.
 440336 [http-bio-8080-exec-9] INFO  - Korisnik Djordje Mutic se prijavio.
 460718 [http-bio-8080-exec-5] INFO  - Korisnik Milan Mutic se prijavio.
 0 [http-bio-8080-exec-5] INFO  - Korisnik Milan Mutic se prijavio.
 0 [http-bio-8080-exec-5] INFO  - Korisnik Milan Mutic se prijavio.
 0 [http-bio-8080-exec-8] INFO  - Korisnik Milan Mutic se prijavio.
 0 [http-bio-8080-exec-5] INFO  - Korisnik Milan Mutic se prijavio.
 0 [http-bio-8080-exec-1] ERROR - org.apache.jasper.JasperException: javax.el.ELException: Cannot convert 2-1 of type class java.lang.String to class java.lang.Integer
 13128 [http-bio-8080-exec-8] INFO  - Korisnik Milan Mutic se prijavio.
 15087 [http-bio-8080-exec-2] ERROR - org.apache.jasper.JasperException: javax.el.ELException: Cannot convert 2-1 of type class java.lang.String to class java.lang.Integer
 0 [http-bio-8080-exec-5] INFO  - Korisnik Milan Mutic se prijavio.
 41706 [http-bio-8080-exec-5] INFO  - Korisnik Djordje Mutic se prijavio.
 61981 [http-bio-8080-exec-2] INFO  - Korisnik Milan Mutic se prijavio.
 0 [http-bio-8080-exec-8] INFO  - Korisnik Milan Mutic se prijavio.
 1 [http-bio-8080-exec-8] INFO  - Korisnik Milan Mutic se prijavio.
 0 [http-bio-8080-exec-5] INFO  - Korisnik Milan Mutic se prijavio.
 0 [http-bio-8080-exec-5] INFO  - Korisnik Milan Mutic se prijavio.
 0 [http-bio-8080-exec-5] INFO  - Korisnik Milan Mutic se prijavio.
 1 [http-bio-8080-exec-5] INFO  - Korisnik Milan Mutic se prijavio.
 0 [http-bio-8080-exec-8] INFO  - Korisnik Milan Mutic se prijavio.
 0 [http-bio-8080-exec-5] INFO  - Korisnik Milan Mutic se prijavio.
 0 [http-bio-8080-exec-5] INFO  - Korisnik Milan Mutic se prijavio.
 0 [http-bio-8080-exec-10] INFO  - Korisnik Milan Mutic se prijavio.
 0 [http-bio-8080-exec-10] INFO  - Korisnik Milan Mutic se prijavio.
 106075 [http-bio-8080-exec-1] INFO  - Korisnik Djordje Mutic se prijavio.
 0 [http-bio-8080-exec-5] INFO  - Korisnik Milan Mutic se prijavio.
 0 [http-bio-8080-exec-5] INFO  - Korisnik Milan Mutic se prijavio.
 0 [http-bio-8080-exec-8] INFO  - Korisnik Milan Mutic se prijavio.
 0 [http-bio-8080-exec-5] INFO  - Korisnik Milan Mutic se prijavio.
 0 [http-bio-8080-exec-5] INFO  - Korisnik Milan Mutic se prijavio.
 0 [http-bio-8080-exec-9] INFO  - Korisnik Milan Mutic se prijavio.
 0 [http-bio-8080-exec-5] INFO  - Korisnik Milan Mutic se prijavio.
 156407 [http-bio-8080-exec-9] INFO  - Korisnik Neki Nekic se prijavio.
 171894 [http-bio-8080-exec-1] INFO  - Korisnik Neki Nekic se prijavio.
 251175 [http-bio-8080-exec-10] INFO  - Korisnik Milan Mutic se prijavio.
 351866 [http-bio-8080-exec-1] INFO  - Korisnik Milan Mutic se prijavio.
 0 [http-bio-8080-exec-7] INFO  - Korisnik Milan Mutic se prijavio.
 10668 [http-bio-8080-exec-7] INFO  - Korisnik Djordje Mutic se prijavio.
 52296 [http-bio-8080-exec-8] INFO  - Korisnik Djordje Mutic se prijavio.
 0 [http-bio-8080-exec-5] INFO  - Korisnik Djordje Mutic se prijavio.
 0 [http-bio-8080-exec-5] INFO  - Korisnik Milan Mutic se prijavio.
 0 [http-bio-8080-exec-8] INFO  - Korisnik Milan Mutic se prijavio.
 171829 [http-bio-8080-exec-4] INFO  - Korisnik Djordje Mutic se prijavio.
 0 [http-bio-8080-exec-8] INFO  - Korisnik Djordje Mutic se prijavio.
 0 [http-bio-8080-exec-8] INFO  - Korisnik Djordje Mutic se prijavio.
 0 [http-bio-8080-exec-4] INFO  - Korisnik Djordje Mutic se prijavio.
 0 [http-bio-8080-exec-8] INFO  - Korisnik Milan Mutic se prijavio.
 15604 [http-bio-8080-exec-6] INFO  - Korisnik Djordje Mutic se prijavio.
 0 [http-bio-8080-exec-8] INFO  - Korisnik Milan Mutic se prijavio.
 4895 [http-bio-8080-exec-6] INFO  - Korisnik Djordje Mutic se prijavio.
 0 [http-bio-8080-exec-8] INFO  - Korisnik Milan Mutic se prijavio.
 5962 [http-bio-8080-exec-6] INFO  - Korisnik Djordje Mutic se prijavio.
 143916 [http-bio-8080-exec-4] INFO  - Korisnik Neki Nekic se prijavio.
 0 [http-bio-8080-exec-8] INFO  - Korisnik Milan Mutic se prijavio.
 4988 [http-bio-8080-exec-6] INFO  - Korisnik Djordje Mutic se prijavio.
 14542 [http-bio-8080-exec-9] INFO  - Korisnik Neki Nekic se prijavio.
 0 [http-bio-8080-exec-8] INFO  - Korisnik Milan Mutic se prijavio.
 6241 [http-bio-8080-exec-6] INFO  - Korisnik Djordje Mutic se prijavio.
 0 [http-bio-8080-exec-8] INFO  - Korisnik Milan Mutic se prijavio.
 4068 [http-bio-8080-exec-6] INFO  - Korisnik Djordje Mutic se prijavio.
 0 [http-bio-8080-exec-8] INFO  - Korisnik Milan Mutic se prijavio.
 4612 [http-bio-8080-exec-6] INFO  - Korisnik Djordje Mutic se prijavio.
 0 [http-bio-8080-exec-4] INFO  - Korisnik Milan Mutic se prijavio.
 3942 [http-bio-8080-exec-3] INFO  - Korisnik Djordje Mutic se prijavio.
 0 [http-bio-8080-exec-8] INFO  - Korisnik Djordje Mutic se prijavio.
 0 [http-bio-8080-exec-8] INFO  - Korisnik Djordje Mutic se prijavio.
 0 [http-bio-8080-exec-8] INFO  - Korisnik Djordje Mutic se prijavio.
 0 [http-bio-8080-exec-8] INFO  - Korisnik Djordje Mutic se prijavio.
 31909 [http-bio-8080-exec-3] INFO  - Korisnik Djordje Mutic se prijavio.
 0 [http-bio-8080-exec-8] INFO  - Korisnik Djordje Mutic se prijavio.
 1 [http-bio-8080-exec-8] INFO  - Korisnik Djordje Mutic se prijavio.
 0 [http-bio-8080-exec-8] INFO  - Korisnik Milan Mutic se prijavio.
 0 [http-bio-8081-exec-2] INFO  - Korisnik Milan Mutic se prijavio.
 125525 [http-bio-8081-exec-2] INFO  - Korisnik Djordje Mutic se prijavio.
 0 [http-bio-8081-exec-8] INFO  - Korisnik Milan Mutic se prijavio.
 4765 [http-bio-8081-exec-6] INFO  - Korisnik Djordje Mutic se prijavio.
 18496 [http-bio-8081-exec-8] INFO  - Korisnik Milan Mutic se prijavio.
 0 [http-bio-8081-exec-6] INFO  - Korisnik Milan Mutic se prijavio.
 6596 [http-bio-8081-exec-4] INFO  - Korisnik Djordje Mutic se prijavio.
 37517 [http-bio-8081-exec-6] INFO  - Korisnik Milan Mutic se prijavio.
 90422 [http-bio-8081-exec-4] INFO  - Korisnik Neki Nekic se prijavio.
 0 [http-bio-8081-exec-8] INFO  - Korisnik Djordje Mutic se prijavio.
 0 [http-bio-8081-exec-5] INFO  - Korisnik Djordje Mutic se prijavio.
 0 [http-bio-8081-exec-7] INFO  - Korisnik Djordje Mutic se prijavio.
 0 [http-bio-8081-exec-6] INFO  - Korisnik Djordje Mutic se prijavio.
 0 [http-bio-8081-exec-6] INFO  - Korisnik Djordje Mutic se prijavio.
 30174 [http-bio-8081-exec-8] INFO  - Korisnik Neki Nekic se prijavio.
 53392 [http-bio-8081-exec-6] INFO  - Korisnik Djordje Mutic se prijavio.
 81612 [http-bio-8081-exec-9] INFO  - Korisnik Mare Maric se prijavio.
 89927 [http-bio-8081-exec-6] INFO  - Korisnik Milan Mutic se prijavio.
 0 [http-bio-8081-exec-8] INFO  - Korisnik Djordje Mutic se prijavio.
 0 [http-bio-8081-exec-6] INFO  - Korisnik Djordje Mutic se prijavio.
 58696 [http-bio-8081-exec-2] INFO  - Korisnik Milan Mutic se prijavio.
 78406 [http-bio-8081-exec-2] INFO  - Korisnik Djordje Mutic se prijavio.
 118428 [http-bio-8081-exec-8] INFO  - Korisnik Djordje Mutic se prijavio.
 0 [http-bio-8081-exec-6] INFO  - Korisnik Djordje Mutic se prijavio.
 134900 [http-bio-8081-exec-7] INFO  - Korisnik Djordje Mutic se prijavio.
 145234 [http-bio-8081-exec-5] INFO  - Korisnik Mare Maric se prijavio.
 0 [http-bio-8081-exec-6] INFO  - Korisnik Djordje Mutic se prijavio.
 0 [http-bio-8081-exec-6] INFO  - Korisnik Djordje Mutic se prijavio.
 0 [http-bio-8081-exec-6] INFO  - Korisnik Djordje Mutic se prijavio.
 0 [http-bio-8081-exec-6] INFO  - Korisnik Djordje Mutic se prijavio.
 0 [http-bio-8081-exec-3] INFO  - Korisnik Djordje Mutic se prijavio.
 0 [http-bio-8081-exec-8] INFO  - Korisnik Djordje Mutic se prijavio.
 0 [http-bio-8081-exec-6] INFO  - Korisnik Djordje Mutic se prijavio.
 0 [http-bio-8081-exec-6] INFO  - Korisnik Djordje Mutic se prijavio.
 0 [http-bio-8081-exec-6] INFO  - Korisnik Djordje Mutic se prijavio.
 49226 [http-bio-8081-exec-7] INFO  - Korisnik Zika Zikic se prijavio.
 53544 [http-bio-8081-exec-4] INFO  - Korisnik Djordje Mutic se prijavio.
 98831 [http-bio-8081-exec-6] INFO  - Korisnik Zika Zikic se prijavio.
 116393 [http-bio-8081-exec-8] INFO  - Korisnik Djordje Mutic se prijavio.
 135353 [http-bio-8081-exec-5] INFO  - Korisnik Milan Mutic se prijavio.
 143193 [http-bio-8081-exec-2] INFO  - Korisnik Zika Zikic se prijavio.
 151703 [http-bio-8081-exec-3] INFO  - Korisnik Djordje Mutic se prijavio.
 163387 [http-bio-8081-exec-4] INFO  - Korisnik Neki Nekic se prijavio.
 0 [http-bio-8081-exec-6] INFO  - Korisnik Djordje Mutic se prijavio.
 40372 [http-bio-8081-exec-8] INFO  - Korisnik Neki Nekic se prijavio.
 49066 [http-bio-8081-exec-8] INFO  - Korisnik Milan Mutic se prijavio.
 0 [http-bio-8081-exec-6] INFO  - Korisnik Djordje Mutic se prijavio.
 18186 [http-bio-8081-exec-6] INFO  - Korisnik Milan Mutic se prijavio.
 0 [http-bio-8081-exec-3] INFO  - Korisnik Milan Mutic se prijavio.
 0 [http-bio-8081-exec-3] INFO  - Korisnik Milan Mutic se prijavio.
 0 [http-bio-8081-exec-2] INFO  - Korisnik Djordje Mutic se prijavio.
 27855 [http-bio-8081-exec-2] INFO  - Korisnik Milan Mutic se prijavio.
 52064 [http-bio-8081-exec-5] INFO  - Korisnik Petar Peric se prijavio.
 125021 [http-bio-8081-exec-1] INFO  - Korisnik Djordje Mutic se prijavio.
 146406 [http-bio-8081-exec-2] INFO  - Korisnik Milan Mutic se prijavio.
 0 [http-bio-8081-exec-3] INFO  - Korisnik Milan Mutic se prijavio.
 188396 [http-bio-8081-exec-5] INFO  - Korisnik Petar Peric se prijavio.
 188556 [http-bio-8081-exec-7] ERROR - org.apache.jasper.JasperException: javax.el.PropertyNotFoundException: Property 'size' not found on type org.apache.openjpa.util.java$util$HashSet$proxy
 0 [http-bio-8081-exec-10] INFO  - Korisnik Petar Peric se prijavio.
 149088 [http-bio-8081-exec-3] INFO  - Korisnik Milan Mutic se prijavio.
 0 [http-bio-8081-exec-5] INFO  - Korisnik Petar Peric se prijavio.
 37374 [http-bio-8081-exec-3] INFO  - Korisnik Silvester Takac se prijavio.
 48795 [http-bio-8081-exec-2] INFO  - Korisnik Mane Manic se prijavio.
 58486 [http-bio-8081-exec-9] INFO  - Korisnik Todor Veselinovic se prijavio.
 0 [http-bio-8081-exec-6] INFO  - Korisnik Petar Peric se prijavio.
 0 [http-bio-8081-exec-3] INFO  - Korisnik Petar Peric se prijavio.
 0 [http-bio-8081-exec-6] INFO  - Korisnik Petar Peric se prijavio.
 0 [http-bio-8081-exec-1] INFO  - Korisnik Petar Peric se prijavio.
 0 [http-bio-8081-exec-7] INFO  - Korisnik Petar Peric se prijavio.
 179087 [http-bio-8081-exec-9] INFO  - Korisnik Todor Veselinovic se prijavio.
 0 [http-bio-8081-exec-8] INFO  - Korisnik Petar Peric se prijavio.
 0 [http-bio-8081-exec-10] INFO  - Korisnik Petar Peric se prijavio.
 0 [http-bio-8081-exec-10] INFO  - Korisnik Petar Peric se prijavio.
 22022 [http-bio-8081-exec-8] INFO  - Korisnik Djordje Mutic se prijavio.
 48929 [http-bio-8081-exec-10] INFO  - Korisnik Milan Mutic se prijavio.
 0 [http-bio-8081-exec-6] INFO  - Korisnik Petar Peric se prijavio.
 22151 [http-bio-8081-exec-3] INFO  - Korisnik Petar Peric se prijavio.
 0 [http-bio-8081-exec-7] INFO  - Korisnik Petar Peric se prijavio.
 0 [http-bio-8081-exec-3] INFO  - Korisnik Petar Peric se prijavio.
 45581 [http-bio-8081-exec-3] INFO  - Korisnik Djordje Mutic se prijavio.
 0 [http-bio-8081-exec-3] INFO  - Korisnik Petar Peric se prijavio.
 0 [http-bio-8081-exec-1] INFO  - Korisnik Petar Peric se prijavio.
 0 [http-bio-8081-exec-7] INFO  - Korisnik Petar Peric se prijavio.
 0 [http-bio-8081-exec-7] INFO  - Korisnik Petar Peric se prijavio.
 0 [http-bio-8081-exec-7] INFO  - Korisnik Petar Peric se prijavio.
 89222 [http-bio-8081-exec-5] INFO  - Korisnik Silvester Takac se prijavio.
 0 [http-bio-8081-exec-7] INFO  - Korisnik Petar Peric se prijavio.
 0 [http-bio-8081-exec-9] INFO  - Korisnik Petar Peric se prijavio.
 0 [http-bio-8081-exec-9] INFO  - Korisnik Petar Peric se prijavio.
 0 [http-bio-8081-exec-7] INFO  - Korisnik Petar Peric se prijavio.
 0 [http-bio-8081-exec-9] INFO  - Korisnik Petar Peric se prijavio.
 0 [http-bio-8081-exec-10] INFO  - Korisnik Petar Peric se prijavio.
 0 [http-bio-8081-exec-10] INFO  - Korisnik Petar Peric se prijavio.
 0 [http-bio-8081-exec-10] INFO  - Korisnik Petar Peric se prijavio.
 0 [http-bio-8081-exec-10] INFO  - Korisnik Petar Peric se prijavio.
 0 [http-bio-8081-exec-6] INFO  - Korisnik Petar Peric se prijavio.
 0 [http-bio-8081-exec-6] INFO  - Korisnik Petar Peric se prijavio.
 0 [http-bio-8081-exec-10] INFO  - Korisnik Petar Peric se prijavio.
 0 [http-bio-8081-exec-2] INFO  - Korisnik Petar Peric se prijavio.
 147628 [http-bio-8081-exec-4] INFO  - Korisnik Petar Peric se prijavio.
 195252 [http-bio-8081-exec-4] INFO  - Korisnik Petar Nikezic se prijavio.
 2462910 [http-bio-8081-exec-3] INFO  - Korisnik Djordje Mutic se prijavio.
 2514770 [http-bio-8081-exec-3] INFO  - Korisnik Milan Mutic se prijavio.
 0 [http-bio-8081-exec-8] INFO  - Korisnik Petar Peric se prijavio.
 0 [http-bio-8081-exec-2] INFO  - Korisnik Petar Peric se prijavio.
 0 [http-bio-8081-exec-10] INFO  - Korisnik Petar Peric se prijavio.
 0 [http-bio-8081-exec-6] INFO  - Korisnik Petar Peric se prijavio.
 100347 [http-bio-8081-exec-6] INFO  - Korisnik Petar Nikezic se prijavio.
 133820 [http-bio-8081-exec-3] INFO  - Korisnik Petar Nikezic se prijavio.
 0 [http-bio-8081-exec-3] INFO  - Korisnik Djordje Mutic se prijavio.
 0 [http-bio-8081-exec-9] INFO  - Korisnik Djordje Mutic se prijavio.
 0 [http-bio-8081-exec-3] INFO  - Korisnik Djordje Mutic se prijavio.
 0 [http-bio-8081-exec-8] INFO  - Korisnik Djordje Mutic se prijavio.
 0 [http-bio-8081-exec-9] INFO  - Korisnik Djordje Mutic se prijavio.
 0 [http-bio-8081-exec-3] INFO  - Korisnik Djordje Mutic se prijavio.
 66533 [http-bio-8081-exec-10] INFO  - Korisnik Milan Mutic se prijavio.
 106975 [http-bio-8081-exec-3] INFO  - Korisnik Petar Pericaaaaa se prijavio.
 0 [http-bio-8081-exec-5] INFO  - Korisnik Djordje Mutic se prijavio.
 0 [http-bio-8081-exec-9] INFO  - Korisnik Djordje Mutic se prijavio.
 0 [http-bio-8081-exec-3] INFO  - Korisnik Djordje Mutic se prijavio.
 0 [http-bio-8081-exec-3] INFO  - Korisnik Petar Pericaaaaa se prijavio.
 9950 [http-bio-8081-exec-1] ERROR - org.apache.jasper.JasperException: javax.el.ELException: Failed to parse the expression [${${listaPoseta[loop.index]}]
 0 [http-bio-8081-exec-9] INFO  - Korisnik Petar Pericaaaaa se prijavio.
 0 [http-bio-8081-exec-9] INFO  - Korisnik Petar Pericaaaaa se prijavio.
 1 [http-bio-8081-exec-5] INFO  - Korisnik Petar Pericaaaaa se prijavio.
 0 [http-bio-8081-exec-9] INFO  - Korisnik Petar Pericaaaaa se prijavio.
 0 [http-bio-8081-exec-3] INFO  - Korisnik Petar Peric se prijavio.
 125468 [http-bio-8081-exec-1] INFO  - Korisnik Petar Nikezic se prijavio.
 143067 [http-bio-8081-exec-9] INFO  - Korisnik Todor Veselinovic se prijavio.
 157336 [http-bio-8081-exec-8] INFO  - Korisnik Petar Peric se prijavio.
 0 [http-bio-8081-exec-7] INFO  - Korisnik Petar Peric se prijavio.
 0 [http-bio-8081-exec-2] INFO  - Korisnik Petar Peric se prijavio.
 0 [http-bio-8081-exec-9] INFO  - Korisnik Petar Peric se prijavio.
 0 [http-bio-8081-exec-7] INFO  - Korisnik Petar Peric se prijavio.
 256374 [http-bio-8081-exec-7] INFO  - Korisnik Petar Nikezic se prijavio.
 256664 [http-bio-8081-exec-9] INFO  - Korisnik Petar Nikezic se prijavio.
 276332 [http-bio-8081-exec-4] INFO  - Korisnik Todor Veselinovic se prijavio.
 1461590 [http-bio-8081-exec-4] INFO  - Korisnik Petar Peric se prijavio.
 0 [http-bio-8081-exec-5] INFO  - Korisnik Petar Peric se prijavio.
 0 [http-bio-8081-exec-6] INFO  - Korisnik Petar Peric se prijavio.
 1 [http-bio-8081-exec-9] INFO  - Korisnik Petar Peric se prijavio.
 0 [http-bio-8081-exec-9] INFO  - Korisnik Petar Peric se prijavio.
 0 [http-bio-8081-exec-2] INFO  - Korisnik Petar Peric se prijavio.
 0 [http-bio-8081-exec-5] INFO  - Korisnik Petar Peric se prijavio.
 0 [http-bio-8081-exec-10] INFO  - Korisnik Petar Peric se prijavio.
 0 [http-bio-8081-exec-10] INFO  - Korisnik Petar Peric se prijavio.
 0 [http-bio-8081-exec-2] INFO  - Korisnik Petar Peric se prijavio.
 0 [http-bio-8081-exec-7] INFO  - Korisnik Petar Peric se prijavio.
 23698 [http-bio-8081-exec-5] INFO  - Korisnik Petar Nikezic se prijavio.
 51947 [http-bio-8081-exec-9] INFO  - Korisnik Todor Veselinovic se prijavio.
 85553 [http-bio-8081-exec-3] INFO  - Korisnik Mare Maric se prijavio.
 126290 [http-bio-8081-exec-9] INFO  - Korisnik Djordje Mutic se prijavio.
 155339 [http-bio-8081-exec-9] INFO  - Korisnik Silvester Takac se prijavio.
 198478 [http-bio-8081-exec-3] INFO  - Korisnik Petar Peric se prijavio.
 0 [http-bio-8081-exec-2] INFO  - Korisnik Petar Peric se prijavio.
 0 [http-bio-8081-exec-9] INFO  - Korisnik Petar Peric se prijavio.
 0 [http-bio-8081-exec-4] INFO  - Korisnik Djordje Mutic se prijavio.
 21477 [http-bio-8081-exec-1] INFO  - Korisnik Milan Mutic se prijavio.
 57750 [http-bio-8081-exec-4] INFO  - Korisnik Petar Peric se prijavio.
 97953 [http-bio-8081-exec-7] ERROR - org.apache.jasper.JasperException: javax.el.PropertyNotFoundException: Property '3' not found on type java.lang.String
 306889 [http-bio-8081-exec-6] ERROR - org.apache.jasper.JasperException: javax.el.PropertyNotFoundException: Property '3' not found on type java.lang.String
 341811 [http-bio-8081-exec-2] ERROR - org.apache.jasper.JasperException: javax.el.PropertyNotFoundException: Property '4' not found on type java.lang.String
 0 [http-bio-8081-exec-7] INFO  - Korisnik Petar Peric se prijavio.
 88567 [http-bio-8081-exec-5] ERROR - org.apache.jasper.JasperException: javax.el.PropertyNotFoundException: Property '3' not found on type java.lang.String
 0 [http-bio-8081-exec-7] INFO  - Korisnik Petar Peric se prijavio.
 0 [http-bio-8081-exec-9] INFO  - Korisnik Petar Peric se prijavio.
 0 [http-bio-8081-exec-7] INFO  - Korisnik Petar Peric se prijavio.
 0 [http-bio-8081-exec-9] INFO  - Korisnik Petar Peric se prijavio.
 0 [http-bio-8081-exec-7] INFO  - Korisnik Petar Peric se prijavio.
 0 [http-bio-8081-exec-7] INFO  - Korisnik Petar Peric se prijavio.
 0 [http-bio-8081-exec-9] INFO  - Korisnik Petar Peric se prijavio.
 0 [http-bio-8081-exec-8] INFO  - Korisnik Petar Peric se prijavio.
 172702 [http-bio-8081-exec-7] INFO  - Korisnik Djordje Mutic se prijavio.
 0 [http-bio-8081-exec-2] INFO  - Korisnik Petar Peric se prijavio.
 0 [http-bio-8081-exec-10] INFO  - Korisnik Petar Peric se prijavio.
 17461 [http-bio-8081-exec-7] INFO  - Korisnik Todor Veselinovic se prijavio.
 36698 [http-bio-8081-exec-4] INFO  - Korisnik Petar Nikezic se prijavio.
 0 [http-bio-8081-exec-8] INFO  - Korisnik Petar Peric se prijavio.
 0 [http-bio-8081-exec-6] INFO  - Korisnik Petar Peric se prijavio.
 0 [http-bio-8081-exec-2] INFO  - Korisnik Petar Peric se prijavio.
 144692 [http-bio-8081-exec-5] INFO  - Korisnik Silvester Takac se prijavio.
 0 [http-bio-8081-exec-9] INFO  - Korisnik Petar Peric se prijavio.
 0 [http-bio-8081-exec-3] INFO  - Korisnik Petar Peric se prijavio.
 0 [http-bio-8081-exec-7] INFO  - Korisnik Petar Peric se prijavio.
 0 [http-bio-8081-exec-7] INFO  - Korisnik Petar Peric se prijavio.
 0 [http-bio-8081-exec-5] INFO  - Korisnik Petar Peric se prijavio.
 47087 [http-bio-8081-exec-7] INFO  - Korisnik Petar Peric se prijavio.
 0 [http-bio-8081-exec-7] INFO  - Korisnik Petar Peric se prijavio.
 0 [http-bio-8081-exec-5] INFO  - Korisnik Petar Peric se prijavio.
 0 [http-bio-8081-exec-7] INFO  - Korisnik Petar Peric se prijavio.
 0 [http-bio-8081-exec-7] INFO  - Korisnik Petar Peric se prijavio.
 86373 [http-bio-8081-exec-5] INFO  - Korisnik Petar Peric se prijavio.
 0 [http-bio-8081-exec-6] INFO  - Korisnik Petar Peric se prijavio.
 0 [http-bio-8081-exec-9] INFO  - Korisnik Petar Peric se prijavio.
 0 [http-bio-8081-exec-5] INFO  - Korisnik Petar Peric se prijavio.
 0 [http-bio-8081-exec-3] INFO  - Korisnik Petar Peric se prijavio.
 0 [http-bio-8081-exec-3] INFO  - Korisnik Petar Peric se prijavio.
 0 [http-bio-8081-exec-3] INFO  - Korisnik Petar Peric se prijavio.
 0 [http-bio-8081-exec-3] INFO  - Korisnik Petar Peric se prijavio.
 0 [http-bio-8081-exec-5] INFO  - Korisnik Petar Peric se prijavio.
 0 [http-bio-8081-exec-4] INFO  - Korisnik Petar Peric se prijavio.
 39184 [http-bio-8081-exec-9] INFO  - Korisnik Petar Nikezic se prijavio.
 70136 [http-bio-8081-exec-9] INFO  - Korisnik Petar Peric se prijavio.
 0 [http-bio-8081-exec-6] INFO  - Korisnik Todor Veselinovic se prijavio.
 8774 [http-bio-8081-exec-6] INFO  - Korisnik Petar Peric se prijavio.
 0 [http-bio-8081-exec-2] INFO  - Korisnik Petar Peric se prijavio.
 0 [http-bio-8081-exec-2] INFO  - Korisnik Petar Peric se prijavio.
 0 [http-bio-8081-exec-10] INFO  - Korisnik Petar Peric se prijavio.
 83942 [http-bio-8081-exec-8] INFO  - Korisnik Todor Veselinovic se prijavio.
 0 [http-bio-8081-exec-10] INFO  - Korisnik Petar Peric se prijavio.
 81783 [http-bio-8081-exec-7] INFO  - Korisnik Todor Veselinovic se prijavio.
 0 [http-bio-8081-exec-2] INFO  - Korisnik Petar Peric se prijavio.
 54478 [http-bio-8081-exec-7] INFO  - Korisnik Todor Veselinovic se prijavio.
 0 [http-bio-8081-exec-6] INFO  - Korisnik Petar Peric se prijavio.
 124133 [http-bio-8081-exec-10] INFO  - Korisnik Todor Veselinovic se prijavio.
 220892 [http-bio-8081-exec-1] INFO  - Korisnik Silvester Takac se prijavio.
 313254 [http-bio-8081-exec-7] INFO  - Korisnik Todor Veselinovic se prijavio.
 331634 [http-bio-8081-exec-10] INFO  - Korisnik Silvester Takac se prijavio.
 0 [http-bio-8081-exec-8] INFO  - Korisnik Petar Peric se prijavio.
 440629 [http-bio-8081-exec-5] INFO  - Korisnik Petar Peric se prijavio.
 454903 [http-bio-8081-exec-5] INFO  - Korisnik Todor Veselinovic se prijavio.
 518077 [http-bio-8081-exec-7] INFO  - Korisnik Petar Peric se prijavio.
 0 [http-bio-8081-exec-10] INFO  - Korisnik Petar Peric se prijavio.
 150440 [http-bio-8081-exec-5] INFO  - Korisnik Petar Peric se prijavio.
 186891 [http-bio-8081-exec-10] INFO  - Korisnik Todor Veselinovic se prijavio.
 249990 [http-bio-8081-exec-4] INFO  - Korisnik Silvester Takac se prijavio.
 278223 [http-bio-8081-exec-5] INFO  - Korisnik Todor Veselinovic se prijavio.
 291735 [http-bio-8081-exec-8] INFO  - Korisnik Silvester Takac se prijavio.
 0 [http-bio-8081-exec-10] INFO  - Korisnik Petar Peric se prijavio.
 0 [http-bio-8081-exec-6] INFO  - Korisnik Petar Peric se prijavio.
 0 [http-bio-8081-exec-6] INFO  - Korisnik Petar Peric se prijavio.
 172788 [http-bio-8081-exec-5] INFO  - Korisnik Todor Veselinovic se prijavio.
 233580 [http-bio-8081-exec-8] INFO  - Korisnik Petar Peric se prijavio.
 0 [http-bio-8081-exec-10] INFO  - Korisnik Petar Peric se prijavio.
 22265 [http-bio-8081-exec-1] INFO  - Korisnik Todor Veselinovic se prijavio.
 0 [http-bio-8081-exec-5] INFO  - Korisnik Petar Peric se prijavio.
 27316 [http-bio-8081-exec-10] INFO  - Korisnik Todor Veselinovic se prijavio.
 49885 [http-bio-8081-exec-4] INFO  - Korisnik Petar Peric se prijavio.
 0 [http-bio-8081-exec-7] INFO  - Korisnik Petar Peric se prijavio.
 0 [http-bio-8081-exec-3] INFO  - Korisnik Petar Peric se prijavio.
 0 [http-bio-8081-exec-3] INFO  - Korisnik Petar Peric se prijavio.
 0 [http-bio-8081-exec-5] INFO  - Korisnik Petar Peric se prijavio.
 0 [http-bio-8081-exec-7] INFO  - Korisnik Petar Peric se prijavio.
 0 [http-bio-8081-exec-3] INFO  - Korisnik Petar Peric se prijavio.
 0 [http-bio-8081-exec-7] INFO  - Korisnik Petar Peric se prijavio.
 0 [http-bio-8081-exec-7] INFO  - Korisnik Petar Peric se prijavio.
 0 [http-bio-8081-exec-5] INFO  - Korisnik Petar Peric se prijavio.
 47286 [http-bio-8081-exec-2] INFO  - Korisnik Petar Peric se prijavio.
 99717 [http-bio-8081-exec-9] INFO  - Korisnik Todor Veselinovic se prijavio.
 0 [http-bio-8081-exec-5] INFO  - Korisnik Petar Peric se prijavio.
 0 [http-bio-8081-exec-3] INFO  - Korisnik Todor Veselinovic se prijavio.
 0 [http-bio-8081-exec-5] INFO  - Korisnik Todor Veselinovic se prijavio.
 0 [http-bio-8081-exec-3] INFO  - Korisnik Todor Veselinovic se prijavio.
 69300 [http-bio-8081-exec-5] INFO  - Korisnik Petar Peric se prijavio.
 0 [http-bio-8081-exec-1] INFO  - Korisnik Todor Veselinovic se prijavio.
 42634 [http-bio-8081-exec-3] INFO  - Korisnik Djordje Mutic se prijavio.
 62343 [http-bio-8081-exec-5] INFO  - Korisnik Milan Mutic se prijavio.
 0 [http-bio-8081-exec-1] INFO  - Korisnik Petar Peric se prijavio.
 0 [http-bio-8081-exec-8] INFO  - Korisnik Petar Peric se prijavio.
 13381 [http-bio-8081-exec-6] INFO  - Korisnik Todor Veselinovic se prijavio.
 30484 [http-bio-8081-exec-4] INFO  - Korisnik Djordje Mutic se prijavio.
 41252 [http-bio-8081-exec-2] INFO  - Korisnik Milan Mutic se prijavio.
 62819 [http-bio-8081-exec-9] INFO  - Korisnik Todor Veselinovic se prijavio.
 80268 [http-bio-8081-exec-9] INFO  - Korisnik Petar Peric se prijavio.
 180143 [http-bio-8081-exec-5] INFO  - Korisnik Petar Peric se prijavio.
 0 [http-bio-8081-exec-5] INFO  - Korisnik Petar Peric se prijavio.
 12681 [http-bio-8081-exec-5] INFO  - Korisnik Todor Veselinovic se prijavio.
 53057 [http-bio-8081-exec-1] INFO  - Korisnik Petar Peric se prijavio.
 0 [http-bio-8081-exec-3] INFO  - Korisnik Petar Peric se prijavio.
 25620 [http-bio-8081-exec-8] INFO  - Korisnik Todor Veselinovic se prijavio.
 0 [http-bio-8081-exec-5] INFO  - Korisnik Petar Peric se prijavio.
 25961 [http-bio-8081-exec-6] INFO  - Korisnik Todor Veselinovic se prijavio.
 39033 [http-bio-8081-exec-6] INFO  - Korisnik Petar Peric se prijavio.
 62087 [http-bio-8081-exec-9] INFO  - Korisnik Todor Veselinovic se prijavio.
 0 [http-bio-8081-exec-5] INFO  - Korisnik Petar Peric se prijavio.
 19293 [http-bio-8081-exec-5] INFO  - Korisnik Todor Veselinovic se prijavio.
 0 [http-bio-8081-exec-5] INFO  - Korisnik Petar Peric se prijavio.
 0 [http-bio-8081-exec-9] INFO  - Korisnik Petar Peric se prijavio.
 0 [http-bio-8081-exec-5] INFO  - Korisnik Petar Peric se prijavio.
 18847 [http-bio-8081-exec-3] INFO  - Korisnik Todor Veselinovic se prijavio.
 102039 [http-bio-8081-exec-10] INFO  - Korisnik Petar Peric se prijavio.
 288331 [http-bio-8081-exec-2] INFO  - Korisnik Zika Zikic se prijavio.
 298266 [http-bio-8081-exec-8] INFO  - Korisnik Zika Zikic se prijavio.
 311750 [http-bio-8081-exec-4] INFO  - Korisnik Petar Nikezic se prijavio.
 332080 [http-bio-8081-exec-6] INFO  - Korisnik Petar Peric se prijavio.
 360806 [http-bio-8081-exec-6] INFO  - Korisnik Todor Veselinovic se prijavio.
 411400 [http-bio-8081-exec-1] INFO  - Korisnik Todor Veselinovic se prijavio.
 0 [http-bio-8081-exec-6] INFO  - Korisnik Petar Peric se prijavio.
 34460 [http-bio-8081-exec-3] INFO  - Korisnik Milan Mutic se prijavio.
 76361 [http-bio-8081-exec-3] INFO  - Korisnik Djordje Mutic se prijavio.
 0 [http-bio-8081-exec-3] INFO  - Korisnik Petar Peric se prijavio.
 61687 [http-bio-8081-exec-2] INFO  - Korisnik Zika Zikic se prijavio.
 79724 [http-bio-8081-exec-2] INFO  - Korisnik Mane Manic se prijavio.
 136668 [http-bio-8081-exec-2] INFO  - Korisnik Petar Peric se prijavio.
 181327 [http-bio-8081-exec-7] INFO  - Korisnik Todor Veselinovic se prijavio.
 0 [http-bio-8081-exec-7] INFO  - Korisnik Petar Peric se prijavio.
 0 [http-bio-8081-exec-8] INFO  - Korisnik Petar Peric se prijavio.
 0 [http-bio-8081-exec-2] INFO  - Korisnik Petar Peric se prijavio.
 0 [http-bio-8081-exec-2] INFO  - Korisnik Petar Peric se prijavio.
 0 [http-bio-8081-exec-10] INFO  - Korisnik Petar Peric se prijavio.
 0 [http-bio-8081-exec-4] INFO  - Korisnik Novak se prijavio.
 0 [http-bio-8081-exec-10] INFO  - Korisnik Novak Novic se prijavio.
 0 [http-bio-8081-exec-8] INFO  - Korisnik Petar Peric se prijavio.
 96689 [http-bio-8081-exec-8] INFO  - Korisnik Petar Nikezic se prijavio.
 255543 [http-bio-8081-exec-1] INFO  - Korisnik Petar Peric se prijavio.
 0 [http-bio-8081-exec-4] INFO  - Korisnik Petar Peric se prijavio.
 0 [http-bio-8081-exec-2] INFO  - Korisnik Petar Peric se prijavio.
 0 [http-bio-8081-exec-10] INFO  - Korisnik Petar Peric se prijavio.
 0 [http-bio-8081-exec-8] INFO  - Korisnik Petar Peric se prijavio.
 0 [http-bio-8081-exec-4] INFO  - Korisnik Petar Peric se prijavio.
 0 [http-bio-8081-exec-2] INFO  - Korisnik Petar Peric se prijavio.
 48072 [http-bio-8081-exec-8] INFO  - Korisnik Petar Peric se prijavio.
 0 [http-bio-8081-exec-2] INFO  - Korisnik Petar Peric se prijavio.
 0 [http-bio-8081-exec-5] INFO  - Korisnik Milan Mutic se prijavio.
 13518 [http-bio-8081-exec-9] INFO  - Korisnik Djordje Mutic se prijavio.
 0 [http-bio-8081-exec-10] INFO  - Korisnik Djordje Mutic se prijavio.
 75363 [http-bio-8081-exec-2] INFO  - Korisnik Petar Peric se prijavio.
 102569 [http-bio-8081-exec-3] INFO  - Korisnik Djordje Mutic se prijavio.
 163725 [http-bio-8081-exec-4] INFO  - Korisnik Zika Zikic se prijavio.
 0 [http-bio-8081-exec-2] INFO  - Korisnik Petar Peric se prijavio.
 18594 [http-bio-8081-exec-2] INFO  - Korisnik Djordje Mutic se prijavio.
 55125 [http-bio-8081-exec-10] INFO  - Korisnik Petar Peric se prijavio.
 373429 [http-bio-8081-exec-1] INFO  - Korisnik Milan Mutic se prijavio.
 0 [http-bio-8081-exec-5] INFO  - Korisnik Milan Mutic se prijavio.
 157735 [http-bio-8081-exec-9] INFO  - Korisnik Djordje Mutic se prijavio.
 0 [http-bio-8081-exec-9] INFO  - Korisnik Milan Mutic se prijavio.
 77049 [http-bio-8081-exec-4] INFO  - Korisnik Todor Veselinovic se prijavio.
 85478 [http-bio-8081-exec-2] INFO  - Korisnik Petar Peric se prijavio.
 0 [http-bio-8081-exec-9] INFO  - Korisnik Petar Peric se prijavio.
 0 [http-bio-8081-exec-9] INFO  - Korisnik Petar Peric se prijavio.
 24998 [http-bio-8081-exec-7] INFO  - Korisnik Milan Mutic se prijavio.
 59501 [http-bio-8081-exec-7] INFO  - Korisnik Djordje Mutic se prijavio.
 0 [http-bio-8081-exec-5] INFO  - Korisnik Djordje Mutic se prijavio.
 0 [http-bio-8081-exec-9] INFO  - Korisnik Djordje Mutic se prijavio.
 0 [http-bio-8081-exec-5] INFO  - Korisnik Djordje Mutic se prijavio.
 50077 [http-bio-8081-exec-7] INFO  - Korisnik Petar Peric se prijavio.
 0 [http-bio-8081-exec-7] INFO  - Korisnik Petar Peric se prijavio.
 26609 [http-bio-8081-exec-2] INFO  - Korisnik Djordje Mutic se prijavio.
 0 [http-bio-8081-exec-1] INFO  - Korisnik Djordje Mutic se prijavio.
 0 [http-bio-8081-exec-1] INFO  - Korisnik Djordje Mutic se prijavio.
 0 [http-bio-8081-exec-9] INFO  - Korisnik Djordje Mutic se prijavio.
 0 [http-bio-8081-exec-5] INFO  - Korisnik Djordje Mutic se prijavio.
 0 [http-bio-8081-exec-3] INFO  - Korisnik Petar Peric se prijavio.
 25396 [http-bio-8081-exec-9] INFO  - Korisnik Djordje Mutic se prijavio.
 95145 [http-bio-8081-exec-1] INFO  - Korisnik Milan Mutic se prijavio.
 107081 [http-bio-8081-exec-2] INFO  - Korisnik Djordje Mutic se prijavio.
 120161 [http-bio-8081-exec-5] INFO  - Korisnik Milan Mutic se prijavio.
 0 [http-bio-8081-exec-7] INFO  - Korisnik Djordje Mutic se prijavio.
 78848 [http-bio-8081-exec-6] INFO  - Korisnik Milan Mutic se prijavio.
 152507 [http-bio-8081-exec-7] INFO  - Korisnik Djordje Mutic se prijavio.
 171455 [http-bio-8081-exec-7] INFO  - Korisnik Milan Mutic se prijavio.
 432317 [http-bio-8081-exec-5] INFO  - Korisnik Petar Peric se prijavio.
 501631 [http-bio-8081-exec-9] INFO  - Korisnik Petar Peric se prijavio.
 1138750 [http-bio-8081-exec-7] INFO  - Korisnik Silvester Takac se prijavio.
 1161203 [http-bio-8081-exec-8] INFO  - Korisnik Djordje Mutic se prijavio.
 0 [http-bio-8081-exec-8] INFO  - Korisnik Petar Peric se prijavio.
 27541 [http-bio-8081-exec-8] INFO  - Korisnik Petar Peric se prijavio.
 0 [http-bio-8081-exec-2] INFO  - Korisnik Petar Peric se prijavio.
 6858 [http-bio-8081-exec-6] INFO  - Korisnik Petar Peric se prijavio.
 0 [http-bio-8081-exec-2] INFO  - Korisnik Petar Peric se prijavio.
 12828 [http-bio-8081-exec-6] INFO  - Korisnik Zika Zikic se prijavio.
 0 [http-bio-8081-exec-6] INFO  - Korisnik Petar Peric se prijavio.
 50501 [http-bio-8081-exec-8] INFO  - Korisnik Zika Zikic se prijavio.
 0 [http-bio-8081-exec-6] INFO  - Korisnik Petar Peric se prijavio.
 3351 [http-bio-8081-exec-10] INFO  - Korisnik Zika Zikic se prijavio.
 0 [http-bio-8081-exec-4] INFO  - Korisnik Petar Peric se prijavio.
 106096 [http-bio-8081-exec-1] INFO  - Korisnik Todor Veselinovic se prijavio.
 231589 [http-bio-8081-exec-10] INFO  - Korisnik Novak Novic se prijavio.
 0 [http-bio-8081-exec-9] INFO  - Korisnik Zika Zikic se prijavio.
 32774 [http-bio-8081-exec-1] INFO  - Korisnik Petar Peric se prijavio.
 0 [http-bio-8081-exec-8] INFO  - Korisnik Petar Peric se prijavio.
 60515 [http-bio-8081-exec-9] INFO  - Korisnik Petar Peric se prijavio.
 74235 [http-bio-8081-exec-7] INFO  - Korisnik Zika Zikic se prijavio.
 0 [http-bio-8081-exec-8] INFO  - Korisnik Petar Peric se prijavio.
 66428 [http-bio-8081-exec-3] INFO  - Korisnik Zika Zikic se prijavio.
 0 [http-bio-8081-exec-8] INFO  - Korisnik Petar Peric se prijavio.
 0 [http-bio-8081-exec-2] INFO  - Korisnik Petar Peric se prijavio.
 73107 [http-bio-8081-exec-9] INFO  - Korisnik Zika Zikic se prijavio.
 259088 [http-bio-8081-exec-8] INFO  - Korisnik Petar Peric se prijavio.
 332964 [http-bio-8081-exec-10] INFO  - Korisnik Petar Nikezic se prijavio.
 0 [http-bio-8081-exec-9] INFO  - Korisnik Petar Peric se prijavio.
 100 [http-bio-8081-exec-5] INFO  - Korisnik Petar Peric se prijavio.
 0 [http-bio-8081-exec-10] INFO  - Korisnik Petar Peric se prijavio.
 0 [http-bio-8081-exec-6] INFO  - Korisnik Petar Peric se prijavio.
 228811 [http-bio-8081-exec-5] INFO  - Korisnik Silvester Takac se prijavio.
 283267 [http-bio-8081-exec-2] INFO  - Korisnik Petar Peric se prijavio.
 326268 [http-bio-8081-exec-8] INFO  - Korisnik Zika Zikic se prijavio.
 512241 [http-bio-8081-exec-10] INFO  - Korisnik Silvester Takac se prijavio.
 531678 [http-bio-8081-exec-10] INFO  - Korisnik Petar Peric se prijavio.
 596818 [http-bio-8081-exec-8] INFO  - Korisnik Petar Nikezic se prijavio.
 636444 [http-bio-8081-exec-8] INFO  - Korisnik Petar Peric se prijavio.
 0 [http-bio-8081-exec-2] INFO  - Korisnik Petar Peric se prijavio.
 199269 [http-bio-8081-exec-2] INFO  - Korisnik Petar Nikezic se prijavio.
 308112 [http-bio-8081-exec-1] INFO  - Korisnik Milan Mutic se prijavio.
 800486 [http-bio-8081-exec-1] INFO  - Korisnik Silvester Takac se prijavio.
 836218 [http-bio-8081-exec-1] INFO  - Korisnik Silvester Takac se prijavio.
 878905 [http-bio-8081-exec-10] INFO  - Korisnik Petar Peric se prijavio.
 979379 [http-bio-8081-exec-8] INFO  - Korisnik Silvester Takac se prijavio.
 994350 [http-bio-8081-exec-2] INFO  - Korisnik Petar Peric se prijavio.
 1003005 [http-bio-8081-exec-2] INFO  - Korisnik Djordje Mutic se prijavio.
 1097747 [http-bio-8081-exec-6] INFO  - Korisnik Milan Mutic se prijavio.
 1108383 [http-bio-8081-exec-6] INFO  - Korisnik Djordje Mutic se prijavio.
 1108562 [http-bio-8081-exec-8] INFO  - Korisnik Djordje Mutic se prijavio.
 1271375 [http-bio-8081-exec-1] INFO  - Korisnik Novak Novic se prijavio.
 0 [http-bio-8081-exec-6] INFO  - Korisnik Petar Peric se prijavio.
 0 [http-bio-8081-exec-10] INFO  - Korisnik Petar Peric se prijavio.
 263853 [http-bio-8081-exec-7] INFO  - Korisnik Zika Zikic se prijavio.
 343890 [http-bio-8081-exec-9] INFO  - Korisnik Zika Zikic se prijavio.
 804548 [http-bio-8081-exec-1] INFO  - Korisnik Novak Novic se prijavio.
 859660 [http-bio-8081-exec-2] INFO  - Korisnik Petar Peric se prijavio.
 1002562 [http-bio-8081-exec-9] INFO  - Korisnik Milan Mutic se prijavio.
 1079355 [http-bio-8081-exec-1] INFO  - Korisnik Djordje Mutic se prijavio.
 1142205 [http-bio-8081-exec-5] INFO  - Korisnik Petar Peric se prijavio.
 0 [http-bio-8081-exec-9] INFO  - Korisnik Petar Peric se prijavio.
 0 [http-bio-8081-exec-7] INFO  - Korisnik Petar Peric se prijavio.
 0 [http-bio-8081-exec-6] INFO  - Korisnik Petar Peric se prijavio.
 0 [http-bio-8081-exec-4] INFO  - Korisnik Petar Peric se prijavio.
 0 [http-bio-8081-exec-6] INFO  - Korisnik Petar Peric se prijavio.
 0 [http-bio-8081-exec-6] INFO  - Korisnik Petar Peric se prijavio.
 44677 [http-bio-8081-exec-10] INFO  - Korisnik Petar Nikezic se prijavio.
 60039 [http-bio-8081-exec-10] INFO  - Korisnik Todor Veselinovic se prijavio.
 108087 [http-bio-8081-exec-10] INFO  - Korisnik Petar Peric se prijavio.
 127226 [http-bio-8081-exec-10] INFO  - Korisnik Djordje Mutic se prijavio.
 139259 [http-bio-8081-exec-10] INFO  - Korisnik Milan Mutic se prijavio.
 185067 [http-bio-8081-exec-9] INFO  - Korisnik Petar Peric se prijavio.
 185212 [http-bio-8081-exec-4] INFO  - Korisnik Petar Peric se prijavio.
 592961 [http-bio-8081-exec-2] INFO  - Korisnik Petar Nikezic se prijavio.
 633259 [http-bio-8081-exec-6] INFO  - Korisnik Petar Peric se prijavio.
 0 [http-bio-8081-exec-7] INFO  - Korisnik Petar Peric se prijavio.
 103283 [http-bio-8081-exec-8] INFO  - Korisnik Djordje Mutic se prijavio.
 115408 [http-bio-8081-exec-8] INFO  - Korisnik Milan Mutic se prijavio.
 132339 [http-bio-8081-exec-8] INFO  - Korisnik Djordje Mutic se prijavio.
 142238 [http-bio-8081-exec-8] INFO  - Korisnik Mare Maric se prijavio.
 0 [http-bio-8081-exec-6] INFO  - Korisnik Petar Peric se prijavio.
 58411 [http-bio-8081-exec-6] INFO  - Korisnik Milan Mutic se prijavio.
 108371 [http-bio-8081-exec-2] INFO  - Korisnik Djordje Mutic se prijavio.
 145923 [http-bio-8081-exec-2] INFO  - Korisnik Milan Mutic se prijavio.
 0 [http-bio-8081-exec-10] INFO  - Korisnik Petar Peric se prijavio.
 367240 [http-bio-8081-exec-1] INFO  - Korisnik Djordje Mutic se prijavio.
 483859 [http-bio-8081-exec-9] INFO  - Korisnik Mane Manic se prijavio.
 698105 [http-bio-8081-exec-2] INFO  - Korisnik Petar Peric se prijavio.
 1 [http-bio-8081-exec-3] INFO  - Korisnik Djordje Mutic se prijavio.
 0 [http-bio-8081-exec-7] INFO  - Korisnik Djordje Mutic se prijavio.
 198317 [http-bio-8081-exec-5] INFO  - Korisnik Neki Nekic se prijavio.
 395418 [http-bio-8081-exec-10] INFO  - Korisnik Petar Peric se prijavio.
 721116 [http-bio-8081-exec-8] INFO  - Korisnik Petar Peric se prijavio.
 1227334 [http-bio-8081-exec-6] INFO  - Korisnik Mane Manic se prijavio.
 0 [http-bio-8081-exec-9] INFO  - Korisnik Petar Peric se prijavio.
 638005 [http-bio-8081-exec-7] INFO  - Korisnik Djordje Mutic se prijavio.
 706356 [http-bio-8081-exec-5] INFO  - Korisnik Mane Manic se prijavio.
 0 [http-bio-8081-exec-7] INFO  - Korisnik Neki Nekic se prijavio.
 767253 [http-bio-8081-exec-4] INFO  - Korisnik Nikola Gajic se prijavio.
 855616 [http-bio-8081-exec-7] INFO  - Korisnik Zika Zikic se prijavio.
 